d:\programming\bullet\bullet3-2.88\build3\vs2010\obj\x64\debug\pybullet_pdcontrolplugin\posixsharedmemory.obj
d:\programming\bullet\bullet3-2.88\build3\vs2010\obj\x64\debug\pybullet_pdcontrolplugin\physicsclientsharedmemory.obj
d:\programming\bullet\bullet3-2.88\build3\vs2010\obj\x64\debug\pybullet_pdcontrolplugin\physicsclient.obj
d:\programming\bullet\bullet3-2.88\build3\vs2010\obj\x64\debug\pybullet_pdcontrolplugin\b3resourcepath.obj
d:\programming\bullet\bullet3-2.88\build3\vs2010\obj\x64\debug\pybullet_pdcontrolplugin\b3robotsimulatorclientapi_nodirect.obj
d:\programming\bullet\bullet3-2.88\build3\vs2010\obj\x64\debug\pybullet_pdcontrolplugin\physicsclientsharedmemory_c_api.obj
d:\programming\bullet\bullet3-2.88\build3\vs2010\obj\x64\debug\pybullet_pdcontrolplugin\b3clock.obj
d:\programming\bullet\bullet3-2.88\build3\vs2010\obj\x64\debug\pybullet_pdcontrolplugin\pdcontrolplugin.obj
d:\programming\bullet\bullet3-2.88\build3\vs2010\obj\x64\debug\pybullet_pdcontrolplugin\physicsclientc_api.obj
d:\programming\bullet\bullet3-2.88\build3\vs2010\obj\x64\debug\pybullet_pdcontrolplugin\win32sharedmemory.obj
d:\programming\bullet\bullet3-2.88\bin\pybullet_pdcontrolplugin_vs2010_x64_debug.pdb
d:\programming\bullet\bullet3-2.88\bin\pybullet_pdcontrolplugin_vs2010_x64_debug.ilk
d:\programming\bullet\bullet3-2.88\bin\pybullet_pdcontrolplugin_vs2010_x64_debug.dll
d:\programming\bullet\bullet3-2.88\bin\lnk{512325e6-e575-49ee-bcf6-125da0524418}.tmp
d:\programming\bullet\bullet3-2.88\bin\pybullet_pdcontrolplugin_vs2010_x64_debug.lib
d:\programming\bullet\bullet3-2.88\bin\pybullet_pdcontrolplugin_vs2010_x64_debug.exp
d:\programming\bullet\bullet3-2.88\build3\vs2010\..\..\bin\pybullet_pdcontrolplugin_vs2010_x64_debug.dll
d:\programming\bullet\bullet3-2.88\build3\vs2010\obj\x64\debug\pybullet_pdcontrolplugin\pybullet.4feb551a.tlog\cl.17372.write.1.tlog
d:\programming\bullet\bullet3-2.88\build3\vs2010\obj\x64\debug\pybullet_pdcontrolplugin\pybullet.4feb551a.tlog\cl.command.1.tlog
d:\programming\bullet\bullet3-2.88\build3\vs2010\obj\x64\debug\pybullet_pdcontrolplugin\pybullet.4feb551a.tlog\cl.read.1.tlog
d:\programming\bullet\bullet3-2.88\build3\vs2010\obj\x64\debug\pybullet_pdcontrolplugin\pybullet.4feb551a.tlog\link.command.1.tlog
d:\programming\bullet\bullet3-2.88\build3\vs2010\obj\x64\debug\pybullet_pdcontrolplugin\pybullet.4feb551a.tlog\link.delete.1.tlog
d:\programming\bullet\bullet3-2.88\build3\vs2010\obj\x64\debug\pybullet_pdcontrolplugin\pybullet.4feb551a.tlog\link.read.1.tlog
d:\programming\bullet\bullet3-2.88\build3\vs2010\obj\x64\debug\pybullet_pdcontrolplugin\pybullet.4feb551a.tlog\link.write.1.tlog
d:\programming\bullet\bullet3-2.88\build3\vs2010\obj\x64\debug\pybullet_pdcontrolplugin\pybullet.4feb551a.tlog\pybullet_pdcontrolplugin.write.1u.tlog
