d:\programming\bullet\bullet3-2.88\build3\vs2010\obj\x64\debug\pybullet_tinyrendererplugin\loadmeshfromobj.obj
d:\programming\bullet\bullet3-2.88\build3\vs2010\obj\x64\debug\pybullet_tinyrendererplugin\tinyxml2.obj
d:\programming\bullet\bullet3-2.88\build3\vs2010\obj\x64\debug\pybullet_tinyrendererplugin\tinyrendererplugin.obj
d:\programming\bullet\bullet3-2.88\build3\vs2010\obj\x64\debug\pybullet_tinyrendererplugin\model.obj
d:\programming\bullet\bullet3-2.88\build3\vs2010\obj\x64\debug\pybullet_tinyrendererplugin\b3clock.obj
d:\programming\bullet\bullet3-2.88\build3\vs2010\obj\x64\debug\pybullet_tinyrendererplugin\loadmeshfromcollada.obj
d:\programming\bullet\bullet3-2.88\build3\vs2010\obj\x64\debug\pybullet_tinyrendererplugin\stb_image.obj
d:\programming\bullet\bullet3-2.88\build3\vs2010\obj\x64\debug\pybullet_tinyrendererplugin\b3resourcepath.obj
d:\programming\bullet\bullet3-2.88\build3\vs2010\obj\x64\debug\pybullet_tinyrendererplugin\b3importmeshutility.obj
d:\programming\bullet\bullet3-2.88\build3\vs2010\obj\x64\debug\pybullet_tinyrendererplugin\tgaimage.obj
d:\programming\bullet\bullet3-2.88\build3\vs2010\obj\x64\debug\pybullet_tinyrendererplugin\our_gl.obj
d:\programming\bullet\bullet3-2.88\build3\vs2010\obj\x64\debug\pybullet_tinyrendererplugin\simplecamera.obj
d:\programming\bullet\bullet3-2.88\build3\vs2010\obj\x64\debug\pybullet_tinyrendererplugin\tinyrenderervisualshapeconverter.obj
d:\programming\bullet\bullet3-2.88\build3\vs2010\obj\x64\debug\pybullet_tinyrendererplugin\wavefront2glinstancegraphicsshape.obj
d:\programming\bullet\bullet3-2.88\build3\vs2010\obj\x64\debug\pybullet_tinyrendererplugin\tiny_obj_loader.obj
d:\programming\bullet\bullet3-2.88\build3\vs2010\obj\x64\debug\pybullet_tinyrendererplugin\geometry.obj
d:\programming\bullet\bullet3-2.88\build3\vs2010\obj\x64\debug\pybullet_tinyrendererplugin\tinyrenderer.obj
d:\programming\bullet\bullet3-2.88\bin\pybullet_tinyrendererplugin_vs2010_x64_debug.pdb
d:\programming\bullet\bullet3-2.88\bin\pybullet_tinyrendererplugin_vs2010_x64_debug.ilk
d:\programming\bullet\bullet3-2.88\bin\pybullet_tinyrendererplugin_vs2010_x64_debug.dll
d:\programming\bullet\bullet3-2.88\bin\lnk{dae60d18-5309-41b5-935d-907ff2171a40}.tmp
d:\programming\bullet\bullet3-2.88\bin\pybullet_tinyrendererplugin_vs2010_x64_debug.lib
d:\programming\bullet\bullet3-2.88\bin\pybullet_tinyrendererplugin_vs2010_x64_debug.exp
d:\programming\bullet\bullet3-2.88\build3\vs2010\..\..\bin\pybullet_tinyrendererplugin_vs2010_x64_debug.dll
d:\programming\bullet\bullet3-2.88\build3\vs2010\obj\x64\debug\pybullet_tinyrendererplugin\pybullet.e42dcd33.tlog\cl.17608.write.1.tlog
d:\programming\bullet\bullet3-2.88\build3\vs2010\obj\x64\debug\pybullet_tinyrendererplugin\pybullet.e42dcd33.tlog\cl.command.1.tlog
d:\programming\bullet\bullet3-2.88\build3\vs2010\obj\x64\debug\pybullet_tinyrendererplugin\pybullet.e42dcd33.tlog\cl.read.1.tlog
d:\programming\bullet\bullet3-2.88\build3\vs2010\obj\x64\debug\pybullet_tinyrendererplugin\pybullet.e42dcd33.tlog\link.command.1.tlog
d:\programming\bullet\bullet3-2.88\build3\vs2010\obj\x64\debug\pybullet_tinyrendererplugin\pybullet.e42dcd33.tlog\link.delete.1.tlog
d:\programming\bullet\bullet3-2.88\build3\vs2010\obj\x64\debug\pybullet_tinyrendererplugin\pybullet.e42dcd33.tlog\link.read.1.tlog
d:\programming\bullet\bullet3-2.88\build3\vs2010\obj\x64\debug\pybullet_tinyrendererplugin\pybullet.e42dcd33.tlog\link.write.1.tlog
d:\programming\bullet\bullet3-2.88\build3\vs2010\obj\x64\debug\pybullet_tinyrendererplugin\pybullet.e42dcd33.tlog\pybullet_tinyrendererplugin.write.1u.tlog
