d:\programming\bullet\bullet3-2.88\build3\vs2010\obj\x64\release\bullet3opencl_clew\clew.obj
d:\programming\bullet\bullet3-2.88\build3\vs2010\obj\x64\release\bullet3opencl_clew\b3gpuparallellinearbvhbroadphase.obj
d:\programming\bullet\bullet3-2.88\build3\vs2010\obj\x64\release\bullet3opencl_clew\b3quantizedbvh.obj
d:\programming\bullet\bullet3-2.88\build3\vs2010\obj\x64\release\bullet3opencl_clew\b3radixsort32cl.obj
d:\programming\bullet\bullet3-2.88\build3\vs2010\obj\x64\release\bullet3opencl_clew\b3solver.obj
d:\programming\bullet\bullet3-2.88\build3\vs2010\obj\x64\release\bullet3opencl_clew\b3convexhullcontact.obj
d:\programming\bullet\bullet3-2.88\build3\vs2010\obj\x64\release\bullet3opencl_clew\b3gpugridbroadphase.obj
d:\programming\bullet\bullet3-2.88\build3\vs2010\obj\x64\release\bullet3opencl_clew\b3triangleindexvertexarray.obj
d:\programming\bullet\bullet3-2.88\build3\vs2010\obj\x64\release\bullet3opencl_clew\b3launchercl.obj
d:\programming\bullet\bullet3-2.88\build3\vs2010\obj\x64\release\bullet3opencl_clew\b3gpujacobicontactsolver.obj
d:\programming\bullet\bullet3-2.88\build3\vs2010\obj\x64\release\bullet3opencl_clew\b3optimizedbvh.obj
d:\programming\bullet\bullet3-2.88\build3\vs2010\obj\x64\release\bullet3opencl_clew\b3stridingmeshinterface.obj
d:\programming\bullet\bullet3-2.88\build3\vs2010\obj\x64\release\bullet3opencl_clew\b3boundsearchcl.obj
d:\programming\bullet\bullet3-2.88\build3\vs2010\obj\x64\release\bullet3opencl_clew\b3gpuraycast.obj
d:\programming\bullet\bullet3-2.88\build3\vs2010\obj\x64\release\bullet3opencl_clew\b3contactcache.obj
d:\programming\bullet\bullet3-2.88\build3\vs2010\obj\x64\release\bullet3opencl_clew\b3gjkepa.obj
d:\programming\bullet\bullet3-2.88\build3\vs2010\obj\x64\release\bullet3opencl_clew\b3voronoisimplexsolver.obj
d:\programming\bullet\bullet3-2.88\build3\vs2010\obj\x64\release\bullet3opencl_clew\b3prefixscanfloat4cl.obj
d:\programming\bullet\bullet3-2.88\build3\vs2010\obj\x64\release\bullet3opencl_clew\b3gpupgscontactsolver.obj
d:\programming\bullet\bullet3-2.88\build3\vs2010\obj\x64\release\bullet3opencl_clew\b3gpuparallellinearbvh.obj
d:\programming\bullet\bullet3-2.88\build3\vs2010\obj\x64\release\bullet3opencl_clew\b3trianglecallback.obj
d:\programming\bullet\bullet3-2.88\build3\vs2010\obj\x64\release\bullet3opencl_clew\b3prefixscancl.obj
d:\programming\bullet\bullet3-2.88\build3\vs2010\obj\x64\release\bullet3opencl_clew\b3gpupgsconstraintsolver.obj
d:\programming\bullet\bullet3-2.88\build3\vs2010\obj\x64\release\bullet3opencl_clew\b3gpusapbroadphase.obj
d:\programming\bullet\bullet3-2.88\build3\vs2010\obj\x64\release\bullet3opencl_clew\b3fillcl.obj
d:\programming\bullet\bullet3-2.88\build3\vs2010\obj\x64\release\bullet3opencl_clew\b3gpunarrowphase.obj
d:\programming\bullet\bullet3-2.88\build3\vs2010\obj\x64\release\bullet3opencl_clew\b3openclutils.obj
d:\programming\bullet\bullet3-2.88\build3\vs2010\obj\x64\release\bullet3opencl_clew\b3gpugenericconstraint.obj
d:\programming\bullet\bullet3-2.88\build3\vs2010\obj\x64\release\bullet3opencl_clew\b3gpurigidbodypipeline.obj
d:\programming\bullet\bullet3-2.88\bin\bullet3opencl_clew_vs2010_x64_release.lib
d:\programming\bullet\bullet3-2.88\build3\vs2010\..\..\bin\bullet3opencl_clew_vs2010_x64_release.lib
d:\programming\bullet\bullet3-2.88\build3\vs2010\obj\x64\release\bullet3opencl_clew\bullet3o.0b06fd7f.tlog\cl.command.1.tlog
d:\programming\bullet\bullet3-2.88\build3\vs2010\obj\x64\release\bullet3opencl_clew\bullet3o.0b06fd7f.tlog\cl.read.1.tlog
d:\programming\bullet\bullet3-2.88\build3\vs2010\obj\x64\release\bullet3opencl_clew\bullet3o.0b06fd7f.tlog\cl.write.1.tlog
d:\programming\bullet\bullet3-2.88\build3\vs2010\obj\x64\release\bullet3opencl_clew\bullet3o.0b06fd7f.tlog\lib-link.read.1.tlog
d:\programming\bullet\bullet3-2.88\build3\vs2010\obj\x64\release\bullet3opencl_clew\bullet3o.0b06fd7f.tlog\lib-link.write.1.tlog
d:\programming\bullet\bullet3-2.88\build3\vs2010\obj\x64\release\bullet3opencl_clew\bullet3o.0b06fd7f.tlog\lib.command.1.tlog
