cl : Command line warning D9002: ignoring unknown option '/arch:SSE2'
cl : Command line warning D9002: ignoring unknown option '/arch:SSE2'
  main.cpp
cl : Command line warning D9002: ignoring unknown option '/arch:SSE2'
  PhysicsClient.cpp
cl : Command line warning D9002: ignoring unknown option '/arch:SSE2'
  PhysicsDirect.cpp
cl : Command line warning D9002: ignoring unknown option '/arch:SSE2'
  SharedMemoryCommandProcessor.cpp
cl : Command line warning D9002: ignoring unknown option '/arch:SSE2'
  PhysicsClientC_API.cpp
cl : Command line warning D9002: ignoring unknown option '/arch:SSE2'
  Win32SharedMemory.cpp
cl : Command line warning D9002: ignoring unknown option '/arch:SSE2'
  PosixSharedMemory.cpp
cl : Command line warning D9002: ignoring unknown option '/arch:SSE2'
  b3ResourcePath.cpp
  b3Clock.cpp
d:\programming\bullet\bullet3-2.88\src\bullet3common\b3commandlineargs.h(96): warning C4996: 'strcpy': This function or variable may be unsafe. Consider using strcpy_s instead. To disable deprecation, use _CRT_SECURE_NO_WARNINGS. See online help for details. (compiling source file ..\..\examples\SharedMemory\udp\main.cpp)
  c:\program files (x86)\windows kits\10\include\10.0.17763.0\ucrt\string.h(133): note: see declaration of 'strcpy' (compiling source file ..\..\examples\SharedMemory\udp\main.cpp)
d:\programming\bullet\bullet3-2.88\examples\sharedmemory\udp\main.cpp(133): warning C4477: 'printf' : format string '%s' requires an argument of type 'char *', but variadic argument 3 has type 'void *'
d:\programming\bullet\bullet3-2.88\examples\sharedmemory\udp\main.cpp(235): warning C4477: 'printf' : format string '%s' requires an argument of type 'char *', but variadic argument 1 has type 'void *'
     Creating library ..\..\bin\App_PhysicsServerSharedMemoryBridgeUDP_vs2010_x64_release.lib and object ..\..\bin\App_PhysicsServerSharedMemoryBridgeUDP_vs2010_x64_release.exp
  App_PhysicsServerSharedMemoryBridgeUDP.vcxproj -> D:\Programming\Bullet\bullet3-2.88\build3\vs2010\..\..\bin\App_PhysicsServerSharedMemoryBridgeUDP_vs2010_x64_release.exe
