d:\programming\bullet\bullet3-2.88\bin\app_physicsserver_sharedmemory_gui_vs2010_x64_debug.lib
d:\programming\bullet\bullet3-2.88\bin\app_physicsserver_sharedmemory_gui_vs2010_x64_debug.exp
d:\programming\bullet\bullet3-2.88\bin\app_physicsserver_sharedmemory_gui_vs2010_x64_debug.pdb
d:\programming\bullet\bullet3-2.88\build3\vs2010\obj\x64\debug\app_physicsserver_sharedmemory_gui\gl.obj
d:\programming\bullet\bullet3-2.88\build3\vs2010\obj\x64\debug\app_physicsserver_sharedmemory_gui\geometry.obj
d:\programming\bullet\bullet3-2.88\build3\vs2010\obj\x64\debug\app_physicsserver_sharedmemory_gui\physicsclient.obj
d:\programming\bullet\bullet3-2.88\build3\vs2010\obj\x64\debug\app_physicsserver_sharedmemory_gui\physicsclientsharedmemory.obj
d:\programming\bullet\bullet3-2.88\build3\vs2010\obj\x64\debug\app_physicsserver_sharedmemory_gui\physicsdirectc_api.obj
d:\programming\bullet\bullet3-2.88\build3\vs2010\obj\x64\debug\app_physicsserver_sharedmemory_gui\physicsclientsharedmemory2_c_api.obj
d:\programming\bullet\bullet3-2.88\build3\vs2010\obj\x64\debug\app_physicsserver_sharedmemory_gui\collisionfilterplugin.obj
d:\programming\bullet\bullet3-2.88\build3\vs2010\obj\x64\debug\app_physicsserver_sharedmemory_gui\bulletmjcfimporter.obj
d:\programming\bullet\bullet3-2.88\build3\vs2010\obj\x64\debug\app_physicsserver_sharedmemory_gui\loadmeshfromobj.obj
d:\programming\bullet\bullet3-2.88\build3\vs2010\obj\x64\debug\app_physicsserver_sharedmemory_gui\main_opengl_single_example.obj
d:\programming\bullet\bullet3-2.88\build3\vs2010\obj\x64\debug\app_physicsserver_sharedmemory_gui\tinyrenderer.obj
d:\programming\bullet\bullet3-2.88\build3\vs2010\obj\x64\debug\app_physicsserver_sharedmemory_gui\physicsserver.obj
d:\programming\bullet\bullet3-2.88\build3\vs2010\obj\x64\debug\app_physicsserver_sharedmemory_gui\posixsharedmemory.obj
d:\programming\bullet\bullet3-2.88\build3\vs2010\obj\x64\debug\app_physicsserver_sharedmemory_gui\physicsloopback.obj
d:\programming\bullet\bullet3-2.88\build3\vs2010\obj\x64\debug\app_physicsserver_sharedmemory_gui\physicsservercommandprocessor.obj
d:\programming\bullet\bullet3-2.88\build3\vs2010\obj\x64\debug\app_physicsserver_sharedmemory_gui\btbulletfile.obj
d:\programming\bullet\bullet3-2.88\build3\vs2010\obj\x64\debug\app_physicsserver_sharedmemory_gui\tiny_obj_loader.obj
d:\programming\bullet\bullet3-2.88\build3\vs2010\obj\x64\debug\app_physicsserver_sharedmemory_gui\tinyrenderervisualshapeconverter.obj
d:\programming\bullet\bullet3-2.88\build3\vs2010\obj\x64\debug\app_physicsserver_sharedmemory_gui\inprocessmemory.obj
d:\programming\bullet\bullet3-2.88\build3\vs2010\obj\x64\debug\app_physicsserver_sharedmemory_gui\sharedmemorycommandprocessor.obj
d:\programming\bullet\bullet3-2.88\build3\vs2010\obj\x64\debug\app_physicsserver_sharedmemory_gui\urdfparser.obj
d:\programming\bullet\bullet3-2.88\build3\vs2010\obj\x64\debug\app_physicsserver_sharedmemory_gui\b3resourcepath.obj
d:\programming\bullet\bullet3-2.88\build3\vs2010\obj\x64\debug\app_physicsserver_sharedmemory_gui\bfile.obj
d:\programming\bullet\bullet3-2.88\build3\vs2010\obj\x64\debug\app_physicsserver_sharedmemory_gui\b3importmeshutility.obj
d:\programming\bullet\bullet3-2.88\build3\vs2010\obj\x64\debug\app_physicsserver_sharedmemory_gui\b3robotsimulatorclientapi_nodirect.obj
d:\programming\bullet\bullet3-2.88\build3\vs2010\obj\x64\debug\app_physicsserver_sharedmemory_gui\physicsserversharedmemory.obj
d:\programming\bullet\bullet3-2.88\build3\vs2010\obj\x64\debug\app_physicsserver_sharedmemory_gui\physicsclientsharedmemory2.obj
d:\programming\bullet\bullet3-2.88\build3\vs2010\obj\x64\debug\app_physicsserver_sharedmemory_gui\mymultibodycreator.obj
d:\programming\bullet\bullet3-2.88\build3\vs2010\obj\x64\debug\app_physicsserver_sharedmemory_gui\robotloggingutil.obj
d:\programming\bullet\bullet3-2.88\build3\vs2010\obj\x64\debug\app_physicsserver_sharedmemory_gui\bdna.obj
d:\programming\bullet\bullet3-2.88\build3\vs2010\obj\x64\debug\app_physicsserver_sharedmemory_gui\loadmeshfromcollada.obj
d:\programming\bullet\bullet3-2.88\build3\vs2010\obj\x64\debug\app_physicsserver_sharedmemory_gui\gl_shapedrawer.obj
d:\programming\bullet\bullet3-2.88\build3\vs2010\obj\x64\debug\app_physicsserver_sharedmemory_gui\tgaimage.obj
d:\programming\bullet\bullet3-2.88\build3\vs2010\obj\x64\debug\app_physicsserver_sharedmemory_gui\physicsserverexamplebullet2.obj
d:\programming\bullet\bullet3-2.88\build3\vs2010\obj\x64\debug\app_physicsserver_sharedmemory_gui\win32sharedmemory.obj
d:\programming\bullet\bullet3-2.88\build3\vs2010\obj\x64\debug\app_physicsserver_sharedmemory_gui\physicsclientsharedmemory_c_api.obj
d:\programming\bullet\bullet3-2.88\build3\vs2010\obj\x64\debug\app_physicsserver_sharedmemory_gui\bulleturdfimporter.obj
d:\programming\bullet\bullet3-2.88\build3\vs2010\obj\x64\debug\app_physicsserver_sharedmemory_gui\btbulletworldimporter.obj
d:\programming\bullet\bullet3-2.88\build3\vs2010\obj\x64\debug\app_physicsserver_sharedmemory_gui\stb_image.obj
d:\programming\bullet\bullet3-2.88\build3\vs2010\obj\x64\debug\app_physicsserver_sharedmemory_gui\collisionshape2trianglemesh.obj
d:\programming\bullet\bullet3-2.88\build3\vs2010\obj\x64\debug\app_physicsserver_sharedmemory_gui\tinyrendererplugin.obj
d:\programming\bullet\bullet3-2.88\build3\vs2010\obj\x64\debug\app_physicsserver_sharedmemory_gui\iktrajectoryhelper.obj
d:\programming\bullet\bullet3-2.88\build3\vs2010\obj\x64\debug\app_physicsserver_sharedmemory_gui\physicsserverexample.obj
d:\programming\bullet\bullet3-2.88\build3\vs2010\obj\x64\debug\app_physicsserver_sharedmemory_gui\b3pluginmanager.obj
d:\programming\bullet\bullet3-2.88\build3\vs2010\obj\x64\debug\app_physicsserver_sharedmemory_gui\b3clock.obj
d:\programming\bullet\bullet3-2.88\build3\vs2010\obj\x64\debug\app_physicsserver_sharedmemory_gui\bchunk.obj
d:\programming\bullet\bullet3-2.88\build3\vs2010\obj\x64\debug\app_physicsserver_sharedmemory_gui\wavefront2glinstancegraphicsshape.obj
d:\programming\bullet\bullet3-2.88\build3\vs2010\obj\x64\debug\app_physicsserver_sharedmemory_gui\tinyxml2.obj
d:\programming\bullet\bullet3-2.88\build3\vs2010\obj\x64\debug\app_physicsserver_sharedmemory_gui\b3win32threadsupport.obj
d:\programming\bullet\bullet3-2.88\build3\vs2010\obj\x64\debug\app_physicsserver_sharedmemory_gui\our_gl.obj
d:\programming\bullet\bullet3-2.88\build3\vs2010\obj\x64\debug\app_physicsserver_sharedmemory_gui\physicsclientexample.obj
d:\programming\bullet\bullet3-2.88\build3\vs2010\obj\x64\debug\app_physicsserver_sharedmemory_gui\physicsloopbackc_api.obj
d:\programming\bullet\bullet3-2.88\build3\vs2010\obj\x64\debug\app_physicsserver_sharedmemory_gui\simplecamera.obj
d:\programming\bullet\bullet3-2.88\build3\vs2010\obj\x64\debug\app_physicsserver_sharedmemory_gui\urdfstringsplit.obj
d:\programming\bullet\bullet3-2.88\build3\vs2010\obj\x64\debug\app_physicsserver_sharedmemory_gui\chrometraceutil.obj
d:\programming\bullet\bullet3-2.88\build3\vs2010\obj\x64\debug\app_physicsserver_sharedmemory_gui\btmultibodyworldimporter.obj
d:\programming\bullet\bullet3-2.88\build3\vs2010\obj\x64\debug\app_physicsserver_sharedmemory_gui\stb_image_write.obj
d:\programming\bullet\bullet3-2.88\build3\vs2010\obj\x64\debug\app_physicsserver_sharedmemory_gui\b3threadsupportinterface.obj
d:\programming\bullet\bullet3-2.88\build3\vs2010\obj\x64\debug\app_physicsserver_sharedmemory_gui\model.obj
d:\programming\bullet\bullet3-2.88\build3\vs2010\obj\x64\debug\app_physicsserver_sharedmemory_gui\physicsclientc_api.obj
d:\programming\bullet\bullet3-2.88\build3\vs2010\obj\x64\debug\app_physicsserver_sharedmemory_gui\physicsdirect.obj
d:\programming\bullet\bullet3-2.88\build3\vs2010\obj\x64\debug\app_physicsserver_sharedmemory_gui\pdcontrolplugin.obj
d:\programming\bullet\bullet3-2.88\build3\vs2010\obj\x64\debug\app_physicsserver_sharedmemory_gui\urdf2bullet.obj
d:\programming\bullet\bullet3-2.88\build3\vs2010\obj\x64\debug\app_physicsserver_sharedmemory_gui\btworldimporter.obj
d:\programming\bullet\bullet3-2.88\build3\vs2010\obj\x64\debug\app_physicsserver_sharedmemory_gui\openglguihelper.obj
d:\programming\bullet\bullet3-2.88\bin\app_physicsserver_sharedmemory_gui_vs2010_x64_debug.ilk
d:\programming\bullet\bullet3-2.88\bin\app_physicsserver_sharedmemory_gui_vs2010_x64_debug.exe
d:\programming\bullet\bullet3-2.88\bin\lnk{e53b6d7e-2f2e-489b-85ee-ad68a97495e7}.tmp
d:\programming\bullet\bullet3-2.88\build3\vs2010\..\..\bin\app_physicsserver_sharedmemory_gui_vs2010_x64_debug.exe
d:\programming\bullet\bullet3-2.88\build3\vs2010\obj\x64\debug\app_physicsserver_sharedmemory_gui\app_phys.818b5fb3.tlog\app_physicsserver_sharedmemory_gui.write.1u.tlog
d:\programming\bullet\bullet3-2.88\build3\vs2010\obj\x64\debug\app_physicsserver_sharedmemory_gui\app_phys.818b5fb3.tlog\cl.command.1.tlog
d:\programming\bullet\bullet3-2.88\build3\vs2010\obj\x64\debug\app_physicsserver_sharedmemory_gui\app_phys.818b5fb3.tlog\cl.read.1.tlog
d:\programming\bullet\bullet3-2.88\build3\vs2010\obj\x64\debug\app_physicsserver_sharedmemory_gui\app_phys.818b5fb3.tlog\cl.write.1.tlog
d:\programming\bullet\bullet3-2.88\build3\vs2010\obj\x64\debug\app_physicsserver_sharedmemory_gui\app_phys.818b5fb3.tlog\link.command.1.tlog
d:\programming\bullet\bullet3-2.88\build3\vs2010\obj\x64\debug\app_physicsserver_sharedmemory_gui\app_phys.818b5fb3.tlog\link.delete.1.tlog
d:\programming\bullet\bullet3-2.88\build3\vs2010\obj\x64\debug\app_physicsserver_sharedmemory_gui\app_phys.818b5fb3.tlog\link.read.1.tlog
d:\programming\bullet\bullet3-2.88\build3\vs2010\obj\x64\debug\app_physicsserver_sharedmemory_gui\app_phys.818b5fb3.tlog\link.write.1.tlog
