d:\programming\bullet\bullet3-2.88\bin\bulletrobotics_vs2010_x64_debug.pdb
d:\programming\bullet\bullet3-2.88\build3\vs2010\obj\x64\debug\bulletrobotics\gl.obj
d:\programming\bullet\bullet3-2.88\build3\vs2010\obj\x64\debug\bulletrobotics\pdcontrolplugin.obj
d:\programming\bullet\bullet3-2.88\build3\vs2010\obj\x64\debug\bulletrobotics\geometry.obj
d:\programming\bullet\bullet3-2.88\build3\vs2010\obj\x64\debug\bulletrobotics\our_gl.obj
d:\programming\bullet\bullet3-2.88\build3\vs2010\obj\x64\debug\bulletrobotics\physicsserversharedmemory.obj
d:\programming\bullet\bullet3-2.88\build3\vs2010\obj\x64\debug\bulletrobotics\linearr2.obj
d:\programming\bullet\bullet3-2.88\build3\vs2010\obj\x64\debug\bulletrobotics\linearr4.obj
d:\programming\bullet\bullet3-2.88\build3\vs2010\obj\x64\debug\bulletrobotics\vectorrn.obj
d:\programming\bullet\bullet3-2.88\build3\vs2010\obj\x64\debug\bulletrobotics\loadmeshfromcollada.obj
d:\programming\bullet\bullet3-2.88\build3\vs2010\obj\x64\debug\bulletrobotics\bulleturdfimporter.obj
d:\programming\bullet\bullet3-2.88\build3\vs2010\obj\x64\debug\bulletrobotics\b3posixthreadsupport.obj
d:\programming\bullet\bullet3-2.88\build3\vs2010\obj\x64\debug\bulletrobotics\physicsclienttcp_c_api.obj
d:\programming\bullet\bullet3-2.88\build3\vs2010\obj\x64\debug\bulletrobotics\tinyrendererplugin.obj
d:\programming\bullet\bullet3-2.88\build3\vs2010\obj\x64\debug\bulletrobotics\tinyrenderervisualshapeconverter.obj
d:\programming\bullet\bullet3-2.88\build3\vs2010\obj\x64\debug\bulletrobotics\posixsharedmemory.obj
d:\programming\bullet\bullet3-2.88\build3\vs2010\obj\x64\debug\bulletrobotics\b3resourcepath.obj
d:\programming\bullet\bullet3-2.88\build3\vs2010\obj\x64\debug\bulletrobotics\collisionfilterplugin.obj
d:\programming\bullet\bullet3-2.88\build3\vs2010\obj\x64\debug\bulletrobotics\tgaimage.obj
d:\programming\bullet\bullet3-2.88\build3\vs2010\obj\x64\debug\bulletrobotics\physicsdirectc_api.obj
d:\programming\bullet\bullet3-2.88\build3\vs2010\obj\x64\debug\bulletrobotics\win32sharedmemory.obj
d:\programming\bullet\bullet3-2.88\build3\vs2010\obj\x64\debug\bulletrobotics\physicsclienttcp.obj
d:\programming\bullet\bullet3-2.88\build3\vs2010\obj\x64\debug\bulletrobotics\physicsserver.obj
d:\programming\bullet\bullet3-2.88\build3\vs2010\obj\x64\debug\bulletrobotics\physicsservercommandprocessor.obj
d:\programming\bullet\bullet3-2.88\build3\vs2010\obj\x64\debug\bulletrobotics\loadmeshfromobj.obj
d:\programming\bullet\bullet3-2.88\build3\vs2010\obj\x64\debug\bulletrobotics\mymultibodycreator.obj
d:\programming\bullet\bullet3-2.88\build3\vs2010\obj\x64\debug\bulletrobotics\b3importmeshutility.obj
d:\programming\bullet\bullet3-2.88\build3\vs2010\obj\x64\debug\bulletrobotics\physicsclientudp_c_api.obj
d:\programming\bullet\bullet3-2.88\build3\vs2010\obj\x64\debug\bulletrobotics\iktrajectoryhelper.obj
d:\programming\bullet\bullet3-2.88\build3\vs2010\obj\x64\debug\bulletrobotics\physicsclient.obj
d:\programming\bullet\bullet3-2.88\build3\vs2010\obj\x64\debug\bulletrobotics\physicsdirect.obj
d:\programming\bullet\bullet3-2.88\build3\vs2010\obj\x64\debug\bulletrobotics\tinyxml2.obj
d:\programming\bullet\bullet3-2.88\build3\vs2010\obj\x64\debug\bulletrobotics\stb_image.obj
d:\programming\bullet\bullet3-2.88\build3\vs2010\obj\x64\debug\bulletrobotics\linearr3.obj
d:\programming\bullet\bullet3-2.88\build3\vs2010\obj\x64\debug\bulletrobotics\misc.obj
d:\programming\bullet\bullet3-2.88\build3\vs2010\obj\x64\debug\bulletrobotics\node.obj
d:\programming\bullet\bullet3-2.88\build3\vs2010\obj\x64\debug\bulletrobotics\bulletmjcfimporter.obj
d:\programming\bullet\bullet3-2.88\build3\vs2010\obj\x64\debug\bulletrobotics\b3threadsupportinterface.obj
d:\programming\bullet\bullet3-2.88\build3\vs2010\obj\x64\debug\bulletrobotics\b3robotsimulatorclientapi_nogui.obj
d:\programming\bullet\bullet3-2.88\build3\vs2010\obj\x64\debug\bulletrobotics\model.obj
d:\programming\bullet\bullet3-2.88\build3\vs2010\obj\x64\debug\bulletrobotics\physicsclientsharedmemory.obj
d:\programming\bullet\bullet3-2.88\build3\vs2010\obj\x64\debug\bulletrobotics\chrometraceutil.obj
d:\programming\bullet\bullet3-2.88\build3\vs2010\obj\x64\debug\bulletrobotics\tiny_obj_loader.obj
d:\programming\bullet\bullet3-2.88\build3\vs2010\obj\x64\debug\bulletrobotics\jacobian.obj
d:\programming\bullet\bullet3-2.88\build3\vs2010\obj\x64\debug\bulletrobotics\matrixrmn.obj
d:\programming\bullet\bullet3-2.88\build3\vs2010\obj\x64\debug\bulletrobotics\tree.obj
d:\programming\bullet\bullet3-2.88\build3\vs2010\obj\x64\debug\bulletrobotics\wavefront2glinstancegraphicsshape.obj
d:\programming\bullet\bullet3-2.88\build3\vs2010\obj\x64\debug\bulletrobotics\urdf2bullet.obj
d:\programming\bullet\bullet3-2.88\build3\vs2010\obj\x64\debug\bulletrobotics\physicsclientudp.obj
d:\programming\bullet\bullet3-2.88\build3\vs2010\obj\x64\debug\bulletrobotics\inprocessmemory.obj
d:\programming\bullet\bullet3-2.88\build3\vs2010\obj\x64\debug\bulletrobotics\b3pluginmanager.obj
d:\programming\bullet\bullet3-2.88\build3\vs2010\obj\x64\debug\bulletrobotics\urdfstringsplit.obj
d:\programming\bullet\bullet3-2.88\build3\vs2010\obj\x64\debug\bulletrobotics\b3win32threadsupport.obj
d:\programming\bullet\bullet3-2.88\build3\vs2010\obj\x64\debug\bulletrobotics\b3robotsimulatorclientapi_nodirect.obj
d:\programming\bullet\bullet3-2.88\build3\vs2010\obj\x64\debug\bulletrobotics\simplecamera.obj
d:\programming\bullet\bullet3-2.88\build3\vs2010\obj\x64\debug\bulletrobotics\tinyrenderer.obj
d:\programming\bullet\bullet3-2.88\build3\vs2010\obj\x64\debug\bulletrobotics\physicsclientsharedmemory_c_api.obj
d:\programming\bullet\bullet3-2.88\build3\vs2010\obj\x64\debug\bulletrobotics\physicsclientc_api.obj
d:\programming\bullet\bullet3-2.88\build3\vs2010\obj\x64\debug\bulletrobotics\robotloggingutil.obj
d:\programming\bullet\bullet3-2.88\build3\vs2010\obj\x64\debug\bulletrobotics\b3clock.obj
d:\programming\bullet\bullet3-2.88\build3\vs2010\obj\x64\debug\bulletrobotics\urdfparser.obj
d:\programming\bullet\bullet3-2.88\bin\bulletrobotics_vs2010_x64_debug.lib
d:\programming\bullet\bullet3-2.88\build3\vs2010\..\..\bin\bulletrobotics_vs2010_x64_debug.lib
d:\programming\bullet\bullet3-2.88\build3\vs2010\obj\x64\debug\bulletrobotics\bulletrobotics.tlog\cl.command.1.tlog
d:\programming\bullet\bullet3-2.88\build3\vs2010\obj\x64\debug\bulletrobotics\bulletrobotics.tlog\cl.read.1.tlog
d:\programming\bullet\bullet3-2.88\build3\vs2010\obj\x64\debug\bulletrobotics\bulletrobotics.tlog\cl.write.1.tlog
d:\programming\bullet\bullet3-2.88\build3\vs2010\obj\x64\debug\bulletrobotics\bulletrobotics.tlog\lib-link.read.1.tlog
d:\programming\bullet\bullet3-2.88\build3\vs2010\obj\x64\debug\bulletrobotics\bulletrobotics.tlog\lib-link.write.1.tlog
d:\programming\bullet\bullet3-2.88\build3\vs2010\obj\x64\debug\bulletrobotics\bulletrobotics.tlog\lib.command.1.tlog
