d:\programming\bullet\bullet3-2.88\build3\vs2010\obj\x64\debug\pybullet_collisionfilterplugin\collisionfilterplugin.obj
d:\programming\bullet\bullet3-2.88\build3\vs2010\obj\x64\debug\pybullet_collisionfilterplugin\win32sharedmemory.obj
d:\programming\bullet\bullet3-2.88\build3\vs2010\obj\x64\debug\pybullet_collisionfilterplugin\physicsclientc_api.obj
d:\programming\bullet\bullet3-2.88\build3\vs2010\obj\x64\debug\pybullet_collisionfilterplugin\physicsclient.obj
d:\programming\bullet\bullet3-2.88\build3\vs2010\obj\x64\debug\pybullet_collisionfilterplugin\b3resourcepath.obj
d:\programming\bullet\bullet3-2.88\build3\vs2010\obj\x64\debug\pybullet_collisionfilterplugin\physicsclientsharedmemory_c_api.obj
d:\programming\bullet\bullet3-2.88\build3\vs2010\obj\x64\debug\pybullet_collisionfilterplugin\physicsclientsharedmemory.obj
d:\programming\bullet\bullet3-2.88\build3\vs2010\obj\x64\debug\pybullet_collisionfilterplugin\b3clock.obj
d:\programming\bullet\bullet3-2.88\build3\vs2010\obj\x64\debug\pybullet_collisionfilterplugin\posixsharedmemory.obj
d:\programming\bullet\bullet3-2.88\bin\pybullet_collisionfilterplugin_vs2010_x64_debug.pdb
d:\programming\bullet\bullet3-2.88\bin\pybullet_collisionfilterplugin_vs2010_x64_debug.ilk
d:\programming\bullet\bullet3-2.88\bin\pybullet_collisionfilterplugin_vs2010_x64_debug.dll
d:\programming\bullet\bullet3-2.88\bin\lnk{68761ef9-1b2f-4cbb-92bb-69d48b287c29}.tmp
d:\programming\bullet\bullet3-2.88\bin\pybullet_collisionfilterplugin_vs2010_x64_debug.lib
d:\programming\bullet\bullet3-2.88\bin\pybullet_collisionfilterplugin_vs2010_x64_debug.exp
d:\programming\bullet\bullet3-2.88\build3\vs2010\..\..\bin\pybullet_collisionfilterplugin_vs2010_x64_debug.dll
d:\programming\bullet\bullet3-2.88\build3\vs2010\obj\x64\debug\pybullet_collisionfilterplugin\pybullet.14d65e4b.tlog\cl.12252.write.1.tlog
d:\programming\bullet\bullet3-2.88\build3\vs2010\obj\x64\debug\pybullet_collisionfilterplugin\pybullet.14d65e4b.tlog\cl.command.1.tlog
d:\programming\bullet\bullet3-2.88\build3\vs2010\obj\x64\debug\pybullet_collisionfilterplugin\pybullet.14d65e4b.tlog\cl.read.1.tlog
d:\programming\bullet\bullet3-2.88\build3\vs2010\obj\x64\debug\pybullet_collisionfilterplugin\pybullet.14d65e4b.tlog\link.command.1.tlog
d:\programming\bullet\bullet3-2.88\build3\vs2010\obj\x64\debug\pybullet_collisionfilterplugin\pybullet.14d65e4b.tlog\link.delete.1.tlog
d:\programming\bullet\bullet3-2.88\build3\vs2010\obj\x64\debug\pybullet_collisionfilterplugin\pybullet.14d65e4b.tlog\link.read.1.tlog
d:\programming\bullet\bullet3-2.88\build3\vs2010\obj\x64\debug\pybullet_collisionfilterplugin\pybullet.14d65e4b.tlog\link.write.1.tlog
d:\programming\bullet\bullet3-2.88\build3\vs2010\obj\x64\debug\pybullet_collisionfilterplugin\pybullet.14d65e4b.tlog\pybullet_collisionfilterplugin.write.1u.tlog
