d:\programming\bullet\bullet3-2.88\build3\vs2010\obj\x64\debug\convexdecomposition\bestfit.obj
d:\programming\bullet\bullet3-2.88\build3\vs2010\obj\x64\debug\convexdecomposition\meshvolume.obj
d:\programming\bullet\bullet3-2.88\build3\vs2010\obj\x64\debug\convexdecomposition\bestfitobb.obj
d:\programming\bullet\bullet3-2.88\build3\vs2010\obj\x64\debug\convexdecomposition\planetri.obj
d:\programming\bullet\bullet3-2.88\build3\vs2010\obj\x64\debug\convexdecomposition\fitsphere.obj
d:\programming\bullet\bullet3-2.88\build3\vs2010\obj\x64\debug\convexdecomposition\float_math.obj
d:\programming\bullet\bullet3-2.88\build3\vs2010\obj\x64\debug\convexdecomposition\vlookup.obj
d:\programming\bullet\bullet3-2.88\build3\vs2010\obj\x64\debug\convexdecomposition\concavity.obj
d:\programming\bullet\bullet3-2.88\build3\vs2010\obj\x64\debug\convexdecomposition\convexdecomposition.obj
d:\programming\bullet\bullet3-2.88\build3\vs2010\obj\x64\debug\convexdecomposition\convexbuilder.obj
d:\programming\bullet\bullet3-2.88\build3\vs2010\obj\x64\debug\convexdecomposition\cd_wavefront.obj
d:\programming\bullet\bullet3-2.88\build3\vs2010\obj\x64\debug\convexdecomposition\raytri.obj
d:\programming\bullet\bullet3-2.88\build3\vs2010\obj\x64\debug\convexdecomposition\cd_hull.obj
d:\programming\bullet\bullet3-2.88\build3\vs2010\obj\x64\debug\convexdecomposition\splitplane.obj
d:\programming\bullet\bullet3-2.88\bin\convexdecomposition_vs2010_x64_debug.pdb
d:\programming\bullet\bullet3-2.88\bin\convexdecomposition_vs2010_x64_debug.lib
d:\programming\bullet\bullet3-2.88\build3\vs2010\..\..\bin\convexdecomposition_vs2010_x64_debug.lib
d:\programming\bullet\bullet3-2.88\build3\vs2010\obj\x64\debug\convexdecomposition\convexde.f0298fb7.tlog\cl.20416.write.1.tlog
d:\programming\bullet\bullet3-2.88\build3\vs2010\obj\x64\debug\convexdecomposition\convexde.f0298fb7.tlog\cl.command.1.tlog
d:\programming\bullet\bullet3-2.88\build3\vs2010\obj\x64\debug\convexdecomposition\convexde.f0298fb7.tlog\cl.read.1.tlog
d:\programming\bullet\bullet3-2.88\build3\vs2010\obj\x64\debug\convexdecomposition\convexde.f0298fb7.tlog\lib-link.read.1.tlog
d:\programming\bullet\bullet3-2.88\build3\vs2010\obj\x64\debug\convexdecomposition\convexde.f0298fb7.tlog\lib-link.write.1.tlog
d:\programming\bullet\bullet3-2.88\build3\vs2010\obj\x64\debug\convexdecomposition\convexde.f0298fb7.tlog\lib.command.1.tlog
