d:\programming\bullet\bullet3-2.88\build3\vs2010\obj\x64\debug\bulletdynamics\btrigidbody.obj
d:\programming\bullet\bullet3-2.88\build3\vs2010\obj\x64\debug\bulletdynamics\btsequentialimpulseconstraintsolvermt.obj
d:\programming\bullet\bullet3-2.88\build3\vs2010\obj\x64\debug\bulletdynamics\btmultibodyfixedconstraint.obj
d:\programming\bullet\bullet3-2.88\build3\vs2010\obj\x64\debug\bulletdynamics\btlemkealgorithm.obj
d:\programming\bullet\bullet3-2.88\build3\vs2010\obj\x64\debug\bulletdynamics\btraycastvehicle.obj
d:\programming\bullet\bullet3-2.88\build3\vs2010\obj\x64\debug\bulletdynamics\btkinematiccharactercontroller.obj
d:\programming\bullet\bullet3-2.88\build3\vs2010\obj\x64\debug\bulletdynamics\btconetwistconstraint.obj
d:\programming\bullet\bullet3-2.88\build3\vs2010\obj\x64\debug\bulletdynamics\btfixedconstraint.obj
d:\programming\bullet\bullet3-2.88\build3\vs2010\obj\x64\debug\bulletdynamics\btdantziglcp.obj
d:\programming\bullet\bullet3-2.88\build3\vs2010\obj\x64\debug\bulletdynamics\btwheelinfo.obj
d:\programming\bullet\bullet3-2.88\build3\vs2010\obj\x64\debug\bulletdynamics\btbatchedconstraints.obj
d:\programming\bullet\bullet3-2.88\build3\vs2010\obj\x64\debug\bulletdynamics\btgeneric6dofspring2constraint.obj
d:\programming\bullet\bullet3-2.88\build3\vs2010\obj\x64\debug\bulletdynamics\btsequentialimpulseconstraintsolver.obj
d:\programming\bullet\bullet3-2.88\build3\vs2010\obj\x64\debug\bulletdynamics\btmultibodyconstraint.obj
d:\programming\bullet\bullet3-2.88\build3\vs2010\obj\x64\debug\bulletdynamics\btmultibodyjointlimitconstraint.obj
d:\programming\bullet\bullet3-2.88\build3\vs2010\obj\x64\debug\bulletdynamics\btmlcpsolver.obj
d:\programming\bullet\bullet3-2.88\build3\vs2010\obj\x64\debug\bulletdynamics\btsimpledynamicsworld.obj
d:\programming\bullet\bullet3-2.88\build3\vs2010\obj\x64\debug\bulletdynamics\btgeneric6dofspringconstraint.obj
d:\programming\bullet\bullet3-2.88\build3\vs2010\obj\x64\debug\bulletdynamics\bthingeconstraint.obj
d:\programming\bullet\bullet3-2.88\build3\vs2010\obj\x64\debug\bulletdynamics\btmultibody.obj
d:\programming\bullet\bullet3-2.88\build3\vs2010\obj\x64\debug\bulletdynamics\btmultibodysliderconstraint.obj
d:\programming\bullet\bullet3-2.88\build3\vs2010\obj\x64\debug\bulletdynamics\btdiscretedynamicsworldmt.obj
d:\programming\bullet\bullet3-2.88\build3\vs2010\obj\x64\debug\bulletdynamics\btpoint2pointconstraint.obj
d:\programming\bullet\bullet3-2.88\build3\vs2010\obj\x64\debug\bulletdynamics\bttypedconstraint.obj
d:\programming\bullet\bullet3-2.88\build3\vs2010\obj\x64\debug\bulletdynamics\btmultibodyjointmotor.obj
d:\programming\bullet\bullet3-2.88\build3\vs2010\obj\x64\debug\bulletdynamics\btsimulationislandmanagermt.obj
d:\programming\bullet\bullet3-2.88\build3\vs2010\obj\x64\debug\bulletdynamics\btgearconstraint.obj
d:\programming\bullet\bullet3-2.88\build3\vs2010\obj\x64\debug\bulletdynamics\bthinge2constraint.obj
d:\programming\bullet\bullet3-2.88\build3\vs2010\obj\x64\debug\bulletdynamics\btsolve2linearconstraint.obj
d:\programming\bullet\bullet3-2.88\build3\vs2010\obj\x64\debug\bulletdynamics\btmultibodyconstraintsolver.obj
d:\programming\bullet\bullet3-2.88\build3\vs2010\obj\x64\debug\bulletdynamics\btmultibodymlcpconstraintsolver.obj
d:\programming\bullet\bullet3-2.88\build3\vs2010\obj\x64\debug\bulletdynamics\btcontactconstraint.obj
d:\programming\bullet\bullet3-2.88\build3\vs2010\obj\x64\debug\bulletdynamics\btgeneric6dofconstraint.obj
d:\programming\bullet\bullet3-2.88\build3\vs2010\obj\x64\debug\bulletdynamics\btsliderconstraint.obj
d:\programming\bullet\bullet3-2.88\build3\vs2010\obj\x64\debug\bulletdynamics\btmultibodydynamicsworld.obj
d:\programming\bullet\bullet3-2.88\build3\vs2010\obj\x64\debug\bulletdynamics\btmultibodypoint2point.obj
d:\programming\bullet\bullet3-2.88\build3\vs2010\obj\x64\debug\bulletdynamics\btdiscretedynamicsworld.obj
d:\programming\bullet\bullet3-2.88\build3\vs2010\obj\x64\debug\bulletdynamics\btnncgconstraintsolver.obj
d:\programming\bullet\bullet3-2.88\build3\vs2010\obj\x64\debug\bulletdynamics\btuniversalconstraint.obj
d:\programming\bullet\bullet3-2.88\build3\vs2010\obj\x64\debug\bulletdynamics\btmultibodygearconstraint.obj
d:\programming\bullet\bullet3-2.88\build3\vs2010\obj\x64\debug\bulletdynamics\btmultibodysphericaljointmotor.obj
d:\programming\bullet\bullet3-2.88\bin\bulletdynamics_vs2010_x64_debug.pdb
d:\programming\bullet\bullet3-2.88\bin\bulletdynamics_vs2010_x64_debug.lib
d:\programming\bullet\bullet3-2.88\build3\vs2010\..\..\bin\bulletdynamics_vs2010_x64_debug.lib
d:\programming\bullet\bullet3-2.88\build3\vs2010\obj\x64\debug\bulletdynamics\bulletdynamics.tlog\cl.11236.write.1.tlog
d:\programming\bullet\bullet3-2.88\build3\vs2010\obj\x64\debug\bulletdynamics\bulletdynamics.tlog\cl.command.1.tlog
d:\programming\bullet\bullet3-2.88\build3\vs2010\obj\x64\debug\bulletdynamics\bulletdynamics.tlog\cl.read.1.tlog
d:\programming\bullet\bullet3-2.88\build3\vs2010\obj\x64\debug\bulletdynamics\bulletdynamics.tlog\lib-link.read.1.tlog
d:\programming\bullet\bullet3-2.88\build3\vs2010\obj\x64\debug\bulletdynamics\bulletdynamics.tlog\lib-link.write.1.tlog
d:\programming\bullet\bullet3-2.88\build3\vs2010\obj\x64\debug\bulletdynamics\bulletdynamics.tlog\lib.command.1.tlog
