cl : Command line warning D9002: ignoring unknown option '/arch:SSE2'
cl : Command line warning D9002: ignoring unknown option '/arch:SSE2'
  win32.c
cl : Command line warning D9002: ignoring unknown option '/arch:SSE2'
  callbacks.c
cl : Command line warning D9002: ignoring unknown option '/arch:SSE2'
  compress.c
cl : Command line warning D9002: ignoring unknown option '/arch:SSE2'
  host.c
cl : Command line warning D9002: ignoring unknown option '/arch:SSE2'
  list.c
cl : Command line warning D9002: ignoring unknown option '/arch:SSE2'
  packet.c
cl : Command line warning D9002: ignoring unknown option '/arch:SSE2'
  peer.c
cl : Command line warning D9002: ignoring unknown option '/arch:SSE2'
  protocol.c
d:\programming\bullet\bullet3-2.88\examples\thirdpartylibs\enet\compress.c(308): warning C4146: unary minus operator applied to unsigned type, result still unsigned
d:\programming\bullet\bullet3-2.88\examples\thirdpartylibs\enet\compress.c(313): warning C4146: unary minus operator applied to unsigned type, result still unsigned
d:\programming\bullet\bullet3-2.88\examples\thirdpartylibs\enet\compress.c(331): warning C4146: unary minus operator applied to unsigned type, result still unsigned
d:\programming\bullet\bullet3-2.88\examples\thirdpartylibs\enet\compress.c(560): warning C4146: unary minus operator applied to unsigned type, result still unsigned
d:\programming\bullet\bullet3-2.88\examples\thirdpartylibs\enet\compress.c(575): warning C4146: unary minus operator applied to unsigned type, result still unsigned
d:\programming\bullet\bullet3-2.88\examples\thirdpartylibs\enet\compress.c(590): warning C4146: unary minus operator applied to unsigned type, result still unsigned
d:\programming\bullet\bullet3-2.88\examples\thirdpartylibs\enet\compress.c(605): warning C4146: unary minus operator applied to unsigned type, result still unsigned
  enet.vcxproj -> D:\Programming\Bullet\bullet3-2.88\build3\vs2010\..\..\bin\enet_vs2010_x64_release.lib
