d:\programming\bullet\bullet3-2.88\bin\app_physicsserver_sharedmemory_vr_vs2010_x64_debug.pdb
d:\programming\bullet\bullet3-2.88\build3\vs2010\obj\x64\debug\app_physicsserver_sharedmemory_vr\gl.obj
d:\programming\bullet\bullet3-2.88\build3\vs2010\obj\x64\debug\app_physicsserver_sharedmemory_vr\geometry.obj
d:\programming\bullet\bullet3-2.88\build3\vs2010\obj\x64\debug\app_physicsserver_sharedmemory_vr\physicsclient.obj
d:\programming\bullet\bullet3-2.88\build3\vs2010\obj\x64\debug\app_physicsserver_sharedmemory_vr\physicsclientsharedmemory.obj
d:\programming\bullet\bullet3-2.88\build3\vs2010\obj\x64\debug\app_physicsserver_sharedmemory_vr\posixsharedmemory.obj
d:\programming\bullet\bullet3-2.88\build3\vs2010\obj\x64\debug\app_physicsserver_sharedmemory_vr\physicsdirectc_api.obj
d:\programming\bullet\bullet3-2.88\build3\vs2010\obj\x64\debug\app_physicsserver_sharedmemory_vr\physicsclientsharedmemory_c_api.obj
d:\programming\bullet\bullet3-2.88\build3\vs2010\obj\x64\debug\app_physicsserver_sharedmemory_vr\collisionfilterplugin.obj
d:\programming\bullet\bullet3-2.88\build3\vs2010\obj\x64\debug\app_physicsserver_sharedmemory_vr\urdf2bullet.obj
d:\programming\bullet\bullet3-2.88\build3\vs2010\obj\x64\debug\app_physicsserver_sharedmemory_vr\btworldimporter.obj
d:\programming\bullet\bullet3-2.88\build3\vs2010\obj\x64\debug\app_physicsserver_sharedmemory_vr\tinyxml2.obj
d:\programming\bullet\bullet3-2.88\build3\vs2010\obj\x64\debug\app_physicsserver_sharedmemory_vr\collisionshape2trianglemesh.obj
d:\programming\bullet\bullet3-2.88\build3\vs2010\obj\x64\debug\app_physicsserver_sharedmemory_vr\strtools.obj
d:\programming\bullet\bullet3-2.88\build3\vs2010\obj\x64\debug\app_physicsserver_sharedmemory_vr\tinyrenderer.obj
d:\programming\bullet\bullet3-2.88\build3\vs2010\obj\x64\debug\app_physicsserver_sharedmemory_vr\physicsserversharedmemory.obj
d:\programming\bullet\bullet3-2.88\build3\vs2010\obj\x64\debug\app_physicsserver_sharedmemory_vr\physicsclientsharedmemory2.obj
d:\programming\bullet\bullet3-2.88\build3\vs2010\obj\x64\debug\app_physicsserver_sharedmemory_vr\bulleturdfimporter.obj
d:\programming\bullet\bullet3-2.88\build3\vs2010\obj\x64\debug\app_physicsserver_sharedmemory_vr\btmultibodyworldimporter.obj
d:\programming\bullet\bullet3-2.88\build3\vs2010\obj\x64\debug\app_physicsserver_sharedmemory_vr\tiny_obj_loader.obj
d:\programming\bullet\bullet3-2.88\build3\vs2010\obj\x64\debug\app_physicsserver_sharedmemory_vr\lodepng.obj
d:\programming\bullet\bullet3-2.88\build3\vs2010\obj\x64\debug\app_physicsserver_sharedmemory_vr\b3robotsimulatorclientapi_nodirect.obj
d:\programming\bullet\bullet3-2.88\build3\vs2010\obj\x64\debug\app_physicsserver_sharedmemory_vr\physicsserver.obj
d:\programming\bullet\bullet3-2.88\build3\vs2010\obj\x64\debug\app_physicsserver_sharedmemory_vr\inprocessmemory.obj
d:\programming\bullet\bullet3-2.88\build3\vs2010\obj\x64\debug\app_physicsserver_sharedmemory_vr\physicsservercommandprocessor.obj
d:\programming\bullet\bullet3-2.88\build3\vs2010\obj\x64\debug\app_physicsserver_sharedmemory_vr\bchunk.obj
d:\programming\bullet\bullet3-2.88\build3\vs2010\obj\x64\debug\app_physicsserver_sharedmemory_vr\loadmeshfromobj.obj
d:\programming\bullet\bullet3-2.88\build3\vs2010\obj\x64\debug\app_physicsserver_sharedmemory_vr\tinyvrgui.obj
d:\programming\bullet\bullet3-2.88\build3\vs2010\obj\x64\debug\app_physicsserver_sharedmemory_vr\tgaimage.obj
d:\programming\bullet\bullet3-2.88\build3\vs2010\obj\x64\debug\app_physicsserver_sharedmemory_vr\physicsclientc_api.obj
d:\programming\bullet\bullet3-2.88\build3\vs2010\obj\x64\debug\app_physicsserver_sharedmemory_vr\physicsloopback.obj
d:\programming\bullet\bullet3-2.88\build3\vs2010\obj\x64\debug\app_physicsserver_sharedmemory_vr\sharedmemorycommandprocessor.obj
d:\programming\bullet\bullet3-2.88\build3\vs2010\obj\x64\debug\app_physicsserver_sharedmemory_vr\urdfparser.obj
d:\programming\bullet\bullet3-2.88\build3\vs2010\obj\x64\debug\app_physicsserver_sharedmemory_vr\chrometraceutil.obj
d:\programming\bullet\bullet3-2.88\build3\vs2010\obj\x64\debug\app_physicsserver_sharedmemory_vr\bdna.obj
d:\programming\bullet\bullet3-2.88\build3\vs2010\obj\x64\debug\app_physicsserver_sharedmemory_vr\loadmeshfromcollada.obj
d:\programming\bullet\bullet3-2.88\build3\vs2010\obj\x64\debug\app_physicsserver_sharedmemory_vr\timeseriescanvas.obj
d:\programming\bullet\bullet3-2.88\build3\vs2010\obj\x64\debug\app_physicsserver_sharedmemory_vr\matrices.obj
d:\programming\bullet\bullet3-2.88\build3\vs2010\obj\x64\debug\app_physicsserver_sharedmemory_vr\model.obj
d:\programming\bullet\bullet3-2.88\build3\vs2010\obj\x64\debug\app_physicsserver_sharedmemory_vr\win32sharedmemory.obj
d:\programming\bullet\bullet3-2.88\build3\vs2010\obj\x64\debug\app_physicsserver_sharedmemory_vr\physicsloopbackc_api.obj
d:\programming\bullet\bullet3-2.88\build3\vs2010\obj\x64\debug\app_physicsserver_sharedmemory_vr\mymultibodycreator.obj
d:\programming\bullet\bullet3-2.88\build3\vs2010\obj\x64\debug\app_physicsserver_sharedmemory_vr\robotloggingutil.obj
d:\programming\bullet\bullet3-2.88\build3\vs2010\obj\x64\debug\app_physicsserver_sharedmemory_vr\btbulletfile.obj
d:\programming\bullet\bullet3-2.88\build3\vs2010\obj\x64\debug\app_physicsserver_sharedmemory_vr\stb_image_write.obj
d:\programming\bullet\bullet3-2.88\build3\vs2010\obj\x64\debug\app_physicsserver_sharedmemory_vr\openglguihelper.obj
d:\programming\bullet\bullet3-2.88\build3\vs2010\obj\x64\debug\app_physicsserver_sharedmemory_vr\tinyrendererplugin.obj
d:\programming\bullet\bullet3-2.88\build3\vs2010\obj\x64\debug\app_physicsserver_sharedmemory_vr\iktrajectoryhelper.obj
d:\programming\bullet\bullet3-2.88\build3\vs2010\obj\x64\debug\app_physicsserver_sharedmemory_vr\physicsserverexample.obj
d:\programming\bullet\bullet3-2.88\build3\vs2010\obj\x64\debug\app_physicsserver_sharedmemory_vr\b3pluginmanager.obj
d:\programming\bullet\bullet3-2.88\build3\vs2010\obj\x64\debug\app_physicsserver_sharedmemory_vr\b3clock.obj
d:\programming\bullet\bullet3-2.88\build3\vs2010\obj\x64\debug\app_physicsserver_sharedmemory_vr\btbulletworldimporter.obj
d:\programming\bullet\bullet3-2.88\build3\vs2010\obj\x64\debug\app_physicsserver_sharedmemory_vr\tinyrenderervisualshapeconverter.obj
d:\programming\bullet\bullet3-2.88\build3\vs2010\obj\x64\debug\app_physicsserver_sharedmemory_vr\physicsserverexamplebullet2.obj
d:\programming\bullet\bullet3-2.88\build3\vs2010\obj\x64\debug\app_physicsserver_sharedmemory_vr\physicsdirect.obj
d:\programming\bullet\bullet3-2.88\build3\vs2010\obj\x64\debug\app_physicsserver_sharedmemory_vr\simplecamera.obj
d:\programming\bullet\bullet3-2.88\build3\vs2010\obj\x64\debug\app_physicsserver_sharedmemory_vr\urdfstringsplit.obj
d:\programming\bullet\bullet3-2.88\build3\vs2010\obj\x64\debug\app_physicsserver_sharedmemory_vr\b3resourcepath.obj
d:\programming\bullet\bullet3-2.88\build3\vs2010\obj\x64\debug\app_physicsserver_sharedmemory_vr\bfile.obj
d:\programming\bullet\bullet3-2.88\build3\vs2010\obj\x64\debug\app_physicsserver_sharedmemory_vr\b3importmeshutility.obj
d:\programming\bullet\bullet3-2.88\build3\vs2010\obj\x64\debug\app_physicsserver_sharedmemory_vr\timeseriesfontdata.obj
d:\programming\bullet\bullet3-2.88\build3\vs2010\obj\x64\debug\app_physicsserver_sharedmemory_vr\b3win32threadsupport.obj
d:\programming\bullet\bullet3-2.88\build3\vs2010\obj\x64\debug\app_physicsserver_sharedmemory_vr\our_gl.obj
d:\programming\bullet\bullet3-2.88\build3\vs2010\obj\x64\debug\app_physicsserver_sharedmemory_vr\physicsclientexample.obj
d:\programming\bullet\bullet3-2.88\build3\vs2010\obj\x64\debug\app_physicsserver_sharedmemory_vr\physicsclientsharedmemory2_c_api.obj
d:\programming\bullet\bullet3-2.88\build3\vs2010\obj\x64\debug\app_physicsserver_sharedmemory_vr\pdcontrolplugin.obj
d:\programming\bullet\bullet3-2.88\build3\vs2010\obj\x64\debug\app_physicsserver_sharedmemory_vr\bulletmjcfimporter.obj
d:\programming\bullet\bullet3-2.88\build3\vs2010\obj\x64\debug\app_physicsserver_sharedmemory_vr\wavefront2glinstancegraphicsshape.obj
d:\programming\bullet\bullet3-2.88\build3\vs2010\obj\x64\debug\app_physicsserver_sharedmemory_vr\stb_image.obj
d:\programming\bullet\bullet3-2.88\build3\vs2010\obj\x64\debug\app_physicsserver_sharedmemory_vr\gl_shapedrawer.obj
d:\programming\bullet\bullet3-2.88\build3\vs2010\obj\x64\debug\app_physicsserver_sharedmemory_vr\b3threadsupportinterface.obj
d:\programming\bullet\bullet3-2.88\build3\vs2010\obj\x64\debug\app_physicsserver_sharedmemory_vr\app_phys.8753f1e7.tlog\cl.command.1.tlog
d:\programming\bullet\bullet3-2.88\build3\vs2010\obj\x64\debug\app_physicsserver_sharedmemory_vr\app_phys.8753f1e7.tlog\cl.read.1.tlog
d:\programming\bullet\bullet3-2.88\build3\vs2010\obj\x64\debug\app_physicsserver_sharedmemory_vr\app_phys.8753f1e7.tlog\cl.write.1.tlog
