  gl.c
  EGLOpenGLWindow.cpp
  fontstash.cpp
  GLFWOpenGLWindow.cpp
  GLInstancingRenderer.cpp
  GLPrimitiveRenderer.cpp
  GLRenderToTexture.cpp
  LoadShader.cpp
  opengl_fontstashcallbacks.cpp
  OpenSans.cpp
  SimpleCamera.cpp
  SimpleOpenGL2App.cpp
  SimpleOpenGL2Renderer.cpp
  SimpleOpenGL3App.cpp
d:\programming\bullet\bullet3-2.88\examples\openglwindow\fontstash.cpp(206): warning C4996: 'fopen': This function or variable may be unsafe. Consider using fopen_s instead. To disable deprecation, use _CRT_SECURE_NO_WARNINGS. See online help for details.
  c:\program files (x86)\windows kits\10\include\10.0.17763.0\ucrt\stdio.h(208): note: see declaration of 'fopen'
  TwFonts.cpp
  Win32OpenGLWindow.cpp
  Win32Window.cpp
  stb_image_write.cpp
d:\programming\bullet\bullet3-2.88\examples\thirdpartylibs\stb_image\stb_image_write.h(183): warning C4996: 'fopen': This function or variable may be unsafe. Consider using fopen_s instead. To disable deprecation, use _CRT_SECURE_NO_WARNINGS. See online help for details. (compiling source file ..\..\examples\ThirdPartyLibs\stb_image\stb_image_write.cpp)
  c:\program files (x86)\windows kits\10\include\10.0.17763.0\ucrt\stdio.h(208): note: see declaration of 'fopen' (compiling source file ..\..\examples\ThirdPartyLibs\stb_image\stb_image_write.cpp)
d:\programming\bullet\bullet3-2.88\examples\thirdpartylibs\stb_image\stb_image_write.h(588): warning C4996: 'fopen': This function or variable may be unsafe. Consider using fopen_s instead. To disable deprecation, use _CRT_SECURE_NO_WARNINGS. See online help for details. (compiling source file ..\..\examples\ThirdPartyLibs\stb_image\stb_image_write.cpp)
  c:\program files (x86)\windows kits\10\include\10.0.17763.0\ucrt\stdio.h(208): note: see declaration of 'fopen' (compiling source file ..\..\examples\ThirdPartyLibs\stb_image\stb_image_write.cpp)
  OpenGL_Window.vcxproj -> D:\Programming\Bullet\bullet3-2.88\build3\vs2010\..\..\bin\OpenGL_Window_vs2010_x64_debug.lib
