d:\programming\bullet\bullet3-2.88\build3\vs2010\obj\x64\release\linearmath\btpolardecomposition.obj
d:\programming\bullet\bullet3-2.88\build3\vs2010\obj\x64\release\linearmath\btthreads.obj
d:\programming\bullet\bullet3-2.88\build3\vs2010\obj\x64\release\linearmath\bttaskscheduler.obj
d:\programming\bullet\bullet3-2.88\build3\vs2010\obj\x64\release\linearmath\btquickprof.obj
d:\programming\bullet\bullet3-2.88\build3\vs2010\obj\x64\release\linearmath\btalignedallocator.obj
d:\programming\bullet\bullet3-2.88\build3\vs2010\obj\x64\release\linearmath\btvector3.obj
d:\programming\bullet\bullet3-2.88\build3\vs2010\obj\x64\release\linearmath\btconvexhullcomputer.obj
d:\programming\bullet\bullet3-2.88\build3\vs2010\obj\x64\release\linearmath\btgeometryutil.obj
d:\programming\bullet\bullet3-2.88\build3\vs2010\obj\x64\release\linearmath\btconvexhull.obj
d:\programming\bullet\bullet3-2.88\build3\vs2010\obj\x64\release\linearmath\btserializer.obj
d:\programming\bullet\bullet3-2.88\build3\vs2010\obj\x64\release\linearmath\btthreadsupportwin32.obj
d:\programming\bullet\bullet3-2.88\build3\vs2010\obj\x64\release\linearmath\btserializer64.obj
d:\programming\bullet\bullet3-2.88\build3\vs2010\obj\x64\release\linearmath\btthreadsupportposix.obj
d:\programming\bullet\bullet3-2.88\bin\linearmath_vs2010_x64_release.lib
d:\programming\bullet\bullet3-2.88\build3\vs2010\..\..\bin\linearmath_vs2010_x64_release.lib
d:\programming\bullet\bullet3-2.88\build3\vs2010\obj\x64\release\linearmath\linearmath.tlog\cl.11772.write.1.tlog
d:\programming\bullet\bullet3-2.88\build3\vs2010\obj\x64\release\linearmath\linearmath.tlog\cl.command.1.tlog
d:\programming\bullet\bullet3-2.88\build3\vs2010\obj\x64\release\linearmath\linearmath.tlog\cl.read.1.tlog
d:\programming\bullet\bullet3-2.88\build3\vs2010\obj\x64\release\linearmath\linearmath.tlog\lib-link.read.1.tlog
d:\programming\bullet\bullet3-2.88\build3\vs2010\obj\x64\release\linearmath\linearmath.tlog\lib-link.write.1.tlog
d:\programming\bullet\bullet3-2.88\build3\vs2010\obj\x64\release\linearmath\linearmath.tlog\lib.command.1.tlog
