d:\programming\bullet\bullet3-2.88\build3\vs2010\obj\x64\debug\linearmath\bttaskscheduler.obj
d:\programming\bullet\bullet3-2.88\build3\vs2010\obj\x64\debug\linearmath\btconvexhullcomputer.obj
d:\programming\bullet\bullet3-2.88\build3\vs2010\obj\x64\debug\linearmath\btthreads.obj
d:\programming\bullet\bullet3-2.88\build3\vs2010\obj\x64\debug\linearmath\btquickprof.obj
d:\programming\bullet\bullet3-2.88\build3\vs2010\obj\x64\debug\linearmath\btalignedallocator.obj
d:\programming\bullet\bullet3-2.88\build3\vs2010\obj\x64\debug\linearmath\btgeometryutil.obj
d:\programming\bullet\bullet3-2.88\build3\vs2010\obj\x64\debug\linearmath\btconvexhull.obj
d:\programming\bullet\bullet3-2.88\build3\vs2010\obj\x64\debug\linearmath\btpolardecomposition.obj
d:\programming\bullet\bullet3-2.88\build3\vs2010\obj\x64\debug\linearmath\btvector3.obj
d:\programming\bullet\bullet3-2.88\build3\vs2010\obj\x64\debug\linearmath\btthreadsupportposix.obj
d:\programming\bullet\bullet3-2.88\build3\vs2010\obj\x64\debug\linearmath\btserializer.obj
d:\programming\bullet\bullet3-2.88\build3\vs2010\obj\x64\debug\linearmath\btthreadsupportwin32.obj
d:\programming\bullet\bullet3-2.88\build3\vs2010\obj\x64\debug\linearmath\btserializer64.obj
d:\programming\bullet\bullet3-2.88\bin\linearmath_vs2010_x64_debug.pdb
d:\programming\bullet\bullet3-2.88\bin\linearmath_vs2010_x64_debug.lib
d:\programming\bullet\bullet3-2.88\build3\vs2010\..\..\bin\linearmath_vs2010_x64_debug.lib
d:\programming\bullet\bullet3-2.88\build3\vs2010\obj\x64\debug\linearmath\linearmath.tlog\cl.11092.write.1.tlog
d:\programming\bullet\bullet3-2.88\build3\vs2010\obj\x64\debug\linearmath\linearmath.tlog\cl.command.1.tlog
d:\programming\bullet\bullet3-2.88\build3\vs2010\obj\x64\debug\linearmath\linearmath.tlog\cl.read.1.tlog
d:\programming\bullet\bullet3-2.88\build3\vs2010\obj\x64\debug\linearmath\linearmath.tlog\lib-link.read.1.tlog
d:\programming\bullet\bullet3-2.88\build3\vs2010\obj\x64\debug\linearmath\linearmath.tlog\lib-link.write.1.tlog
d:\programming\bullet\bullet3-2.88\build3\vs2010\obj\x64\debug\linearmath\linearmath.tlog\lib.command.1.tlog
