d:\programming\bullet\bullet3-2.88\bin\app_physicsserversharedmemorybridgeudp_vs2010_x64_debug.lib
d:\programming\bullet\bullet3-2.88\bin\app_physicsserversharedmemorybridgeudp_vs2010_x64_debug.exp
d:\programming\bullet\bullet3-2.88\build3\vs2010\obj\x64\debug\app_physicsserversharedmemorybridgeudp\b3resourcepath.obj
d:\programming\bullet\bullet3-2.88\build3\vs2010\obj\x64\debug\app_physicsserversharedmemorybridgeudp\main.obj
d:\programming\bullet\bullet3-2.88\build3\vs2010\obj\x64\debug\app_physicsserversharedmemorybridgeudp\physicsdirect.obj
d:\programming\bullet\bullet3-2.88\build3\vs2010\obj\x64\debug\app_physicsserversharedmemorybridgeudp\sharedmemorycommandprocessor.obj
d:\programming\bullet\bullet3-2.88\build3\vs2010\obj\x64\debug\app_physicsserversharedmemorybridgeudp\physicsclient.obj
d:\programming\bullet\bullet3-2.88\build3\vs2010\obj\x64\debug\app_physicsserversharedmemorybridgeudp\physicsclientc_api.obj
d:\programming\bullet\bullet3-2.88\build3\vs2010\obj\x64\debug\app_physicsserversharedmemorybridgeudp\b3clock.obj
d:\programming\bullet\bullet3-2.88\build3\vs2010\obj\x64\debug\app_physicsserversharedmemorybridgeudp\win32sharedmemory.obj
d:\programming\bullet\bullet3-2.88\build3\vs2010\obj\x64\debug\app_physicsserversharedmemorybridgeudp\posixsharedmemory.obj
d:\programming\bullet\bullet3-2.88\bin\app_physicsserversharedmemorybridgeudp_vs2010_x64_debug.pdb
d:\programming\bullet\bullet3-2.88\bin\app_physicsserversharedmemorybridgeudp_vs2010_x64_debug.ilk
d:\programming\bullet\bullet3-2.88\bin\app_physicsserversharedmemorybridgeudp_vs2010_x64_debug.exe
d:\programming\bullet\bullet3-2.88\bin\lnk{bccd0bd7-64b9-4e3b-90bc-b638bcd4ee19}.tmp
d:\programming\bullet\bullet3-2.88\build3\vs2010\..\..\bin\app_physicsserversharedmemorybridgeudp_vs2010_x64_debug.exe
d:\programming\bullet\bullet3-2.88\build3\vs2010\obj\x64\debug\app_physicsserversharedmemorybridgeudp\app_phys.4427f120.tlog\app_physicsserversharedmemorybridgeudp.write.1u.tlog
d:\programming\bullet\bullet3-2.88\build3\vs2010\obj\x64\debug\app_physicsserversharedmemorybridgeudp\app_phys.4427f120.tlog\cl.14804.write.1.tlog
d:\programming\bullet\bullet3-2.88\build3\vs2010\obj\x64\debug\app_physicsserversharedmemorybridgeudp\app_phys.4427f120.tlog\cl.command.1.tlog
d:\programming\bullet\bullet3-2.88\build3\vs2010\obj\x64\debug\app_physicsserversharedmemorybridgeudp\app_phys.4427f120.tlog\cl.read.1.tlog
d:\programming\bullet\bullet3-2.88\build3\vs2010\obj\x64\debug\app_physicsserversharedmemorybridgeudp\app_phys.4427f120.tlog\link.command.1.tlog
d:\programming\bullet\bullet3-2.88\build3\vs2010\obj\x64\debug\app_physicsserversharedmemorybridgeudp\app_phys.4427f120.tlog\link.delete.1.tlog
d:\programming\bullet\bullet3-2.88\build3\vs2010\obj\x64\debug\app_physicsserversharedmemorybridgeudp\app_phys.4427f120.tlog\link.read.1.tlog
d:\programming\bullet\bullet3-2.88\build3\vs2010\obj\x64\debug\app_physicsserversharedmemorybridgeudp\app_phys.4427f120.tlog\link.write.1.tlog
