d:\programming\bullet\bullet3-2.88\bin\app_physicsserverudp_vs2010_x64_debug.lib
d:\programming\bullet\bullet3-2.88\bin\app_physicsserverudp_vs2010_x64_debug.exp
d:\programming\bullet\bullet3-2.88\build3\vs2010\obj\x64\debug\app_physicsserverudp\collisionfilterplugin.obj
d:\programming\bullet\bullet3-2.88\build3\vs2010\obj\x64\debug\app_physicsserverudp\physicsclient.obj
d:\programming\bullet\bullet3-2.88\build3\vs2010\obj\x64\debug\app_physicsserverudp\tinyrenderer.obj
d:\programming\bullet\bullet3-2.88\build3\vs2010\obj\x64\debug\app_physicsserverudp\b3resourcepath.obj
d:\programming\bullet\bullet3-2.88\build3\vs2010\obj\x64\debug\app_physicsserverudp\bfile.obj
d:\programming\bullet\bullet3-2.88\build3\vs2010\obj\x64\debug\app_physicsserverudp\tinyxml2.obj
d:\programming\bullet\bullet3-2.88\build3\vs2010\obj\x64\debug\app_physicsserverudp\pdcontrolplugin.obj
d:\programming\bullet\bullet3-2.88\build3\vs2010\obj\x64\debug\app_physicsserverudp\tinyrendererplugin.obj
d:\programming\bullet\bullet3-2.88\build3\vs2010\obj\x64\debug\app_physicsserverudp\geometry.obj
d:\programming\bullet\bullet3-2.88\build3\vs2010\obj\x64\debug\app_physicsserverudp\simplecamera.obj
d:\programming\bullet\bullet3-2.88\build3\vs2010\obj\x64\debug\app_physicsserverudp\bulletmjcfimporter.obj
d:\programming\bullet\bullet3-2.88\build3\vs2010\obj\x64\debug\app_physicsserverudp\bchunk.obj
d:\programming\bullet\bullet3-2.88\build3\vs2010\obj\x64\debug\app_physicsserverudp\loadmeshfromcollada.obj
d:\programming\bullet\bullet3-2.88\build3\vs2010\obj\x64\debug\app_physicsserverudp\b3robotsimulatorclientapi_nodirect.obj
d:\programming\bullet\bullet3-2.88\build3\vs2010\obj\x64\debug\app_physicsserverudp\tgaimage.obj
d:\programming\bullet\bullet3-2.88\build3\vs2010\obj\x64\debug\app_physicsserverudp\urdfstringsplit.obj
d:\programming\bullet\bullet3-2.88\build3\vs2010\obj\x64\debug\app_physicsserverudp\chrometraceutil.obj
d:\programming\bullet\bullet3-2.88\build3\vs2010\obj\x64\debug\app_physicsserverudp\btmultibodyworldimporter.obj
d:\programming\bullet\bullet3-2.88\build3\vs2010\obj\x64\debug\app_physicsserverudp\tiny_obj_loader.obj
d:\programming\bullet\bullet3-2.88\build3\vs2010\obj\x64\debug\app_physicsserverudp\physicsclientc_api.obj
d:\programming\bullet\bullet3-2.88\build3\vs2010\obj\x64\debug\app_physicsserverudp\our_gl.obj
d:\programming\bullet\bullet3-2.88\build3\vs2010\obj\x64\debug\app_physicsserverudp\mymultibodycreator.obj
d:\programming\bullet\bullet3-2.88\build3\vs2010\obj\x64\debug\app_physicsserverudp\btworldimporter.obj
d:\programming\bullet\bullet3-2.88\build3\vs2010\obj\x64\debug\app_physicsserverudp\b3pluginmanager.obj
d:\programming\bullet\bullet3-2.88\build3\vs2010\obj\x64\debug\app_physicsserverudp\model.obj
d:\programming\bullet\bullet3-2.88\build3\vs2010\obj\x64\debug\app_physicsserverudp\urdfparser.obj
d:\programming\bullet\bullet3-2.88\build3\vs2010\obj\x64\debug\app_physicsserverudp\btbulletworldimporter.obj
d:\programming\bullet\bullet3-2.88\build3\vs2010\obj\x64\debug\app_physicsserverudp\b3importmeshutility.obj
d:\programming\bullet\bullet3-2.88\build3\vs2010\obj\x64\debug\app_physicsserverudp\physicsservercommandprocessor.obj
d:\programming\bullet\bullet3-2.88\build3\vs2010\obj\x64\debug\app_physicsserverudp\b3clock.obj
d:\programming\bullet\bullet3-2.88\build3\vs2010\obj\x64\debug\app_physicsserverudp\robotloggingutil.obj
d:\programming\bullet\bullet3-2.88\build3\vs2010\obj\x64\debug\app_physicsserverudp\wavefront2glinstancegraphicsshape.obj
d:\programming\bullet\bullet3-2.88\build3\vs2010\obj\x64\debug\app_physicsserverudp\main.obj
d:\programming\bullet\bullet3-2.88\build3\vs2010\obj\x64\debug\app_physicsserverudp\iktrajectoryhelper.obj
d:\programming\bullet\bullet3-2.88\build3\vs2010\obj\x64\debug\app_physicsserverudp\tinyrenderervisualshapeconverter.obj
d:\programming\bullet\bullet3-2.88\build3\vs2010\obj\x64\debug\app_physicsserverudp\urdf2bullet.obj
d:\programming\bullet\bullet3-2.88\build3\vs2010\obj\x64\debug\app_physicsserverudp\bdna.obj
d:\programming\bullet\bullet3-2.88\build3\vs2010\obj\x64\debug\app_physicsserverudp\loadmeshfromobj.obj
d:\programming\bullet\bullet3-2.88\build3\vs2010\obj\x64\debug\app_physicsserverudp\physicsdirect.obj
d:\programming\bullet\bullet3-2.88\build3\vs2010\obj\x64\debug\app_physicsserverudp\bulleturdfimporter.obj
d:\programming\bullet\bullet3-2.88\build3\vs2010\obj\x64\debug\app_physicsserverudp\btbulletfile.obj
d:\programming\bullet\bullet3-2.88\build3\vs2010\obj\x64\debug\app_physicsserverudp\stb_image.obj
d:\programming\bullet\bullet3-2.88\bin\app_physicsserverudp_vs2010_x64_debug.pdb
d:\programming\bullet\bullet3-2.88\bin\app_physicsserverudp_vs2010_x64_debug.ilk
d:\programming\bullet\bullet3-2.88\bin\app_physicsserverudp_vs2010_x64_debug.exe
d:\programming\bullet\bullet3-2.88\bin\lnk{4cd7bcf2-cf0f-42c8-b95a-5337419a3ffc}.tmp
d:\programming\bullet\bullet3-2.88\build3\vs2010\..\..\bin\app_physicsserverudp_vs2010_x64_debug.exe
d:\programming\bullet\bullet3-2.88\build3\vs2010\obj\x64\debug\app_physicsserverudp\app_phys.8ee0daa3.tlog\app_physicsserverudp.write.1u.tlog
d:\programming\bullet\bullet3-2.88\build3\vs2010\obj\x64\debug\app_physicsserverudp\app_phys.8ee0daa3.tlog\cl.12076.write.1.tlog
d:\programming\bullet\bullet3-2.88\build3\vs2010\obj\x64\debug\app_physicsserverudp\app_phys.8ee0daa3.tlog\cl.command.1.tlog
d:\programming\bullet\bullet3-2.88\build3\vs2010\obj\x64\debug\app_physicsserverudp\app_phys.8ee0daa3.tlog\cl.read.1.tlog
d:\programming\bullet\bullet3-2.88\build3\vs2010\obj\x64\debug\app_physicsserverudp\app_phys.8ee0daa3.tlog\link.command.1.tlog
d:\programming\bullet\bullet3-2.88\build3\vs2010\obj\x64\debug\app_physicsserverudp\app_phys.8ee0daa3.tlog\link.delete.1.tlog
d:\programming\bullet\bullet3-2.88\build3\vs2010\obj\x64\debug\app_physicsserverudp\app_phys.8ee0daa3.tlog\link.read.1.tlog
d:\programming\bullet\bullet3-2.88\build3\vs2010\obj\x64\debug\app_physicsserverudp\app_phys.8ee0daa3.tlog\link.write.1.tlog
