d:\programming\bullet\bullet3-2.88\bin\gwen_vs2010_x64_debug.pdb
d:\programming\bullet\bullet3-2.88\build3\vs2010\obj\x64\debug\gwen\gl.obj
d:\programming\bullet\bullet3-2.88\build3\vs2010\obj\x64\debug\gwen\draganddrop.obj
d:\programming\bullet\bullet3-2.88\build3\vs2010\obj\x64\debug\gwen\utility.obj
d:\programming\bullet\bullet3-2.88\build3\vs2010\obj\x64\debug\gwen\dragger.obj
d:\programming\bullet\bullet3-2.88\build3\vs2010\obj\x64\debug\gwen\hsvcolorpicker.obj
d:\programming\bullet\bullet3-2.88\build3\vs2010\obj\x64\debug\gwen\numericupdown.obj
d:\programming\bullet\bullet3-2.88\build3\vs2010\obj\x64\debug\gwen\scrollbarbar.obj
d:\programming\bullet\bullet3-2.88\build3\vs2010\obj\x64\debug\gwen\tabstrip.obj
d:\programming\bullet\bullet3-2.88\build3\vs2010\obj\x64\debug\gwen\verticalscrollbar.obj
d:\programming\bullet\bullet3-2.88\build3\vs2010\obj\x64\debug\gwen\opengl_debugfont.obj
d:\programming\bullet\bullet3-2.88\build3\vs2010\obj\x64\debug\gwen\inputhandler.obj
d:\programming\bullet\bullet3-2.88\build3\vs2010\obj\x64\debug\gwen\checkbox.obj
d:\programming\bullet\bullet3-2.88\build3\vs2010\obj\x64\debug\gwen\groupbox.obj
d:\programming\bullet\bullet3-2.88\build3\vs2010\obj\x64\debug\gwen\menuitem.obj
d:\programming\bullet\bullet3-2.88\build3\vs2010\obj\x64\debug\gwen\radiobutton.obj
d:\programming\bullet\bullet3-2.88\build3\vs2010\obj\x64\debug\gwen\scrollcontrol.obj
d:\programming\bullet\bullet3-2.88\build3\vs2010\obj\x64\debug\gwen\query.obj
d:\programming\bullet\bullet3-2.88\build3\vs2010\obj\x64\debug\gwen\events.obj
d:\programming\bullet\bullet3-2.88\build3\vs2010\obj\x64\debug\gwen\tooltip.obj
d:\programming\bullet\bullet3-2.88\build3\vs2010\obj\x64\debug\gwen\combobox.obj
d:\programming\bullet\bullet3-2.88\build3\vs2010\obj\x64\debug\gwen\label.obj
d:\programming\bullet\bullet3-2.88\build3\vs2010\obj\x64\debug\gwen\panellistpanel.obj
d:\programming\bullet\bullet3-2.88\build3\vs2010\obj\x64\debug\gwen\scrollbar.obj
d:\programming\bullet\bullet3-2.88\build3\vs2010\obj\x64\debug\gwen\tabcontrol.obj
d:\programming\bullet\bullet3-2.88\build3\vs2010\obj\x64\debug\gwen\verticalslider.obj
d:\programming\bullet\bullet3-2.88\build3\vs2010\obj\x64\debug\gwen\anim.obj
d:\programming\bullet\bullet3-2.88\build3\vs2010\obj\x64\debug\gwen\colorpicker.obj
d:\programming\bullet\bullet3-2.88\build3\vs2010\obj\x64\debug\gwen\horizontalscrollbar.obj
d:\programming\bullet\bullet3-2.88\build3\vs2010\obj\x64\debug\gwen\menu.obj
d:\programming\bullet\bullet3-2.88\build3\vs2010\obj\x64\debug\gwen\radiobuttoncontroller.obj
d:\programming\bullet\bullet3-2.88\build3\vs2010\obj\x64\debug\gwen\slider.obj
d:\programming\bullet\bullet3-2.88\build3\vs2010\obj\x64\debug\gwen\treecontrol.obj
d:\programming\bullet\bullet3-2.88\build3\vs2010\obj\x64\debug\gwen\null.obj
d:\programming\bullet\bullet3-2.88\build3\vs2010\obj\x64\debug\gwen\skin.obj
d:\programming\bullet\bullet3-2.88\build3\vs2010\obj\x64\debug\gwen\base.obj
d:\programming\bullet\bullet3-2.88\build3\vs2010\obj\x64\debug\gwen\crosssplitter.obj
d:\programming\bullet\bullet3-2.88\build3\vs2010\obj\x64\debug\gwen\imagepanel.obj
d:\programming\bullet\bullet3-2.88\build3\vs2010\obj\x64\debug\gwen\progressbar.obj
d:\programming\bullet\bullet3-2.88\build3\vs2010\obj\x64\debug\gwen\richlabel.obj
d:\programming\bullet\bullet3-2.88\build3\vs2010\obj\x64\debug\gwen\text.obj
d:\programming\bullet\bullet3-2.88\build3\vs2010\obj\x64\debug\gwen\windowcontrol.obj
d:\programming\bullet\bullet3-2.88\build3\vs2010\obj\x64\debug\gwen\gwen.obj
d:\programming\bullet\bullet3-2.88\build3\vs2010\obj\x64\debug\gwen\button.obj
d:\programming\bullet\bullet3-2.88\build3\vs2010\obj\x64\debug\gwen\dockedtabcontrol.obj
d:\programming\bullet\bullet3-2.88\build3\vs2010\obj\x64\debug\gwen\listbox.obj
d:\programming\bullet\bullet3-2.88\build3\vs2010\obj\x64\debug\gwen\resizablecontrol.obj
d:\programming\bullet\bullet3-2.88\build3\vs2010\obj\x64\debug\gwen\splitterbar.obj
d:\programming\bullet\bullet3-2.88\build3\vs2010\obj\x64\debug\gwen\textbox.obj
d:\programming\bullet\bullet3-2.88\build3\vs2010\obj\x64\debug\gwen\filesave.obj
d:\programming\bullet\bullet3-2.88\build3\vs2010\obj\x64\debug\gwen\hook.obj
d:\programming\bullet\bullet3-2.88\build3\vs2010\obj\x64\debug\gwen\canvas.obj
d:\programming\bullet\bullet3-2.88\build3\vs2010\obj\x64\debug\gwen\dockbase.obj
d:\programming\bullet\bullet3-2.88\build3\vs2010\obj\x64\debug\gwen\labelclickable.obj
d:\programming\bullet\bullet3-2.88\build3\vs2010\obj\x64\debug\gwen\properties.obj
d:\programming\bullet\bullet3-2.88\build3\vs2010\obj\x64\debug\gwen\scrollbarbutton.obj
d:\programming\bullet\bullet3-2.88\build3\vs2010\obj\x64\debug\gwen\textboxnumeric.obj
d:\programming\bullet\bullet3-2.88\build3\vs2010\obj\x64\debug\gwen\fileopen.obj
d:\programming\bullet\bullet3-2.88\build3\vs2010\obj\x64\debug\gwen\baserender.obj
d:\programming\bullet\bullet3-2.88\build3\vs2010\obj\x64\debug\gwen\colorcontrols.obj
d:\programming\bullet\bullet3-2.88\build3\vs2010\obj\x64\debug\gwen\horizontalslider.obj
d:\programming\bullet\bullet3-2.88\build3\vs2010\obj\x64\debug\gwen\menustrip.obj
d:\programming\bullet\bullet3-2.88\build3\vs2010\obj\x64\debug\gwen\resizer.obj
d:\programming\bullet\bullet3-2.88\build3\vs2010\obj\x64\debug\gwen\tabbutton.obj
d:\programming\bullet\bullet3-2.88\build3\vs2010\obj\x64\debug\gwen\treenode.obj
d:\programming\bullet\bullet3-2.88\build3\vs2010\obj\x64\debug\gwen\windows.obj
d:\programming\bullet\bullet3-2.88\bin\gwen_vs2010_x64_debug.lib
d:\programming\bullet\bullet3-2.88\build3\vs2010\..\..\bin\gwen_vs2010_x64_debug.lib
d:\programming\bullet\bullet3-2.88\build3\vs2010\obj\x64\debug\gwen\gwen.tlog\cl.command.1.tlog
d:\programming\bullet\bullet3-2.88\build3\vs2010\obj\x64\debug\gwen\gwen.tlog\cl.read.1.tlog
d:\programming\bullet\bullet3-2.88\build3\vs2010\obj\x64\debug\gwen\gwen.tlog\cl.write.1.tlog
d:\programming\bullet\bullet3-2.88\build3\vs2010\obj\x64\debug\gwen\gwen.tlog\lib-link.read.1.tlog
d:\programming\bullet\bullet3-2.88\build3\vs2010\obj\x64\debug\gwen\gwen.tlog\lib-link.write.1.tlog
d:\programming\bullet\bullet3-2.88\build3\vs2010\obj\x64\debug\gwen\gwen.tlog\lib.command.1.tlog
