d:\programming\bullet\bullet3-2.88\build3\vs2010\obj\x64\release\bulletdynamics\btsimpledynamicsworld.obj
d:\programming\bullet\bullet3-2.88\build3\vs2010\obj\x64\release\bulletdynamics\btfixedconstraint.obj
d:\programming\bullet\bullet3-2.88\build3\vs2010\obj\x64\release\bulletdynamics\btgeneric6dofspringconstraint.obj
d:\programming\bullet\bullet3-2.88\build3\vs2010\obj\x64\release\bulletdynamics\btsolve2linearconstraint.obj
d:\programming\bullet\bullet3-2.88\build3\vs2010\obj\x64\release\bulletdynamics\btmultibodyconstraint.obj
d:\programming\bullet\bullet3-2.88\build3\vs2010\obj\x64\release\bulletdynamics\btmultibodymlcpconstraintsolver.obj
d:\programming\bullet\bullet3-2.88\build3\vs2010\obj\x64\release\bulletdynamics\btcontactconstraint.obj
d:\programming\bullet\bullet3-2.88\build3\vs2010\obj\x64\release\bulletdynamics\btgeneric6dofconstraint.obj
d:\programming\bullet\bullet3-2.88\build3\vs2010\obj\x64\release\bulletdynamics\btsequentialimpulseconstraintsolver.obj
d:\programming\bullet\bullet3-2.88\build3\vs2010\obj\x64\release\bulletdynamics\btmultibodyconstraintsolver.obj
d:\programming\bullet\bullet3-2.88\build3\vs2010\obj\x64\release\bulletdynamics\btdantziglcp.obj
d:\programming\bullet\bullet3-2.88\build3\vs2010\obj\x64\release\bulletdynamics\btdiscretedynamicsworld.obj
d:\programming\bullet\bullet3-2.88\build3\vs2010\obj\x64\release\bulletdynamics\btpoint2pointconstraint.obj
d:\programming\bullet\bullet3-2.88\build3\vs2010\obj\x64\release\bulletdynamics\bttypedconstraint.obj
d:\programming\bullet\bullet3-2.88\build3\vs2010\obj\x64\release\bulletdynamics\btmultibodyjointmotor.obj
d:\programming\bullet\bullet3-2.88\build3\vs2010\obj\x64\release\bulletdynamics\btmlcpsolver.obj
d:\programming\bullet\bullet3-2.88\build3\vs2010\obj\x64\release\bulletdynamics\btconetwistconstraint.obj
d:\programming\bullet\bullet3-2.88\build3\vs2010\obj\x64\release\bulletdynamics\btsequentialimpulseconstraintsolvermt.obj
d:\programming\bullet\bullet3-2.88\build3\vs2010\obj\x64\release\bulletdynamics\btmultibodydynamicsworld.obj
d:\programming\bullet\bullet3-2.88\build3\vs2010\obj\x64\release\bulletdynamics\btmultibodysphericaljointmotor.obj
d:\programming\bullet\bullet3-2.88\build3\vs2010\obj\x64\release\bulletdynamics\btkinematiccharactercontroller.obj
d:\programming\bullet\bullet3-2.88\build3\vs2010\obj\x64\release\bulletdynamics\btrigidbody.obj
d:\programming\bullet\bullet3-2.88\build3\vs2010\obj\x64\release\bulletdynamics\bthingeconstraint.obj
d:\programming\bullet\bullet3-2.88\build3\vs2010\obj\x64\release\bulletdynamics\btmultibody.obj
d:\programming\bullet\bullet3-2.88\build3\vs2010\obj\x64\release\bulletdynamics\btdiscretedynamicsworldmt.obj
d:\programming\bullet\bullet3-2.88\build3\vs2010\obj\x64\release\bulletdynamics\btnncgconstraintsolver.obj
d:\programming\bullet\bullet3-2.88\build3\vs2010\obj\x64\release\bulletdynamics\btmultibodyjointlimitconstraint.obj
d:\programming\bullet\bullet3-2.88\build3\vs2010\obj\x64\release\bulletdynamics\btlemkealgorithm.obj
d:\programming\bullet\bullet3-2.88\build3\vs2010\obj\x64\release\bulletdynamics\btwheelinfo.obj
d:\programming\bullet\bullet3-2.88\build3\vs2010\obj\x64\release\bulletdynamics\btsimulationislandmanagermt.obj
d:\programming\bullet\bullet3-2.88\build3\vs2010\obj\x64\release\bulletdynamics\btgearconstraint.obj
d:\programming\bullet\bullet3-2.88\build3\vs2010\obj\x64\release\bulletdynamics\bthinge2constraint.obj
d:\programming\bullet\bullet3-2.88\build3\vs2010\obj\x64\release\bulletdynamics\btuniversalconstraint.obj
d:\programming\bullet\bullet3-2.88\build3\vs2010\obj\x64\release\bulletdynamics\btmultibodygearconstraint.obj
d:\programming\bullet\bullet3-2.88\build3\vs2010\obj\x64\release\bulletdynamics\btmultibodypoint2point.obj
d:\programming\bullet\bullet3-2.88\build3\vs2010\obj\x64\release\bulletdynamics\btraycastvehicle.obj
d:\programming\bullet\bullet3-2.88\build3\vs2010\obj\x64\release\bulletdynamics\btbatchedconstraints.obj
d:\programming\bullet\bullet3-2.88\build3\vs2010\obj\x64\release\bulletdynamics\btgeneric6dofspring2constraint.obj
d:\programming\bullet\bullet3-2.88\build3\vs2010\obj\x64\release\bulletdynamics\btsliderconstraint.obj
d:\programming\bullet\bullet3-2.88\build3\vs2010\obj\x64\release\bulletdynamics\btmultibodyfixedconstraint.obj
d:\programming\bullet\bullet3-2.88\build3\vs2010\obj\x64\release\bulletdynamics\btmultibodysliderconstraint.obj
d:\programming\bullet\bullet3-2.88\bin\bulletdynamics_vs2010_x64_release.lib
d:\programming\bullet\bullet3-2.88\build3\vs2010\..\..\bin\bulletdynamics_vs2010_x64_release.lib
d:\programming\bullet\bullet3-2.88\build3\vs2010\obj\x64\release\bulletdynamics\bulletdynamics.tlog\cl.12076.write.1.tlog
d:\programming\bullet\bullet3-2.88\build3\vs2010\obj\x64\release\bulletdynamics\bulletdynamics.tlog\cl.command.1.tlog
d:\programming\bullet\bullet3-2.88\build3\vs2010\obj\x64\release\bulletdynamics\bulletdynamics.tlog\cl.read.1.tlog
d:\programming\bullet\bullet3-2.88\build3\vs2010\obj\x64\release\bulletdynamics\bulletdynamics.tlog\lib-link.read.1.tlog
d:\programming\bullet\bullet3-2.88\build3\vs2010\obj\x64\release\bulletdynamics\bulletdynamics.tlog\lib-link.write.1.tlog
d:\programming\bullet\bullet3-2.88\build3\vs2010\obj\x64\release\bulletdynamics\bulletdynamics.tlog\lib.command.1.tlog
