cl : Command line warning D9002: ignoring unknown option '/arch:SSE2'
cl : Command line warning D9002: ignoring unknown option '/arch:SSE2'
  b3RobotSimulatorClientAPI_NoDirect.cpp
cl : Command line warning D9002: ignoring unknown option '/arch:SSE2'
  IKTrajectoryHelper.cpp
cl : Command line warning D9002: ignoring unknown option '/arch:SSE2'
  PhysicsClient.cpp
cl : Command line warning D9002: ignoring unknown option '/arch:SSE2'
  PhysicsClientSharedMemory.cpp
cl : Command line warning D9002: ignoring unknown option '/arch:SSE2'
  PhysicsClientExample.cpp
cl : Command line warning D9002: ignoring unknown option '/arch:SSE2'
  PhysicsServerExample.cpp
cl : Command line warning D9002: ignoring unknown option '/arch:SSE2'
  PhysicsServerExampleBullet2.cpp
cl : Command line warning D9002: ignoring unknown option '/arch:SSE2'
  PhysicsServerSharedMemory.cpp
  PhysicsServer.cpp
  PhysicsClientC_API.cpp
  PosixSharedMemory.cpp
  Win32SharedMemory.cpp
  InProcessMemory.cpp
  PhysicsDirect.cpp
  PhysicsDirectC_API.cpp
  PhysicsLoopBack.cpp
  PhysicsLoopBackC_API.cpp
  PhysicsClientSharedMemory_C_API.cpp
  PhysicsClientSharedMemory2_C_API.cpp
  PhysicsClientSharedMemory2.cpp
  SharedMemoryCommandProcessor.cpp
  PhysicsServerCommandProcessor.cpp
  b3PluginManager.cpp
  collisionFilterPlugin.cpp
  pdControlPlugin.cpp
  SimpleCamera.cpp
  MyMultiBodyCreator.cpp
  BulletUrdfImporter.cpp
  UrdfParser.cpp
  urdfStringSplit.cpp
  URDF2Bullet.cpp
  BulletMJCFImporter.cpp
  b3ResourcePath.cpp
  b3Clock.cpp
  RobotLoggingUtil.cpp
d:\programming\bullet\bullet3-2.88\examples\importers\importmjcfdemo\bulletmjcfimporter.cpp(1443): warning C4804: '>': unsafe use of type 'bool' in operation
  ChromeTraceUtil.cpp
  btBulletWorldImporter.cpp
  btMultiBodyWorldImporter.cpp
  btWorldImporter.cpp
  bChunk.cpp
  bDNA.cpp
  bFile.cpp
  btBulletFile.cpp
  Wavefront2GLInstanceGraphicsShape.cpp
  LoadMeshFromObj.cpp
  LoadMeshFromCollada.cpp
  tiny_obj_loader.cpp
  tinyxml2.cpp
  b3ImportMeshUtility.cpp
  stb_image.cpp
d:\programming\bullet\bullet3-2.88\examples\thirdpartylibs\wavefront\tiny_obj_loader.cpp(441): warning C4996: 'sscanf': This function or variable may be unsafe. Consider using sscanf_s instead. To disable deprecation, use _CRT_SECURE_NO_WARNINGS. See online help for details.
  c:\program files (x86)\windows kits\10\include\10.0.17763.0\ucrt\stdio.h(2263): note: see declaration of 'sscanf'
d:\programming\bullet\bullet3-2.88\examples\thirdpartylibs\stb_image\stb_image.cpp(220): warning C4312: 'type cast': conversion from 'int' to 'unsigned char *' of greater size
d:\programming\bullet\bullet3-2.88\examples\thirdpartylibs\stb_image\stb_image.cpp(228): warning C4312: 'type cast': conversion from 'int' to 'unsigned char *' of greater size
d:\programming\bullet\bullet3-2.88\examples\thirdpartylibs\stb_image\stb_image.cpp(226): warning C4996: 'fopen': This function or variable may be unsafe. Consider using fopen_s instead. To disable deprecation, use _CRT_SECURE_NO_WARNINGS. See online help for details.
  c:\program files (x86)\windows kits\10\include\10.0.17763.0\ucrt\stdio.h(208): note: see declaration of 'fopen'
d:\programming\bullet\bullet3-2.88\examples\thirdpartylibs\stb_image\stb_image.cpp(268): warning C4312: 'type cast': conversion from 'int' to 'float *' of greater size
d:\programming\bullet\bullet3-2.88\examples\thirdpartylibs\stb_image\stb_image.cpp(290): warning C4312: 'type cast': conversion from 'int' to 'float *' of greater size
d:\programming\bullet\bullet3-2.88\examples\thirdpartylibs\stb_image\stb_image.cpp(288): warning C4996: 'fopen': This function or variable may be unsafe. Consider using fopen_s instead. To disable deprecation, use _CRT_SECURE_NO_WARNINGS. See online help for details.
  c:\program files (x86)\windows kits\10\include\10.0.17763.0\ucrt\stdio.h(208): note: see declaration of 'fopen'
d:\programming\bullet\bullet3-2.88\examples\thirdpartylibs\stb_image\stb_image.cpp(326): warning C4996: 'fopen': This function or variable may be unsafe. Consider using fopen_s instead. To disable deprecation, use _CRT_SECURE_NO_WARNINGS. See online help for details.
  c:\program files (x86)\windows kits\10\include\10.0.17763.0\ucrt\stdio.h(208): note: see declaration of 'fopen'
d:\programming\bullet\bullet3-2.88\examples\thirdpartylibs\wavefront\tiny_obj_loader.cpp(759): warning C4996: 'sscanf': This function or variable may be unsafe. Consider using sscanf_s instead. To disable deprecation, use _CRT_SECURE_NO_WARNINGS. See online help for details.
d:\programming\bullet\bullet3-2.88\examples\thirdpartylibs\stb_image\stb_image.cpp(524): warning C4312: 'type cast': conversion from 'int' to 'unsigned char *' of greater size
d:\programming\bullet\bullet3-2.88\examples\thirdpartylibs\stb_image\stb_image.cpp(601): warning C4312: 'type cast': conversion from 'int' to 'float *' of greater size
d:\programming\bullet\bullet3-2.88\examples\thirdpartylibs\stb_image\stb_image.cpp(628): warning C4312: 'type cast': conversion from 'int' to 'unsigned char *' of greater size
d:\programming\bullet\bullet3-2.88\examples\thirdpartylibs\stb_image\stb_image.cpp(1643): warning C4312: 'type cast': conversion from 'int' to 'unsigned char *' of greater size
d:\programming\bullet\bullet3-2.88\examples\thirdpartylibs\stb_image\stb_image.cpp(1680): warning C4312: 'type cast': conversion from 'int' to 'unsigned char *' of greater size
d:\programming\bullet\bullet3-2.88\examples\thirdpartylibs\stb_image\stb_image.cpp(1707): warning C4312: 'type cast': conversion from 'int' to 'unsigned char *' of greater size
  c:\program files (x86)\windows kits\10\include\10.0.17763.0\ucrt\stdio.h(2263): note: see declaration of 'sscanf'
d:\programming\bullet\bullet3-2.88\examples\thirdpartylibs\wavefront\tiny_obj_loader.cpp(778): warning C4996: 'sscanf': This function or variable may be unsafe. Consider using sscanf_s instead. To disable deprecation, use _CRT_SECURE_NO_WARNINGS. See online help for details.
  c:\program files (x86)\windows kits\10\include\10.0.17763.0\ucrt\stdio.h(2263): note: see declaration of 'sscanf'
d:\programming\bullet\bullet3-2.88\examples\thirdpartylibs\wavefront\tiny_obj_loader.cpp(841): warning C4996: 'sscanf': This function or variable may be unsafe. Consider using sscanf_s instead. To disable deprecation, use _CRT_SECURE_NO_WARNINGS. See online help for details.
  c:\program files (x86)\windows kits\10\include\10.0.17763.0\ucrt\stdio.h(2263): note: see declaration of 'sscanf'
d:\programming\bullet\bullet3-2.88\examples\thirdpartylibs\stb_image\stb_image.cpp(2851): warning C4312: 'type cast': conversion from 'int' to 'unsigned char *' of greater size
d:\programming\bullet\bullet3-2.88\examples\thirdpartylibs\stb_image\stb_image.cpp(2984): warning C4312: 'type cast': conversion from 'int' to 'unsigned char *' of greater size
d:\programming\bullet\bullet3-2.88\examples\thirdpartylibs\stb_image\stb_image.cpp(2990): warning C4312: 'type cast': conversion from 'int' to 'unsigned char *' of greater size
d:\programming\bullet\bullet3-2.88\examples\thirdpartylibs\stb_image\stb_image.cpp(3001): warning C4312: 'type cast': conversion from 'int' to 'unsigned char *' of greater size
d:\programming\bullet\bullet3-2.88\examples\thirdpartylibs\stb_image\stb_image.cpp(3003): warning C4312: 'type cast': conversion from 'int' to 'unsigned char *' of greater size
d:\programming\bullet\bullet3-2.88\examples\thirdpartylibs\stb_image\stb_image.cpp(3014): warning C4312: 'type cast': conversion from 'int' to 'unsigned char *' of greater size
d:\programming\bullet\bullet3-2.88\examples\thirdpartylibs\stb_image\stb_image.cpp(3058): warning C4312: 'type cast': conversion from 'int' to 'unsigned char *' of greater size
d:\programming\bullet\bullet3-2.88\examples\thirdpartylibs\stb_image\stb_image.cpp(3062): warning C4312: 'type cast': conversion from 'int' to 'unsigned char *' of greater size
d:\programming\bullet\bullet3-2.88\examples\thirdpartylibs\stb_image\stb_image.cpp(3085): warning C4312: 'type cast': conversion from 'int' to 'unsigned char *' of greater size
d:\programming\bullet\bullet3-2.88\examples\thirdpartylibs\stb_image\stb_image.cpp(3092): warning C4312: 'type cast': conversion from 'int' to 'unsigned char *' of greater size
d:\programming\bullet\bullet3-2.88\examples\thirdpartylibs\stb_image\stb_image.cpp(3110): warning C4312: 'type cast': conversion from 'int' to 'unsigned char *' of greater size
d:\programming\bullet\bullet3-2.88\examples\thirdpartylibs\stb_image\stb_image.cpp(3164): warning C4312: 'type cast': conversion from 'int' to 'unsigned char *' of greater size
d:\programming\bullet\bullet3-2.88\examples\thirdpartylibs\stb_image\stb_image.cpp(3380): warning C4312: 'type cast': conversion from 'int' to 'unsigned char *' of greater size
d:\programming\bullet\bullet3-2.88\examples\thirdpartylibs\stb_image\stb_image.cpp(3391): warning C4312: 'type cast': conversion from 'int' to 'unsigned char *' of greater size
d:\programming\bullet\bullet3-2.88\examples\thirdpartylibs\stb_image\stb_image.cpp(3396): warning C4312: 'type cast': conversion from 'int' to 'unsigned char *' of greater size
d:\programming\bullet\bullet3-2.88\examples\thirdpartylibs\stb_image\stb_image.cpp(3577): warning C4312: 'type cast': conversion from 'int' to 'unsigned char *' of greater size
d:\programming\bullet\bullet3-2.88\examples\thirdpartylibs\stb_image\stb_image.cpp(3581): warning C4312: 'type cast': conversion from 'int' to 'unsigned char *' of greater size
d:\programming\bullet\bullet3-2.88\examples\thirdpartylibs\stb_image\stb_image.cpp(3589): warning C4312: 'type cast': conversion from 'int' to 'unsigned char *' of greater size
d:\programming\bullet\bullet3-2.88\examples\thirdpartylibs\stb_image\stb_image.cpp(3597): warning C4312: 'type cast': conversion from 'int' to 'unsigned char *' of greater size
d:\programming\bullet\bullet3-2.88\examples\thirdpartylibs\stb_image\stb_image.cpp(3610): warning C4312: 'type cast': conversion from 'int' to 'unsigned char *' of greater size
d:\programming\bullet\bullet3-2.88\examples\thirdpartylibs\stb_image\stb_image.cpp(3627): warning C4312: 'type cast': conversion from 'int' to 'unsigned char *' of greater size
d:\programming\bullet\bullet3-2.88\examples\thirdpartylibs\stb_image\stb_image.cpp(3631): warning C4312: 'type cast': conversion from 'int' to 'unsigned char *' of greater size
d:\programming\bullet\bullet3-2.88\examples\thirdpartylibs\stb_image\stb_image.cpp(3795): warning C4312: 'type cast': conversion from 'int' to 'unsigned char *' of greater size
d:\programming\bullet\bullet3-2.88\examples\thirdpartylibs\stb_image\stb_image.cpp(3824): warning C4312: 'type cast': conversion from 'int' to 'unsigned char *' of greater size
d:\programming\bullet\bullet3-2.88\examples\thirdpartylibs\stb_image\stb_image.cpp(3835): warning C4312: 'type cast': conversion from 'int' to 'unsigned char *' of greater size
d:\programming\bullet\bullet3-2.88\examples\thirdpartylibs\stb_image\stb_image.cpp(3836): warning C4312: 'type cast': conversion from 'int' to 'unsigned char *' of greater size
d:\programming\bullet\bullet3-2.88\examples\thirdpartylibs\stb_image\stb_image.cpp(3853): warning C4312: 'type cast': conversion from 'int' to 'unsigned char *' of greater size
d:\programming\bullet\bullet3-2.88\examples\thirdpartylibs\stb_image\stb_image.cpp(3874): warning C4312: 'type cast': conversion from 'int' to 'unsigned char *' of greater size
d:\programming\bullet\bullet3-2.88\examples\thirdpartylibs\stb_image\stb_image.cpp(3894): warning C4312: 'type cast': conversion from 'int' to 'unsigned char *' of greater size
d:\programming\bullet\bullet3-2.88\examples\thirdpartylibs\stb_image\stb_image.cpp(3906): warning C4312: 'type cast': conversion from 'int' to 'unsigned char *' of greater size
d:\programming\bullet\bullet3-2.88\examples\thirdpartylibs\stb_image\stb_image.cpp(3917): warning C4312: 'type cast': conversion from 'int' to 'unsigned char *' of greater size
d:\programming\bullet\bullet3-2.88\examples\thirdpartylibs\stb_image\stb_image.cpp(3944): warning C4312: 'type cast': conversion from 'int' to 'unsigned char *' of greater size
d:\programming\bullet\bullet3-2.88\examples\thirdpartylibs\stb_image\stb_image.cpp(3945): warning C4312: 'type cast': conversion from 'int' to 'unsigned char *' of greater size
  stb_image_write.cpp
d:\programming\bullet\bullet3-2.88\examples\thirdpartylibs\stb_image\stb_image.cpp(4177): warning C4312: 'type cast': conversion from 'int' to 'unsigned char *' of greater size
d:\programming\bullet\bullet3-2.88\examples\thirdpartylibs\stb_image\stb_image.cpp(4182): warning C4312: 'type cast': conversion from 'int' to 'unsigned char *' of greater size
d:\programming\bullet\bullet3-2.88\examples\thirdpartylibs\stb_image\stb_image.cpp(4188): warning C4312: 'type cast': conversion from 'int' to 'unsigned char *' of greater size
d:\programming\bullet\bullet3-2.88\examples\thirdpartylibs\stb_image\stb_image.cpp(4202): warning C4312: 'type cast': conversion from 'int' to 'unsigned char *' of greater size
d:\programming\bullet\bullet3-2.88\examples\thirdpartylibs\stb_image\stb_image.cpp(4233): warning C4312: 'type cast': conversion from 'int' to 'unsigned char *' of greater size
d:\programming\bullet\bullet3-2.88\examples\thirdpartylibs\stb_image\stb_image.cpp(4243): warning C4312: 'type cast': conversion from 'int' to 'unsigned char *' of greater size
d:\programming\bullet\bullet3-2.88\examples\thirdpartylibs\stb_image\stb_image.cpp(4262): warning C4312: 'type cast': conversion from 'int' to 'unsigned char *' of greater size
d:\programming\bullet\bullet3-2.88\examples\thirdpartylibs\stb_image\stb_image.cpp(4299): warning C4312: 'type cast': conversion from 'int' to 'unsigned char *' of greater size
d:\programming\bullet\bullet3-2.88\examples\thirdpartylibs\stb_image\stb_image.cpp(4336): warning C4312: 'type cast': conversion from 'int' to 'unsigned char *' of greater size
d:\programming\bullet\bullet3-2.88\examples\thirdpartylibs\stb_image\stb_image.cpp(4458): warning C4312: 'type cast': conversion from 'int' to 'float *' of greater size
d:\programming\bullet\bullet3-2.88\examples\thirdpartylibs\stb_image\stb_image.cpp(4468): warning C4312: 'type cast': conversion from 'int' to 'float *' of greater size
d:\programming\bullet\bullet3-2.88\examples\thirdpartylibs\stb_image\stb_image.cpp(4473): warning C4312: 'type cast': conversion from 'int' to 'float *' of greater size
d:\programming\bullet\bullet3-2.88\examples\thirdpartylibs\stb_image\stb_image.cpp(4477): warning C4312: 'type cast': conversion from 'int' to 'float *' of greater size
d:\programming\bullet\bullet3-2.88\examples\thirdpartylibs\stb_image\stb_image.cpp(4537): warning C4312: 'type cast': conversion from 'int' to 'float *' of greater size
d:\programming\bullet\bullet3-2.88\examples\thirdpartylibs\stb_image\stb_image.cpp(4768): warning C4996: 'fopen': This function or variable may be unsafe. Consider using fopen_s instead. To disable deprecation, use _CRT_SECURE_NO_WARNINGS. See online help for details.
  c:\program files (x86)\windows kits\10\include\10.0.17763.0\ucrt\stdio.h(208): note: see declaration of 'fopen'
d:\programming\bullet\bullet3-2.88\examples\thirdpartylibs\stb_image\stb_image_write.h(183): warning C4996: 'fopen': This function or variable may be unsafe. Consider using fopen_s instead. To disable deprecation, use _CRT_SECURE_NO_WARNINGS. See online help for details. (compiling source file ..\..\examples\ThirdPartyLibs\stb_image\stb_image_write.cpp)
  c:\program files (x86)\windows kits\10\include\10.0.17763.0\ucrt\stdio.h(208): note: see declaration of 'fopen' (compiling source file ..\..\examples\ThirdPartyLibs\stb_image\stb_image_write.cpp)
  main.cpp
d:\programming\bullet\bullet3-2.88\examples\thirdpartylibs\stb_image\stb_image_write.h(588): warning C4996: 'fopen': This function or variable may be unsafe. Consider using fopen_s instead. To disable deprecation, use _CRT_SECURE_NO_WARNINGS. See online help for details. (compiling source file ..\..\examples\ThirdPartyLibs\stb_image\stb_image_write.cpp)
  c:\program files (x86)\windows kits\10\include\10.0.17763.0\ucrt\stdio.h(208): note: see declaration of 'fopen' (compiling source file ..\..\examples\ThirdPartyLibs\stb_image\stb_image_write.cpp)
  tinyRendererPlugin.cpp
  TinyRendererVisualShapeConverter.cpp
  geometry.cpp
  model.cpp
d:\programming\bullet\bullet3-2.88\src\bullet3common\b3commandlineargs.h(96): warning C4996: 'strcpy': This function or variable may be unsafe. Consider using strcpy_s instead. To disable deprecation, use _CRT_SECURE_NO_WARNINGS. See online help for details. (compiling source file ..\..\examples\SharedMemory\main.cpp)
  c:\program files (x86)\windows kits\10\include\10.0.17763.0\ucrt\string.h(133): note: see declaration of 'strcpy' (compiling source file ..\..\examples\SharedMemory\main.cpp)
  tgaimage.cpp
  our_gl.cpp
  TinyRenderer.cpp
  b3ThreadSupportInterface.cpp
  b3Win32ThreadSupport.cpp
     Creating library ..\..\bin\App_PhysicsServer_SharedMemory_vs2010_x64_release.lib and object ..\..\bin\App_PhysicsServer_SharedMemory_vs2010_x64_release.exp
  App_PhysicsServer_SharedMemory.vcxproj -> D:\Programming\Bullet\bullet3-2.88\build3\vs2010\..\..\bin\App_PhysicsServer_SharedMemory_vs2010_x64_release.exe
