d:\programming\bullet\bullet3-2.88\build3\vs2010\obj\x64\debug\pybullet_vrsyncplugin\b3clock.obj
d:\programming\bullet\bullet3-2.88\build3\vs2010\obj\x64\debug\pybullet_vrsyncplugin\physicsclientsharedmemory_c_api.obj
d:\programming\bullet\bullet3-2.88\build3\vs2010\obj\x64\debug\pybullet_vrsyncplugin\vrsyncplugin.obj
d:\programming\bullet\bullet3-2.88\build3\vs2010\obj\x64\debug\pybullet_vrsyncplugin\physicsclient.obj
d:\programming\bullet\bullet3-2.88\build3\vs2010\obj\x64\debug\pybullet_vrsyncplugin\b3resourcepath.obj
d:\programming\bullet\bullet3-2.88\build3\vs2010\obj\x64\debug\pybullet_vrsyncplugin\win32sharedmemory.obj
d:\programming\bullet\bullet3-2.88\build3\vs2010\obj\x64\debug\pybullet_vrsyncplugin\posixsharedmemory.obj
d:\programming\bullet\bullet3-2.88\build3\vs2010\obj\x64\debug\pybullet_vrsyncplugin\physicsclientc_api.obj
d:\programming\bullet\bullet3-2.88\build3\vs2010\obj\x64\debug\pybullet_vrsyncplugin\physicsclientsharedmemory.obj
d:\programming\bullet\bullet3-2.88\bin\pybullet_vrsyncplugin_vs2010_x64_debug.pdb
d:\programming\bullet\bullet3-2.88\bin\pybullet_vrsyncplugin_vs2010_x64_debug.ilk
d:\programming\bullet\bullet3-2.88\bin\pybullet_vrsyncplugin_vs2010_x64_debug.dll
d:\programming\bullet\bullet3-2.88\bin\lnk{dfff82ea-bc2c-4190-b9e1-ddc19a8f456a}.tmp
d:\programming\bullet\bullet3-2.88\bin\pybullet_vrsyncplugin_vs2010_x64_debug.lib
d:\programming\bullet\bullet3-2.88\bin\pybullet_vrsyncplugin_vs2010_x64_debug.exp
d:\programming\bullet\bullet3-2.88\build3\vs2010\..\..\bin\pybullet_vrsyncplugin_vs2010_x64_debug.dll
d:\programming\bullet\bullet3-2.88\build3\vs2010\obj\x64\debug\pybullet_vrsyncplugin\pybullet.c00d46b5.tlog\cl.11064.write.1.tlog
d:\programming\bullet\bullet3-2.88\build3\vs2010\obj\x64\debug\pybullet_vrsyncplugin\pybullet.c00d46b5.tlog\cl.command.1.tlog
d:\programming\bullet\bullet3-2.88\build3\vs2010\obj\x64\debug\pybullet_vrsyncplugin\pybullet.c00d46b5.tlog\cl.read.1.tlog
d:\programming\bullet\bullet3-2.88\build3\vs2010\obj\x64\debug\pybullet_vrsyncplugin\pybullet.c00d46b5.tlog\link.command.1.tlog
d:\programming\bullet\bullet3-2.88\build3\vs2010\obj\x64\debug\pybullet_vrsyncplugin\pybullet.c00d46b5.tlog\link.delete.1.tlog
d:\programming\bullet\bullet3-2.88\build3\vs2010\obj\x64\debug\pybullet_vrsyncplugin\pybullet.c00d46b5.tlog\link.read.1.tlog
d:\programming\bullet\bullet3-2.88\build3\vs2010\obj\x64\debug\pybullet_vrsyncplugin\pybullet.c00d46b5.tlog\link.write.1.tlog
d:\programming\bullet\bullet3-2.88\build3\vs2010\obj\x64\debug\pybullet_vrsyncplugin\pybullet.c00d46b5.tlog\pybullet_vrsyncplugin.write.1u.tlog
