d:\programming\bullet\bullet3-2.88\bin\app_robotsimulator_vs2010_x64_debug.lib
d:\programming\bullet\bullet3-2.88\bin\app_robotsimulator_vs2010_x64_debug.exp
d:\programming\bullet\bullet3-2.88\bin\app_robotsimulator_vs2010_x64_debug.pdb
d:\programming\bullet\bullet3-2.88\build3\vs2010\obj\x64\debug\app_robotsimulator\gl.obj
d:\programming\bullet\bullet3-2.88\build3\vs2010\obj\x64\debug\app_robotsimulator\physicsclienttcp_c_api.obj
d:\programming\bullet\bullet3-2.88\build3\vs2010\obj\x64\debug\app_robotsimulator\physicsserverexample.obj
d:\programming\bullet\bullet3-2.88\build3\vs2010\obj\x64\debug\app_robotsimulator\inprocessexamplebrowser.obj
d:\programming\bullet\bullet3-2.88\build3\vs2010\obj\x64\debug\app_robotsimulator\physicsclientudp_c_api.obj
d:\programming\bullet\bullet3-2.88\build3\vs2010\obj\x64\debug\app_robotsimulator\physicsserverexamplebullet2.obj
d:\programming\bullet\bullet3-2.88\build3\vs2010\obj\x64\debug\app_robotsimulator\sharedmemoryinprocessphysicsc_api.obj
d:\programming\bullet\bullet3-2.88\build3\vs2010\obj\x64\debug\app_robotsimulator\physicsclienttcp.obj
d:\programming\bullet\bullet3-2.88\build3\vs2010\obj\x64\debug\app_robotsimulator\robotsimulatormain.obj
d:\programming\bullet\bullet3-2.88\build3\vs2010\obj\x64\debug\app_robotsimulator\b3robotsimulatorclientapi.obj
d:\programming\bullet\bullet3-2.88\build3\vs2010\obj\x64\debug\app_robotsimulator\physicsclientudp.obj
d:\programming\bullet\bullet3-2.88\build3\vs2010\obj\x64\debug\app_robotsimulator\minitaursetup.obj
d:\programming\bullet\bullet3-2.88\bin\app_robotsimulator_vs2010_x64_debug.ilk
d:\programming\bullet\bullet3-2.88\bin\app_robotsimulator_vs2010_x64_debug.exe
d:\programming\bullet\bullet3-2.88\bin\lnk{09bd0e84-2352-4c50-89e3-8d15a4fb1c91}.tmp
d:\programming\bullet\bullet3-2.88\build3\vs2010\..\..\bin\app_robotsimulator_vs2010_x64_debug.exe
d:\programming\bullet\bullet3-2.88\build3\vs2010\obj\x64\debug\app_robotsimulator\app_robo.fd5f67ff.tlog\app_robotsimulator.write.1u.tlog
d:\programming\bullet\bullet3-2.88\build3\vs2010\obj\x64\debug\app_robotsimulator\app_robo.fd5f67ff.tlog\cl.command.1.tlog
d:\programming\bullet\bullet3-2.88\build3\vs2010\obj\x64\debug\app_robotsimulator\app_robo.fd5f67ff.tlog\cl.read.1.tlog
d:\programming\bullet\bullet3-2.88\build3\vs2010\obj\x64\debug\app_robotsimulator\app_robo.fd5f67ff.tlog\cl.write.1.tlog
d:\programming\bullet\bullet3-2.88\build3\vs2010\obj\x64\debug\app_robotsimulator\app_robo.fd5f67ff.tlog\link.command.1.tlog
d:\programming\bullet\bullet3-2.88\build3\vs2010\obj\x64\debug\app_robotsimulator\app_robo.fd5f67ff.tlog\link.delete.1.tlog
d:\programming\bullet\bullet3-2.88\build3\vs2010\obj\x64\debug\app_robotsimulator\app_robo.fd5f67ff.tlog\link.read.1.tlog
d:\programming\bullet\bullet3-2.88\build3\vs2010\obj\x64\debug\app_robotsimulator\app_robo.fd5f67ff.tlog\link.write.1.tlog
