d:\programming\bullet\bullet3-2.88\build3\vs2010\obj\x64\release\opengl_window\gl.obj
d:\programming\bullet\bullet3-2.88\build3\vs2010\obj\x64\release\opengl_window\glrendertotexture.obj
d:\programming\bullet\bullet3-2.88\build3\vs2010\obj\x64\release\opengl_window\twfonts.obj
d:\programming\bullet\bullet3-2.88\build3\vs2010\obj\x64\release\opengl_window\opengl_fontstashcallbacks.obj
d:\programming\bullet\bullet3-2.88\build3\vs2010\obj\x64\release\opengl_window\simpleopengl3app.obj
d:\programming\bullet\bullet3-2.88\build3\vs2010\obj\x64\release\opengl_window\fontstash.obj
d:\programming\bullet\bullet3-2.88\build3\vs2010\obj\x64\release\opengl_window\glfwopenglwindow.obj
d:\programming\bullet\bullet3-2.88\build3\vs2010\obj\x64\release\opengl_window\opensans.obj
d:\programming\bullet\bullet3-2.88\build3\vs2010\obj\x64\release\opengl_window\win32openglwindow.obj
d:\programming\bullet\bullet3-2.88\build3\vs2010\obj\x64\release\opengl_window\simplecamera.obj
d:\programming\bullet\bullet3-2.88\build3\vs2010\obj\x64\release\opengl_window\win32window.obj
d:\programming\bullet\bullet3-2.88\build3\vs2010\obj\x64\release\opengl_window\loadshader.obj
d:\programming\bullet\bullet3-2.88\build3\vs2010\obj\x64\release\opengl_window\simpleopengl2app.obj
d:\programming\bullet\bullet3-2.88\build3\vs2010\obj\x64\release\opengl_window\eglopenglwindow.obj
d:\programming\bullet\bullet3-2.88\build3\vs2010\obj\x64\release\opengl_window\glinstancingrenderer.obj
d:\programming\bullet\bullet3-2.88\build3\vs2010\obj\x64\release\opengl_window\stb_image_write.obj
d:\programming\bullet\bullet3-2.88\build3\vs2010\obj\x64\release\opengl_window\glprimitiverenderer.obj
d:\programming\bullet\bullet3-2.88\build3\vs2010\obj\x64\release\opengl_window\simpleopengl2renderer.obj
d:\programming\bullet\bullet3-2.88\bin\opengl_window_vs2010_x64_release.lib
d:\programming\bullet\bullet3-2.88\build3\vs2010\..\..\bin\opengl_window_vs2010_x64_release.lib
d:\programming\bullet\bullet3-2.88\build3\vs2010\obj\x64\release\opengl_window\opengl_window.tlog\cl.command.1.tlog
d:\programming\bullet\bullet3-2.88\build3\vs2010\obj\x64\release\opengl_window\opengl_window.tlog\cl.read.1.tlog
d:\programming\bullet\bullet3-2.88\build3\vs2010\obj\x64\release\opengl_window\opengl_window.tlog\cl.write.1.tlog
d:\programming\bullet\bullet3-2.88\build3\vs2010\obj\x64\release\opengl_window\opengl_window.tlog\lib-link.read.1.tlog
d:\programming\bullet\bullet3-2.88\build3\vs2010\obj\x64\release\opengl_window\opengl_window.tlog\lib-link.write.1.tlog
d:\programming\bullet\bullet3-2.88\build3\vs2010\obj\x64\release\opengl_window\opengl_window.tlog\lib.command.1.tlog
