cl : Command line warning D9002: ignoring unknown option '/arch:SSE2'
  gl.c
cl : Command line warning D9002: ignoring unknown option '/arch:SSE2'
cl : Command line warning D9002: ignoring unknown option '/arch:SSE2'
  EGLOpenGLWindow.cpp
cl : Command line warning D9002: ignoring unknown option '/arch:SSE2'
  fontstash.cpp
cl : Command line warning D9002: ignoring unknown option '/arch:SSE2'
  GLFWOpenGLWindow.cpp
cl : Command line warning D9002: ignoring unknown option '/arch:SSE2'
  GLInstancingRenderer.cpp
cl : Command line warning D9002: ignoring unknown option '/arch:SSE2'
  GLPrimitiveRenderer.cpp
cl : Command line warning D9002: ignoring unknown option '/arch:SSE2'
  GLRenderToTexture.cpp
cl : Command line warning D9002: ignoring unknown option '/arch:SSE2'
  LoadShader.cpp
  opengl_fontstashcallbacks.cpp
cl : Command line warning D9002: ignoring unknown option '/arch:SSE2'
  OpenSans.cpp
  SimpleCamera.cpp
  SimpleOpenGL2App.cpp
  SimpleOpenGL2Renderer.cpp
d:\programming\bullet\bullet3-2.88\examples\openglwindow\fontstash.cpp(206): warning C4996: 'fopen': This function or variable may be unsafe. Consider using fopen_s instead. To disable deprecation, use _CRT_SECURE_NO_WARNINGS. See online help for details.
  c:\program files (x86)\windows kits\10\include\10.0.17763.0\ucrt\stdio.h(208): note: see declaration of 'fopen'
  SimpleOpenGL3App.cpp
  TwFonts.cpp
  Win32OpenGLWindow.cpp
  Win32Window.cpp
  stb_image_write.cpp
d:\programming\bullet\bullet3-2.88\examples\thirdpartylibs\stb_image\stb_image_write.h(183): warning C4996: 'fopen': This function or variable may be unsafe. Consider using fopen_s instead. To disable deprecation, use _CRT_SECURE_NO_WARNINGS. See online help for details. (compiling source file ..\..\examples\ThirdPartyLibs\stb_image\stb_image_write.cpp)
  c:\program files (x86)\windows kits\10\include\10.0.17763.0\ucrt\stdio.h(208): note: see declaration of 'fopen' (compiling source file ..\..\examples\ThirdPartyLibs\stb_image\stb_image_write.cpp)
d:\programming\bullet\bullet3-2.88\examples\thirdpartylibs\stb_image\stb_image_write.h(588): warning C4996: 'fopen': This function or variable may be unsafe. Consider using fopen_s instead. To disable deprecation, use _CRT_SECURE_NO_WARNINGS. See online help for details. (compiling source file ..\..\examples\ThirdPartyLibs\stb_image\stb_image_write.cpp)
  c:\program files (x86)\windows kits\10\include\10.0.17763.0\ucrt\stdio.h(208): note: see declaration of 'fopen' (compiling source file ..\..\examples\ThirdPartyLibs\stb_image\stb_image_write.cpp)
  OpenGL_Window.vcxproj -> D:\Programming\Bullet\bullet3-2.88\build3\vs2010\..\..\bin\OpenGL_Window_vs2010_x64_release.lib
