d:\programming\bullet\bullet3-2.88\bin\app_bulletexamplebrowser_vs2010_x64_release.lib
d:\programming\bullet\bullet3-2.88\bin\app_bulletexamplebrowser_vs2010_x64_release.exp
d:\programming\bullet\bullet3-2.88\build3\vs2010\obj\x64\release\app_bulletexamplebrowser\btbulletfile.obj
d:\programming\bullet\bullet3-2.88\build3\vs2010\obj\x64\release\app_bulletexamplebrowser\bullet2collisionsdk.obj
d:\programming\bullet\bullet3-2.88\build3\vs2010\obj\x64\release\app_bulletexamplebrowser\exampleentries.obj
d:\programming\bullet\bullet3-2.88\build3\vs2010\obj\x64\release\app_bulletexamplebrowser\main.obj
d:\programming\bullet\bullet3-2.88\build3\vs2010\obj\x64\release\app_bulletexamplebrowser\multipleboxes.obj
d:\programming\bullet\bullet3-2.88\build3\vs2010\obj\x64\release\app_bulletexamplebrowser\fracturedemo.obj
d:\programming\bullet\bullet3-2.88\build3\vs2010\obj\x64\release\app_bulletexamplebrowser\importmjcfsetup.obj
d:\programming\bullet\bullet3-2.88\build3\vs2010\obj\x64\release\app_bulletexamplebrowser\urdfparser.obj
d:\programming\bullet\bullet3-2.88\build3\vs2010\obj\x64\release\app_bulletexamplebrowser\multithreadeddemo.obj
d:\programming\bullet\bullet3-2.88\build3\vs2010\obj\x64\release\app_bulletexamplebrowser\timeseriescanvas.obj
d:\programming\bullet\bullet3-2.88\build3\vs2010\obj\x64\release\app_bulletexamplebrowser\tinyvrgui.obj
d:\programming\bullet\bullet3-2.88\build3\vs2010\obj\x64\release\app_bulletexamplebrowser\iktrajectoryhelper.obj
d:\programming\bullet\bullet3-2.88\build3\vs2010\obj\x64\release\app_bulletexamplebrowser\physicsdirectc_api.obj
d:\programming\bullet\bullet3-2.88\build3\vs2010\obj\x64\release\app_bulletexamplebrowser\physicsserver.obj
d:\programming\bullet\bullet3-2.88\build3\vs2010\obj\x64\release\app_bulletexamplebrowser\physicsserverexamplebullet2.obj
d:\programming\bullet\bullet3-2.88\build3\vs2010\obj\x64\release\app_bulletexamplebrowser\posixsharedmemory.obj
d:\programming\bullet\bullet3-2.88\build3\vs2010\obj\x64\release\app_bulletexamplebrowser\b3pluginmanager.obj
d:\programming\bullet\bullet3-2.88\build3\vs2010\obj\x64\release\app_bulletexamplebrowser\dof6constrainttutorial.obj
d:\programming\bullet\bullet3-2.88\build3\vs2010\obj\x64\release\app_bulletexamplebrowser\btmultibodyworldimporter.obj
d:\programming\bullet\bullet3-2.88\build3\vs2010\obj\x64\release\app_bulletexamplebrowser\constraintphysicssetup.obj
d:\programming\bullet\bullet3-2.88\build3\vs2010\obj\x64\release\app_bulletexamplebrowser\bridge.obj
d:\programming\bullet\bullet3-2.88\build3\vs2010\obj\x64\release\app_bulletexamplebrowser\newtonsropecradle.obj
d:\programming\bullet\bullet3-2.88\build3\vs2010\obj\x64\release\app_bulletexamplebrowser\gyroscopicsetup.obj
d:\programming\bullet\bullet3-2.88\build3\vs2010\obj\x64\release\app_bulletexamplebrowser\importobjexample.obj
d:\programming\bullet\bullet3-2.88\build3\vs2010\obj\x64\release\app_bulletexamplebrowser\urdf2bullet.obj
d:\programming\bullet\bullet3-2.88\build3\vs2010\obj\x64\release\app_bulletexamplebrowser\pendulum.obj
d:\programming\bullet\bullet3-2.88\build3\vs2010\obj\x64\release\app_bulletexamplebrowser\raytestdemo.obj
d:\programming\bullet\bullet3-2.88\build3\vs2010\obj\x64\release\app_bulletexamplebrowser\b3robotsimulatorclientapi.obj
d:\programming\bullet\bullet3-2.88\build3\vs2010\obj\x64\release\app_bulletexamplebrowser\inprocessmemory.obj
d:\programming\bullet\bullet3-2.88\build3\vs2010\obj\x64\release\app_bulletexamplebrowser\physicsloopback.obj
d:\programming\bullet\bullet3-2.88\build3\vs2010\obj\x64\release\app_bulletexamplebrowser\physicsserverexample.obj
d:\programming\bullet\bullet3-2.88\build3\vs2010\obj\x64\release\app_bulletexamplebrowser\btconvexconvexmpralgorithm.obj
d:\programming\bullet\bullet3-2.88\build3\vs2010\obj\x64\release\app_bulletexamplebrowser\btbulletworldimporter.obj
d:\programming\bullet\bullet3-2.88\build3\vs2010\obj\x64\release\app_bulletexamplebrowser\motordemo.obj
d:\programming\bullet\bullet3-2.88\build3\vs2010\obj\x64\release\app_bulletexamplebrowser\multipendulum.obj
d:\programming\bullet\bullet3-2.88\build3\vs2010\obj\x64\release\app_bulletexamplebrowser\forkliftdemo.obj
d:\programming\bullet\bullet3-2.88\build3\vs2010\obj\x64\release\app_bulletexamplebrowser\bulletmjcfimporter.obj
d:\programming\bullet\bullet3-2.88\build3\vs2010\obj\x64\release\app_bulletexamplebrowser\multidofdemo.obj
d:\programming\bullet\bullet3-2.88\build3\vs2010\obj\x64\release\app_bulletexamplebrowser\raytracersetup.obj
d:\programming\bullet\bullet3-2.88\build3\vs2010\obj\x64\release\app_bulletexamplebrowser\rollingfrictiondemo.obj
d:\programming\bullet\bullet3-2.88\build3\vs2010\obj\x64\release\app_bulletexamplebrowser\sharedmemoryinprocessphysicsc_api.obj
d:\programming\bullet\bullet3-2.88\build3\vs2010\obj\x64\release\app_bulletexamplebrowser\b3robotsimulatorclientapi_nodirect.obj
d:\programming\bullet\bullet3-2.88\build3\vs2010\obj\x64\release\app_bulletexamplebrowser\tinyrenderer.obj
d:\programming\bullet\bullet3-2.88\build3\vs2010\obj\x64\release\app_bulletexamplebrowser\voronoifracturedemo.obj
d:\programming\bullet\bullet3-2.88\build3\vs2010\obj\x64\release\app_bulletexamplebrowser\btworldimporter.obj
d:\programming\bullet\bullet3-2.88\build3\vs2010\obj\x64\release\app_bulletexamplebrowser\nn3dwalkers.obj
d:\programming\bullet\bullet3-2.88\build3\vs2010\obj\x64\release\app_bulletexamplebrowser\simplecloth.obj
d:\programming\bullet\bullet3-2.88\build3\vs2010\obj\x64\release\app_bulletexamplebrowser\bsploader.obj
d:\programming\bullet\bullet3-2.88\build3\vs2010\obj\x64\release\app_bulletexamplebrowser\loadmeshfromcollada.obj
d:\programming\bullet\bullet3-2.88\build3\vs2010\obj\x64\release\app_bulletexamplebrowser\mymultibodycreator.obj
d:\programming\bullet\bullet3-2.88\build3\vs2010\obj\x64\release\app_bulletexamplebrowser\invertedpendulumpdcontrol.obj
d:\programming\bullet\bullet3-2.88\build3\vs2010\obj\x64\release\app_bulletexamplebrowser\serialchains.obj
d:\programming\bullet\bullet3-2.88\build3\vs2010\obj\x64\release\app_bulletexamplebrowser\tinyrenderersetup.obj
d:\programming\bullet\bullet3-2.88\build3\vs2010\obj\x64\release\app_bulletexamplebrowser\physicsclient.obj
d:\programming\bullet\bullet3-2.88\build3\vs2010\obj\x64\release\app_bulletexamplebrowser\physicsclientc_api.obj
d:\programming\bullet\bullet3-2.88\build3\vs2010\obj\x64\release\app_bulletexamplebrowser\physicsservercommandprocessor.obj
d:\programming\bullet\bullet3-2.88\build3\vs2010\obj\x64\release\app_bulletexamplebrowser\basicexample.obj
d:\programming\bullet\bullet3-2.88\build3\vs2010\obj\x64\release\app_bulletexamplebrowser\testhingetorque.obj
d:\programming\bullet\bullet3-2.88\build3\vs2010\obj\x64\release\app_bulletexamplebrowser\chain.obj
d:\programming\bullet\bullet3-2.88\build3\vs2010\obj\x64\release\app_bulletexamplebrowser\newtonscradle.obj
d:\programming\bullet\bullet3-2.88\build3\vs2010\obj\x64\release\app_bulletexamplebrowser\btfracturedynamicsworld.obj
d:\programming\bullet\bullet3-2.88\build3\vs2010\obj\x64\release\app_bulletexamplebrowser\b3importmeshutility.obj
d:\programming\bullet\bullet3-2.88\build3\vs2010\obj\x64\release\app_bulletexamplebrowser\bulleturdfimporter.obj
d:\programming\bullet\bullet3-2.88\build3\vs2010\obj\x64\release\app_bulletexamplebrowser\commonrigidbodymtbase.obj
d:\programming\bullet\bullet3-2.88\build3\vs2010\obj\x64\release\app_bulletexamplebrowser\kukagraspexample.obj
d:\programming\bullet\bullet3-2.88\build3\vs2010\obj\x64\release\app_bulletexamplebrowser\physicsclientsharedmemory.obj
d:\programming\bullet\bullet3-2.88\build3\vs2010\obj\x64\release\app_bulletexamplebrowser\robotloggingutil.obj
d:\programming\bullet\bullet3-2.88\build3\vs2010\obj\x64\release\app_bulletexamplebrowser\bdna.obj
d:\programming\bullet\bullet3-2.88\build3\vs2010\obj\x64\release\app_bulletexamplebrowser\collisiontutorialbullet2.obj
d:\programming\bullet\bullet3-2.88\build3\vs2010\obj\x64\release\app_bulletexamplebrowser\dof6spring2setup.obj
d:\programming\bullet\bullet3-2.88\build3\vs2010\obj\x64\release\app_bulletexamplebrowser\compoundboxes.obj
d:\programming\bullet\bullet3-2.88\build3\vs2010\obj\x64\release\app_bulletexamplebrowser\rigidbodyfromobj.obj
d:\programming\bullet\bullet3-2.88\build3\vs2010\obj\x64\release\app_bulletexamplebrowser\btfracturebody.obj
d:\programming\bullet\bullet3-2.88\build3\vs2010\obj\x64\release\app_bulletexamplebrowser\serializesetup.obj
d:\programming\bullet\bullet3-2.88\build3\vs2010\obj\x64\release\app_bulletexamplebrowser\wavefront2glinstancegraphicsshape.obj
d:\programming\bullet\bullet3-2.88\build3\vs2010\obj\x64\release\app_bulletexamplebrowser\importurdfsetup.obj
d:\programming\bullet\bullet3-2.88\build3\vs2010\obj\x64\release\app_bulletexamplebrowser\multibodyconstraintfeedback.obj
d:\programming\bullet\bullet3-2.88\build3\vs2010\obj\x64\release\app_bulletexamplebrowser\multithreadingexample.obj
d:\programming\bullet\bullet3-2.88\build3\vs2010\obj\x64\release\app_bulletexamplebrowser\coordinatesystemdemo.obj
d:\programming\bullet\bullet3-2.88\build3\vs2010\obj\x64\release\app_bulletexamplebrowser\dynamictexturedcubedemo.obj
d:\programming\bullet\bullet3-2.88\build3\vs2010\obj\x64\release\app_bulletexamplebrowser\grippergraspexample.obj
d:\programming\bullet\bullet3-2.88\build3\vs2010\obj\x64\release\app_bulletexamplebrowser\physicsclientsharedmemory2_c_api.obj
d:\programming\bullet\bullet3-2.88\build3\vs2010\obj\x64\release\app_bulletexamplebrowser\physicsdirect.obj
d:\programming\bullet\bullet3-2.88\build3\vs2010\obj\x64\release\app_bulletexamplebrowser\softdemo.obj
d:\programming\bullet\bullet3-2.88\build3\vs2010\obj\x64\release\app_bulletexamplebrowser\bfile.obj
d:\programming\bullet\bullet3-2.88\build3\vs2010\obj\x64\release\app_bulletexamplebrowser\constraintdemo.obj
d:\programming\bullet\bullet3-2.88\build3\vs2010\obj\x64\release\app_bulletexamplebrowser\inclinedplane.obj
d:\programming\bullet\bullet3-2.88\build3\vs2010\obj\x64\release\app_bulletexamplebrowser\simplejoint.obj
d:\programming\bullet\bullet3-2.88\build3\vs2010\obj\x64\release\app_bulletexamplebrowser\importbspexample.obj
d:\programming\bullet\bullet3-2.88\build3\vs2010\obj\x64\release\app_bulletexamplebrowser\importsdfsetup.obj
d:\programming\bullet\bullet3-2.88\build3\vs2010\obj\x64\release\app_bulletexamplebrowser\inversedynamicsexample.obj
d:\programming\bullet\bullet3-2.88\build3\vs2010\obj\x64\release\app_bulletexamplebrowser\testjointtorquesetup.obj
d:\programming\bullet\bullet3-2.88\build3\vs2010\obj\x64\release\app_bulletexamplebrowser\timeseriesexample.obj
d:\programming\bullet\bullet3-2.88\build3\vs2010\obj\x64\release\app_bulletexamplebrowser\r2d2graspexample.obj
d:\programming\bullet\bullet3-2.88\build3\vs2010\obj\x64\release\app_bulletexamplebrowser\physicsclientsharedmemory2.obj
d:\programming\bullet\bullet3-2.88\build3\vs2010\obj\x64\release\app_bulletexamplebrowser\physicsclientsharedmemory_c_api.obj
d:\programming\bullet\bullet3-2.88\build3\vs2010\obj\x64\release\app_bulletexamplebrowser\physicsloopbackc_api.obj
d:\programming\bullet\bullet3-2.88\build3\vs2010\obj\x64\release\app_bulletexamplebrowser\physicsserversharedmemory.obj
d:\programming\bullet\bullet3-2.88\build3\vs2010\obj\x64\release\app_bulletexamplebrowser\pdcontrolplugin.obj
d:\programming\bullet\bullet3-2.88\build3\vs2010\obj\x64\release\app_bulletexamplebrowser\tutorial.obj
d:\programming\bullet\bullet3-2.88\build3\vs2010\obj\x64\release\app_bulletexamplebrowser\hinge2vehicle.obj
d:\programming\bullet\bullet3-2.88\build3\vs2010\obj\x64\release\app_bulletexamplebrowser\bchunk.obj
d:\programming\bullet\bullet3-2.88\build3\vs2010\obj\x64\release\app_bulletexamplebrowser\benchmarkdemo.obj
d:\programming\bullet\bullet3-2.88\build3\vs2010\obj\x64\release\app_bulletexamplebrowser\simplebox.obj
d:\programming\bullet\bullet3-2.88\build3\vs2010\obj\x64\release\app_bulletexamplebrowser\bspconverter.obj
d:\programming\bullet\bullet3-2.88\build3\vs2010\obj\x64\release\app_bulletexamplebrowser\importcolladasetup.obj
d:\programming\bullet\bullet3-2.88\build3\vs2010\obj\x64\release\app_bulletexamplebrowser\importstlsetup.obj
d:\programming\bullet\bullet3-2.88\build3\vs2010\obj\x64\release\app_bulletexamplebrowser\urdfstringsplit.obj
d:\programming\bullet\bullet3-2.88\build3\vs2010\obj\x64\release\app_bulletexamplebrowser\multibodysoftcontact.obj
d:\programming\bullet\bullet3-2.88\build3\vs2010\obj\x64\release\app_bulletexamplebrowser\planar2d.obj
d:\programming\bullet\bullet3-2.88\build3\vs2010\obj\x64\release\app_bulletexamplebrowser\rigidbodysoftcontact.obj
d:\programming\bullet\bullet3-2.88\build3\vs2010\obj\x64\release\app_bulletexamplebrowser\physicsclientexample.obj
d:\programming\bullet\bullet3-2.88\build3\vs2010\obj\x64\release\app_bulletexamplebrowser\b3robotsimulatorclientapi_nogui.obj
d:\programming\bullet\bullet3-2.88\build3\vs2010\obj\x64\release\app_bulletexamplebrowser\tinyrenderervisualshapeconverter.obj
d:\programming\bullet\bullet3-2.88\build3\vs2010\obj\x64\release\app_bulletexamplebrowser\gl.obj
d:\programming\bullet\bullet3-2.88\build3\vs2010\obj\x64\release\app_bulletexamplebrowser\clew.obj
d:\programming\bullet\bullet3-2.88\build3\vs2010\obj\x64\release\app_bulletexamplebrowser\win32sharedmemory.obj
d:\programming\bullet\bullet3-2.88\build3\vs2010\obj\x64\release\app_bulletexamplebrowser\tinyrendererplugin.obj
d:\programming\bullet\bullet3-2.88\build3\vs2010\obj\x64\release\app_bulletexamplebrowser\b3posixthreadsupport.obj
d:\programming\bullet\bullet3-2.88\build3\vs2010\obj\x64\release\app_bulletexamplebrowser\b3win32threadsupport.obj
d:\programming\bullet\bullet3-2.88\build3\vs2010\obj\x64\release\app_bulletexamplebrowser\linearr2.obj
d:\programming\bullet\bullet3-2.88\build3\vs2010\obj\x64\release\app_bulletexamplebrowser\node.obj
d:\programming\bullet\bullet3-2.88\build3\vs2010\obj\x64\release\app_bulletexamplebrowser\inversekinematicsexample.obj
d:\programming\bullet\bullet3-2.88\build3\vs2010\obj\x64\release\app_bulletexamplebrowser\collisionsdkc_api.obj
d:\programming\bullet\bullet3-2.88\build3\vs2010\obj\x64\release\app_bulletexamplebrowser\timeseriesfontdata.obj
d:\programming\bullet\bullet3-2.88\build3\vs2010\obj\x64\release\app_bulletexamplebrowser\matrixrmn.obj
d:\programming\bullet\bullet3-2.88\build3\vs2010\obj\x64\release\app_bulletexamplebrowser\pairbench.obj
d:\programming\bullet\bullet3-2.88\build3\vs2010\obj\x64\release\app_bulletexamplebrowser\renderinstancingdemo.obj
d:\programming\bullet\bullet3-2.88\build3\vs2010\obj\x64\release\app_bulletexamplebrowser\stb_image.obj
d:\programming\bullet\bullet3-2.88\build3\vs2010\obj\x64\release\app_bulletexamplebrowser\linearr3.obj
d:\programming\bullet\bullet3-2.88\build3\vs2010\obj\x64\release\app_bulletexamplebrowser\geometry.obj
d:\programming\bullet\bullet3-2.88\build3\vs2010\obj\x64\release\app_bulletexamplebrowser\collisionfilterplugin.obj
d:\programming\bullet\bullet3-2.88\build3\vs2010\obj\x64\release\app_bulletexamplebrowser\realtimebullet3collisionsdk.obj
d:\programming\bullet\bullet3-2.88\build3\vs2010\obj\x64\release\app_bulletexamplebrowser\tiny_obj_loader.obj
d:\programming\bullet\bullet3-2.88\build3\vs2010\obj\x64\release\app_bulletexamplebrowser\our_gl.obj
d:\programming\bullet\bullet3-2.88\build3\vs2010\obj\x64\release\app_bulletexamplebrowser\loadmeshfromobj.obj
d:\programming\bullet\bullet3-2.88\build3\vs2010\obj\x64\release\app_bulletexamplebrowser\vectorrn.obj
d:\programming\bullet\bullet3-2.88\build3\vs2010\obj\x64\release\app_bulletexamplebrowser\gpurigidbodydemo.obj
d:\programming\bullet\bullet3-2.88\build3\vs2010\obj\x64\release\app_bulletexamplebrowser\model.obj
d:\programming\bullet\bullet3-2.88\build3\vs2010\obj\x64\release\app_bulletexamplebrowser\sharedmemorycommandprocessor.obj
d:\programming\bullet\bullet3-2.88\build3\vs2010\obj\x64\release\app_bulletexamplebrowser\jacobian.obj
d:\programming\bullet\bullet3-2.88\build3\vs2010\obj\x64\release\app_bulletexamplebrowser\tree.obj
d:\programming\bullet\bullet3-2.88\build3\vs2010\obj\x64\release\app_bulletexamplebrowser\tgaimage.obj
d:\programming\bullet\bullet3-2.88\build3\vs2010\obj\x64\release\app_bulletexamplebrowser\b3threadsupportinterface.obj
d:\programming\bullet\bullet3-2.88\build3\vs2010\obj\x64\release\app_bulletexamplebrowser\linearr4.obj
d:\programming\bullet\bullet3-2.88\build3\vs2010\obj\x64\release\app_bulletexamplebrowser\gpuconvexscene.obj
d:\programming\bullet\bullet3-2.88\build3\vs2010\obj\x64\release\app_bulletexamplebrowser\misc.obj
d:\programming\bullet\bullet3-2.88\build3\vs2010\obj\x64\release\app_bulletexamplebrowser\tinyxml2.obj
d:\programming\bullet\bullet3-2.88\bin\app_bulletexamplebrowser_vs2010_x64_release.exe
d:\programming\bullet\bullet3-2.88\build3\vs2010\..\..\bin\app_bulletexamplebrowser_vs2010_x64_release.exe
d:\programming\bullet\bullet3-2.88\build3\vs2010\obj\x64\release\app_bulletexamplebrowser\app_bull.ed3fbfdb.tlog\app_bulletexamplebrowser.write.1u.tlog
d:\programming\bullet\bullet3-2.88\build3\vs2010\obj\x64\release\app_bulletexamplebrowser\app_bull.ed3fbfdb.tlog\cl.10736.write.1.tlog
d:\programming\bullet\bullet3-2.88\build3\vs2010\obj\x64\release\app_bulletexamplebrowser\app_bull.ed3fbfdb.tlog\cl.command.1.tlog
d:\programming\bullet\bullet3-2.88\build3\vs2010\obj\x64\release\app_bulletexamplebrowser\app_bull.ed3fbfdb.tlog\cl.read.1.tlog
d:\programming\bullet\bullet3-2.88\build3\vs2010\obj\x64\release\app_bulletexamplebrowser\app_bull.ed3fbfdb.tlog\link.command.1.tlog
d:\programming\bullet\bullet3-2.88\build3\vs2010\obj\x64\release\app_bulletexamplebrowser\app_bull.ed3fbfdb.tlog\link.read.1.tlog
d:\programming\bullet\bullet3-2.88\build3\vs2010\obj\x64\release\app_bulletexamplebrowser\app_bull.ed3fbfdb.tlog\link.write.1.tlog
