cl : Command line warning D9002: ignoring unknown option '/arch:SSE2'
cl : Command line warning D9002: ignoring unknown option '/arch:SSE2'
  tinyRendererPlugin.cpp
cl : Command line warning D9002: ignoring unknown option '/arch:SSE2'
  TinyRendererVisualShapeConverter.cpp
cl : Command line warning D9002: ignoring unknown option '/arch:SSE2'
  LoadMeshFromCollada.cpp
cl : Command line warning D9002: ignoring unknown option '/arch:SSE2'
  b3ImportMeshUtility.cpp
cl : Command line warning D9002: ignoring unknown option '/arch:SSE2'
  LoadMeshFromObj.cpp
cl : Command line warning D9002: ignoring unknown option '/arch:SSE2'
  Wavefront2GLInstanceGraphicsShape.cpp
cl : Command line warning D9002: ignoring unknown option '/arch:SSE2'
  geometry.cpp
cl : Command line warning D9002: ignoring unknown option '/arch:SSE2'
  model.cpp
  our_gl.cpp
  tgaimage.cpp
  TinyRenderer.cpp
  tiny_obj_loader.cpp
  stb_image.cpp
  tinyxml2.cpp
d:\programming\bullet\bullet3-2.88\examples\thirdpartylibs\stb_image\stb_image.cpp(220): warning C4312: 'type cast': conversion from 'int' to 'unsigned char *' of greater size
d:\programming\bullet\bullet3-2.88\examples\thirdpartylibs\stb_image\stb_image.cpp(228): warning C4312: 'type cast': conversion from 'int' to 'unsigned char *' of greater size
d:\programming\bullet\bullet3-2.88\examples\thirdpartylibs\stb_image\stb_image.cpp(226): warning C4996: 'fopen': This function or variable may be unsafe. Consider using fopen_s instead. To disable deprecation, use _CRT_SECURE_NO_WARNINGS. See online help for details.
  c:\program files (x86)\windows kits\10\include\10.0.17763.0\ucrt\stdio.h(208): note: see declaration of 'fopen'
d:\programming\bullet\bullet3-2.88\examples\thirdpartylibs\stb_image\stb_image.cpp(268): warning C4312: 'type cast': conversion from 'int' to 'float *' of greater size
d:\programming\bullet\bullet3-2.88\examples\thirdpartylibs\stb_image\stb_image.cpp(290): warning C4312: 'type cast': conversion from 'int' to 'float *' of greater size
d:\programming\bullet\bullet3-2.88\examples\thirdpartylibs\stb_image\stb_image.cpp(288): warning C4996: 'fopen': This function or variable may be unsafe. Consider using fopen_s instead. To disable deprecation, use _CRT_SECURE_NO_WARNINGS. See online help for details.
  c:\program files (x86)\windows kits\10\include\10.0.17763.0\ucrt\stdio.h(208): note: see declaration of 'fopen'
d:\programming\bullet\bullet3-2.88\examples\thirdpartylibs\stb_image\stb_image.cpp(326): warning C4996: 'fopen': This function or variable may be unsafe. Consider using fopen_s instead. To disable deprecation, use _CRT_SECURE_NO_WARNINGS. See online help for details.
  c:\program files (x86)\windows kits\10\include\10.0.17763.0\ucrt\stdio.h(208): note: see declaration of 'fopen'
d:\programming\bullet\bullet3-2.88\examples\thirdpartylibs\stb_image\stb_image.cpp(524): warning C4312: 'type cast': conversion from 'int' to 'unsigned char *' of greater size
d:\programming\bullet\bullet3-2.88\examples\thirdpartylibs\stb_image\stb_image.cpp(601): warning C4312: 'type cast': conversion from 'int' to 'float *' of greater size
d:\programming\bullet\bullet3-2.88\examples\thirdpartylibs\stb_image\stb_image.cpp(628): warning C4312: 'type cast': conversion from 'int' to 'unsigned char *' of greater size
  SimpleCamera.cpp
  b3Clock.cpp
d:\programming\bullet\bullet3-2.88\examples\thirdpartylibs\stb_image\stb_image.cpp(1643): warning C4312: 'type cast': conversion from 'int' to 'unsigned char *' of greater size
d:\programming\bullet\bullet3-2.88\examples\thirdpartylibs\stb_image\stb_image.cpp(1680): warning C4312: 'type cast': conversion from 'int' to 'unsigned char *' of greater size
d:\programming\bullet\bullet3-2.88\examples\thirdpartylibs\stb_image\stb_image.cpp(1707): warning C4312: 'type cast': conversion from 'int' to 'unsigned char *' of greater size
d:\programming\bullet\bullet3-2.88\examples\thirdpartylibs\stb_image\stb_image.cpp(2851): warning C4312: 'type cast': conversion from 'int' to 'unsigned char *' of greater size
d:\programming\bullet\bullet3-2.88\examples\thirdpartylibs\stb_image\stb_image.cpp(2984): warning C4312: 'type cast': conversion from 'int' to 'unsigned char *' of greater size
d:\programming\bullet\bullet3-2.88\examples\thirdpartylibs\stb_image\stb_image.cpp(2990): warning C4312: 'type cast': conversion from 'int' to 'unsigned char *' of greater size
d:\programming\bullet\bullet3-2.88\examples\thirdpartylibs\stb_image\stb_image.cpp(3001): warning C4312: 'type cast': conversion from 'int' to 'unsigned char *' of greater size
d:\programming\bullet\bullet3-2.88\examples\thirdpartylibs\stb_image\stb_image.cpp(3003): warning C4312: 'type cast': conversion from 'int' to 'unsigned char *' of greater size
d:\programming\bullet\bullet3-2.88\examples\thirdpartylibs\stb_image\stb_image.cpp(3014): warning C4312: 'type cast': conversion from 'int' to 'unsigned char *' of greater size
d:\programming\bullet\bullet3-2.88\examples\thirdpartylibs\stb_image\stb_image.cpp(3058): warning C4312: 'type cast': conversion from 'int' to 'unsigned char *' of greater size
d:\programming\bullet\bullet3-2.88\examples\thirdpartylibs\stb_image\stb_image.cpp(3062): warning C4312: 'type cast': conversion from 'int' to 'unsigned char *' of greater size
d:\programming\bullet\bullet3-2.88\examples\thirdpartylibs\stb_image\stb_image.cpp(3085): warning C4312: 'type cast': conversion from 'int' to 'unsigned char *' of greater size
d:\programming\bullet\bullet3-2.88\examples\thirdpartylibs\stb_image\stb_image.cpp(3092): warning C4312: 'type cast': conversion from 'int' to 'unsigned char *' of greater size
d:\programming\bullet\bullet3-2.88\examples\thirdpartylibs\stb_image\stb_image.cpp(3110): warning C4312: 'type cast': conversion from 'int' to 'unsigned char *' of greater size
d:\programming\bullet\bullet3-2.88\examples\thirdpartylibs\stb_image\stb_image.cpp(3164): warning C4312: 'type cast': conversion from 'int' to 'unsigned char *' of greater size
d:\programming\bullet\bullet3-2.88\examples\thirdpartylibs\stb_image\stb_image.cpp(3380): warning C4312: 'type cast': conversion from 'int' to 'unsigned char *' of greater size
d:\programming\bullet\bullet3-2.88\examples\thirdpartylibs\stb_image\stb_image.cpp(3391): warning C4312: 'type cast': conversion from 'int' to 'unsigned char *' of greater size
d:\programming\bullet\bullet3-2.88\examples\thirdpartylibs\stb_image\stb_image.cpp(3396): warning C4312: 'type cast': conversion from 'int' to 'unsigned char *' of greater size
d:\programming\bullet\bullet3-2.88\examples\thirdpartylibs\stb_image\stb_image.cpp(3577): warning C4312: 'type cast': conversion from 'int' to 'unsigned char *' of greater size
d:\programming\bullet\bullet3-2.88\examples\thirdpartylibs\stb_image\stb_image.cpp(3581): warning C4312: 'type cast': conversion from 'int' to 'unsigned char *' of greater size
d:\programming\bullet\bullet3-2.88\examples\thirdpartylibs\stb_image\stb_image.cpp(3589): warning C4312: 'type cast': conversion from 'int' to 'unsigned char *' of greater size
d:\programming\bullet\bullet3-2.88\examples\thirdpartylibs\stb_image\stb_image.cpp(3597): warning C4312: 'type cast': conversion from 'int' to 'unsigned char *' of greater size
d:\programming\bullet\bullet3-2.88\examples\thirdpartylibs\stb_image\stb_image.cpp(3610): warning C4312: 'type cast': conversion from 'int' to 'unsigned char *' of greater size
d:\programming\bullet\bullet3-2.88\examples\thirdpartylibs\stb_image\stb_image.cpp(3627): warning C4312: 'type cast': conversion from 'int' to 'unsigned char *' of greater size
d:\programming\bullet\bullet3-2.88\examples\thirdpartylibs\stb_image\stb_image.cpp(3631): warning C4312: 'type cast': conversion from 'int' to 'unsigned char *' of greater size
d:\programming\bullet\bullet3-2.88\examples\thirdpartylibs\stb_image\stb_image.cpp(3795): warning C4312: 'type cast': conversion from 'int' to 'unsigned char *' of greater size
d:\programming\bullet\bullet3-2.88\examples\thirdpartylibs\stb_image\stb_image.cpp(3824): warning C4312: 'type cast': conversion from 'int' to 'unsigned char *' of greater size
d:\programming\bullet\bullet3-2.88\examples\thirdpartylibs\stb_image\stb_image.cpp(3835): warning C4312: 'type cast': conversion from 'int' to 'unsigned char *' of greater size
d:\programming\bullet\bullet3-2.88\examples\thirdpartylibs\stb_image\stb_image.cpp(3836): warning C4312: 'type cast': conversion from 'int' to 'unsigned char *' of greater size
d:\programming\bullet\bullet3-2.88\examples\thirdpartylibs\stb_image\stb_image.cpp(3853): warning C4312: 'type cast': conversion from 'int' to 'unsigned char *' of greater size
d:\programming\bullet\bullet3-2.88\examples\thirdpartylibs\stb_image\stb_image.cpp(3874): warning C4312: 'type cast': conversion from 'int' to 'unsigned char *' of greater size
d:\programming\bullet\bullet3-2.88\examples\thirdpartylibs\stb_image\stb_image.cpp(3894): warning C4312: 'type cast': conversion from 'int' to 'unsigned char *' of greater size
d:\programming\bullet\bullet3-2.88\examples\thirdpartylibs\stb_image\stb_image.cpp(3906): warning C4312: 'type cast': conversion from 'int' to 'unsigned char *' of greater size
d:\programming\bullet\bullet3-2.88\examples\thirdpartylibs\stb_image\stb_image.cpp(3917): warning C4312: 'type cast': conversion from 'int' to 'unsigned char *' of greater size
d:\programming\bullet\bullet3-2.88\examples\thirdpartylibs\stb_image\stb_image.cpp(3944): warning C4312: 'type cast': conversion from 'int' to 'unsigned char *' of greater size
d:\programming\bullet\bullet3-2.88\examples\thirdpartylibs\stb_image\stb_image.cpp(3945): warning C4312: 'type cast': conversion from 'int' to 'unsigned char *' of greater size
d:\programming\bullet\bullet3-2.88\examples\thirdpartylibs\stb_image\stb_image.cpp(4177): warning C4312: 'type cast': conversion from 'int' to 'unsigned char *' of greater size
d:\programming\bullet\bullet3-2.88\examples\thirdpartylibs\stb_image\stb_image.cpp(4182): warning C4312: 'type cast': conversion from 'int' to 'unsigned char *' of greater size
d:\programming\bullet\bullet3-2.88\examples\thirdpartylibs\stb_image\stb_image.cpp(4188): warning C4312: 'type cast': conversion from 'int' to 'unsigned char *' of greater size
d:\programming\bullet\bullet3-2.88\examples\thirdpartylibs\stb_image\stb_image.cpp(4202): warning C4312: 'type cast': conversion from 'int' to 'unsigned char *' of greater size
d:\programming\bullet\bullet3-2.88\examples\thirdpartylibs\stb_image\stb_image.cpp(4233): warning C4312: 'type cast': conversion from 'int' to 'unsigned char *' of greater size
d:\programming\bullet\bullet3-2.88\examples\thirdpartylibs\stb_image\stb_image.cpp(4243): warning C4312: 'type cast': conversion from 'int' to 'unsigned char *' of greater size
d:\programming\bullet\bullet3-2.88\examples\thirdpartylibs\stb_image\stb_image.cpp(4262): warning C4312: 'type cast': conversion from 'int' to 'unsigned char *' of greater size
d:\programming\bullet\bullet3-2.88\examples\thirdpartylibs\stb_image\stb_image.cpp(4299): warning C4312: 'type cast': conversion from 'int' to 'unsigned char *' of greater size
d:\programming\bullet\bullet3-2.88\examples\thirdpartylibs\stb_image\stb_image.cpp(4336): warning C4312: 'type cast': conversion from 'int' to 'unsigned char *' of greater size
d:\programming\bullet\bullet3-2.88\examples\thirdpartylibs\stb_image\stb_image.cpp(4458): warning C4312: 'type cast': conversion from 'int' to 'float *' of greater size
d:\programming\bullet\bullet3-2.88\examples\thirdpartylibs\stb_image\stb_image.cpp(4468): warning C4312: 'type cast': conversion from 'int' to 'float *' of greater size
d:\programming\bullet\bullet3-2.88\examples\thirdpartylibs\stb_image\stb_image.cpp(4473): warning C4312: 'type cast': conversion from 'int' to 'float *' of greater size
d:\programming\bullet\bullet3-2.88\examples\thirdpartylibs\stb_image\stb_image.cpp(4477): warning C4312: 'type cast': conversion from 'int' to 'float *' of greater size
d:\programming\bullet\bullet3-2.88\examples\thirdpartylibs\stb_image\stb_image.cpp(4537): warning C4312: 'type cast': conversion from 'int' to 'float *' of greater size
d:\programming\bullet\bullet3-2.88\examples\thirdpartylibs\stb_image\stb_image.cpp(4768): warning C4996: 'fopen': This function or variable may be unsafe. Consider using fopen_s instead. To disable deprecation, use _CRT_SECURE_NO_WARNINGS. See online help for details.
  c:\program files (x86)\windows kits\10\include\10.0.17763.0\ucrt\stdio.h(208): note: see declaration of 'fopen'
  b3ResourcePath.cpp
d:\programming\bullet\bullet3-2.88\examples\thirdpartylibs\wavefront\tiny_obj_loader.cpp(441): warning C4996: 'sscanf': This function or variable may be unsafe. Consider using sscanf_s instead. To disable deprecation, use _CRT_SECURE_NO_WARNINGS. See online help for details.
  c:\program files (x86)\windows kits\10\include\10.0.17763.0\ucrt\stdio.h(2263): note: see declaration of 'sscanf'
d:\programming\bullet\bullet3-2.88\examples\thirdpartylibs\wavefront\tiny_obj_loader.cpp(759): warning C4996: 'sscanf': This function or variable may be unsafe. Consider using sscanf_s instead. To disable deprecation, use _CRT_SECURE_NO_WARNINGS. See online help for details.
  c:\program files (x86)\windows kits\10\include\10.0.17763.0\ucrt\stdio.h(2263): note: see declaration of 'sscanf'
d:\programming\bullet\bullet3-2.88\examples\thirdpartylibs\wavefront\tiny_obj_loader.cpp(778): warning C4996: 'sscanf': This function or variable may be unsafe. Consider using sscanf_s instead. To disable deprecation, use _CRT_SECURE_NO_WARNINGS. See online help for details.
  c:\program files (x86)\windows kits\10\include\10.0.17763.0\ucrt\stdio.h(2263): note: see declaration of 'sscanf'
d:\programming\bullet\bullet3-2.88\examples\thirdpartylibs\wavefront\tiny_obj_loader.cpp(841): warning C4996: 'sscanf': This function or variable may be unsafe. Consider using sscanf_s instead. To disable deprecation, use _CRT_SECURE_NO_WARNINGS. See online help for details.
  c:\program files (x86)\windows kits\10\include\10.0.17763.0\ucrt\stdio.h(2263): note: see declaration of 'sscanf'
     Creating library ..\..\bin\pybullet_tinyRendererPlugin_vs2010_x64_release.lib and object ..\..\bin\pybullet_tinyRendererPlugin_vs2010_x64_release.exp
  pybullet_tinyRendererPlugin.vcxproj -> D:\Programming\Bullet\bullet3-2.88\build3\vs2010\..\..\bin\pybullet_tinyRendererPlugin_vs2010_x64_release.dll
