d:\programming\bullet\bullet3-2.88\build3\vs2010\obj\x64\release\bulletexamplebrowserlib\gl_shapedrawer.obj
d:\programming\bullet\bullet3-2.88\build3\vs2010\obj\x64\release\bulletexamplebrowserlib\openglguihelper.obj
d:\programming\bullet\bullet3-2.88\build3\vs2010\obj\x64\release\bulletexamplebrowserlib\graphingtexture.obj
d:\programming\bullet\bullet3-2.88\build3\vs2010\obj\x64\release\bulletexamplebrowserlib\chrometraceutil.obj
d:\programming\bullet\bullet3-2.88\build3\vs2010\obj\x64\release\bulletexamplebrowserlib\openglexamplebrowser.obj
d:\programming\bullet\bullet3-2.88\build3\vs2010\obj\x64\release\bulletexamplebrowserlib\collisionshape2trianglemesh.obj
d:\programming\bullet\bullet3-2.88\build3\vs2010\obj\x64\release\bulletexamplebrowserlib\gwenprofilewindow.obj
d:\programming\bullet\bullet3-2.88\build3\vs2010\obj\x64\release\bulletexamplebrowserlib\gwenparameterinterface.obj
d:\programming\bullet\bullet3-2.88\build3\vs2010\obj\x64\release\bulletexamplebrowserlib\inprocessexamplebrowser.obj
d:\programming\bullet\bullet3-2.88\build3\vs2010\obj\x64\release\bulletexamplebrowserlib\gl.obj
d:\programming\bullet\bullet3-2.88\build3\vs2010\obj\x64\release\bulletexamplebrowserlib\clew.obj
d:\programming\bullet\bullet3-2.88\build3\vs2010\obj\x64\release\bulletexamplebrowserlib\gwenuserinterface.obj
d:\programming\bullet\bullet3-2.88\build3\vs2010\obj\x64\release\bulletexamplebrowserlib\b3resourcepath.obj
d:\programming\bullet\bullet3-2.88\build3\vs2010\obj\x64\release\bulletexamplebrowserlib\gwentexturewindow.obj
d:\programming\bullet\bullet3-2.88\build3\vs2010\obj\x64\release\bulletexamplebrowserlib\b3clock.obj
d:\programming\bullet\bullet3-2.88\bin\bulletexamplebrowserlib_vs2010_x64_release.lib
d:\programming\bullet\bullet3-2.88\build3\vs2010\..\..\bin\bulletexamplebrowserlib_vs2010_x64_release.lib
d:\programming\bullet\bullet3-2.88\build3\vs2010\obj\x64\release\bulletexamplebrowserlib\bulletex.a4dea0ef.tlog\cl.10892.write.1.tlog
d:\programming\bullet\bullet3-2.88\build3\vs2010\obj\x64\release\bulletexamplebrowserlib\bulletex.a4dea0ef.tlog\cl.command.1.tlog
d:\programming\bullet\bullet3-2.88\build3\vs2010\obj\x64\release\bulletexamplebrowserlib\bulletex.a4dea0ef.tlog\cl.read.1.tlog
d:\programming\bullet\bullet3-2.88\build3\vs2010\obj\x64\release\bulletexamplebrowserlib\bulletex.a4dea0ef.tlog\lib-link.read.1.tlog
d:\programming\bullet\bullet3-2.88\build3\vs2010\obj\x64\release\bulletexamplebrowserlib\bulletex.a4dea0ef.tlog\lib-link.write.1.tlog
d:\programming\bullet\bullet3-2.88\build3\vs2010\obj\x64\release\bulletexamplebrowserlib\bulletex.a4dea0ef.tlog\lib.command.1.tlog
