cl : Command line warning D9002: ignoring unknown option '/arch:SSE2'
cl : Command line warning D9002: ignoring unknown option '/arch:SSE2'
  clew.c
cl : Command line warning D9002: ignoring unknown option '/arch:SSE2'
  gl.c
cl : Command line warning D9002: ignoring unknown option '/arch:SSE2'
cl : Command line warning D9002: ignoring unknown option '/arch:SSE2'
  OpenGLExampleBrowser.cpp
cl : Command line warning D9002: ignoring unknown option '/arch:SSE2'
  OpenGLGuiHelper.cpp
cl : Command line warning D9002: ignoring unknown option '/arch:SSE2'
  b3Clock.cpp
cl : Command line warning D9002: ignoring unknown option '/arch:SSE2'
  ChromeTraceUtil.cpp
cl : Command line warning D9002: ignoring unknown option '/arch:SSE2'
  GraphingTexture.cpp
cl : Command line warning D9002: ignoring unknown option '/arch:SSE2'
  GwenParameterInterface.cpp
cl : Command line warning D9002: ignoring unknown option '/arch:SSE2'
  GwenProfileWindow.cpp
cl : Command line warning D9002: ignoring unknown option '/arch:SSE2'
  GwenTextureWindow.cpp
  gwenUserInterface.cpp
  CollisionShape2TriangleMesh.cpp
  b3ResourcePath.cpp
  GL_ShapeDrawer.cpp
  InProcessExampleBrowser.cpp
d:\programming\bullet\bullet3-2.88\src\bullet3common\b3commandlineargs.h(96): warning C4996: 'strcpy': This function or variable may be unsafe. Consider using strcpy_s instead. To disable deprecation, use _CRT_SECURE_NO_WARNINGS. See online help for details. (compiling source file ..\..\examples\ExampleBrowser\InProcessExampleBrowser.cpp)
  c:\program files (x86)\windows kits\10\include\10.0.17763.0\ucrt\string.h(133): note: see declaration of 'strcpy' (compiling source file ..\..\examples\ExampleBrowser\InProcessExampleBrowser.cpp)
GwenProfileWindow.obj : warning LNK4221: This object file does not define any previously undefined public symbols, so it will not be used by any link operation that consumes this library
  BulletExampleBrowserLib.vcxproj -> D:\Programming\Bullet\bullet3-2.88\build3\vs2010\..\..\bin\BulletExampleBrowserLib_vs2010_x64_release.lib
