  main.cpp
  PhysicsClient.cpp
  PhysicsDirect.cpp
  SharedMemoryCommandProcessor.cpp
  PhysicsClientC_API.cpp
  Win32SharedMemory.cpp
  PosixSharedMemory.cpp
  b3ResourcePath.cpp
d:\programming\bullet\bullet3-2.88\examples\thirdpartylibs\clsocket\src\simplesocket.h(484): warning C4996: 'inet_ntoa': Use inet_ntop() or InetNtop() instead or define _WINSOCK_DEPRECATED_NO_WARNINGS to disable deprecated API warnings (compiling source file ..\..\examples\SharedMemory\tcp\main.cpp)
  c:\program files (x86)\windows kits\10\include\10.0.17763.0\um\winsock2.h(1849): note: see declaration of 'inet_ntoa' (compiling source file ..\..\examples\SharedMemory\tcp\main.cpp)
d:\programming\bullet\bullet3-2.88\examples\thirdpartylibs\clsocket\src\simplesocket.h(498): warning C4996: 'inet_ntoa': Use inet_ntop() or InetNtop() instead or define _WINSOCK_DEPRECATED_NO_WARNINGS to disable deprecated API warnings (compiling source file ..\..\examples\SharedMemory\tcp\main.cpp)
  c:\program files (x86)\windows kits\10\include\10.0.17763.0\um\winsock2.h(1849): note: see declaration of 'inet_ntoa' (compiling source file ..\..\examples\SharedMemory\tcp\main.cpp)
  b3Clock.cpp
c:\program files (x86)\microsoft visual studio\2017\community\vc\tools\msvc\14.16.27023\include\stdint.h(56): warning C4005: 'UINT8_MAX': macro redefinition (compiling source file ..\..\examples\SharedMemory\tcp\main.cpp)
  d:\programming\bullet\bullet3-2.88\examples\thirdpartylibs\clsocket\src\host.h(107): note: see previous definition of 'UINT8_MAX' (compiling source file ..\..\examples\SharedMemory\tcp\main.cpp)
c:\program files (x86)\microsoft visual studio\2017\community\vc\tools\msvc\14.16.27023\include\stdint.h(57): warning C4005: 'UINT16_MAX': macro redefinition (compiling source file ..\..\examples\SharedMemory\tcp\main.cpp)
  d:\programming\bullet\bullet3-2.88\examples\thirdpartylibs\clsocket\src\host.h(110): note: see previous definition of 'UINT16_MAX' (compiling source file ..\..\examples\SharedMemory\tcp\main.cpp)
c:\program files (x86)\microsoft visual studio\2017\community\vc\tools\msvc\14.16.27023\include\stdint.h(58): warning C4005: 'UINT32_MAX': macro redefinition (compiling source file ..\..\examples\SharedMemory\tcp\main.cpp)
  d:\programming\bullet\bullet3-2.88\examples\thirdpartylibs\clsocket\src\host.h(113): note: see previous definition of 'UINT32_MAX' (compiling source file ..\..\examples\SharedMemory\tcp\main.cpp)
d:\programming\bullet\bullet3-2.88\src\bullet3common\b3commandlineargs.h(96): warning C4996: 'strcpy': This function or variable may be unsafe. Consider using strcpy_s instead. To disable deprecation, use _CRT_SECURE_NO_WARNINGS. See online help for details. (compiling source file ..\..\examples\SharedMemory\tcp\main.cpp)
  c:\program files (x86)\windows kits\10\include\10.0.17763.0\ucrt\string.h(133): note: see declaration of 'strcpy' (compiling source file ..\..\examples\SharedMemory\tcp\main.cpp)
     Creating library ..\..\bin\App_PhysicsServerSharedMemoryBridgeTCP_vs2010_x64_debug.lib and object ..\..\bin\App_PhysicsServerSharedMemoryBridgeTCP_vs2010_x64_debug.exp
  App_PhysicsServerSharedMemoryBridgeTCP.vcxproj -> D:\Programming\Bullet\bullet3-2.88\build3\vs2010\..\..\bin\App_PhysicsServerSharedMemoryBridgeTCP_vs2010_x64_debug.exe
