d:\programming\bullet\bullet3-2.88\bin\app_physicsserversharedmemorybridgetcp_vs2010_x64_debug.lib
d:\programming\bullet\bullet3-2.88\bin\app_physicsserversharedmemorybridgetcp_vs2010_x64_debug.exp
d:\programming\bullet\bullet3-2.88\build3\vs2010\obj\x64\debug\app_physicsserversharedmemorybridgetcp\b3resourcepath.obj
d:\programming\bullet\bullet3-2.88\build3\vs2010\obj\x64\debug\app_physicsserversharedmemorybridgetcp\physicsclientc_api.obj
d:\programming\bullet\bullet3-2.88\build3\vs2010\obj\x64\debug\app_physicsserversharedmemorybridgetcp\physicsclient.obj
d:\programming\bullet\bullet3-2.88\build3\vs2010\obj\x64\debug\app_physicsserversharedmemorybridgetcp\b3clock.obj
d:\programming\bullet\bullet3-2.88\build3\vs2010\obj\x64\debug\app_physicsserversharedmemorybridgetcp\posixsharedmemory.obj
d:\programming\bullet\bullet3-2.88\build3\vs2010\obj\x64\debug\app_physicsserversharedmemorybridgetcp\sharedmemorycommandprocessor.obj
d:\programming\bullet\bullet3-2.88\build3\vs2010\obj\x64\debug\app_physicsserversharedmemorybridgetcp\win32sharedmemory.obj
d:\programming\bullet\bullet3-2.88\build3\vs2010\obj\x64\debug\app_physicsserversharedmemorybridgetcp\main.obj
d:\programming\bullet\bullet3-2.88\build3\vs2010\obj\x64\debug\app_physicsserversharedmemorybridgetcp\physicsdirect.obj
d:\programming\bullet\bullet3-2.88\bin\app_physicsserversharedmemorybridgetcp_vs2010_x64_debug.pdb
d:\programming\bullet\bullet3-2.88\bin\app_physicsserversharedmemorybridgetcp_vs2010_x64_debug.ilk
d:\programming\bullet\bullet3-2.88\bin\app_physicsserversharedmemorybridgetcp_vs2010_x64_debug.exe
d:\programming\bullet\bullet3-2.88\bin\lnk{9d09185a-3b3d-4236-8f86-24f3245b76ca}.tmp
d:\programming\bullet\bullet3-2.88\build3\vs2010\..\..\bin\app_physicsserversharedmemorybridgetcp_vs2010_x64_debug.exe
d:\programming\bullet\bullet3-2.88\build3\vs2010\obj\x64\debug\app_physicsserversharedmemorybridgetcp\app_phys.ed575dc8.tlog\app_physicsserversharedmemorybridgetcp.write.1u.tlog
d:\programming\bullet\bullet3-2.88\build3\vs2010\obj\x64\debug\app_physicsserversharedmemorybridgetcp\app_phys.ed575dc8.tlog\cl.17612.write.1.tlog
d:\programming\bullet\bullet3-2.88\build3\vs2010\obj\x64\debug\app_physicsserversharedmemorybridgetcp\app_phys.ed575dc8.tlog\cl.command.1.tlog
d:\programming\bullet\bullet3-2.88\build3\vs2010\obj\x64\debug\app_physicsserversharedmemorybridgetcp\app_phys.ed575dc8.tlog\cl.read.1.tlog
d:\programming\bullet\bullet3-2.88\build3\vs2010\obj\x64\debug\app_physicsserversharedmemorybridgetcp\app_phys.ed575dc8.tlog\link.command.1.tlog
d:\programming\bullet\bullet3-2.88\build3\vs2010\obj\x64\debug\app_physicsserversharedmemorybridgetcp\app_phys.ed575dc8.tlog\link.delete.1.tlog
d:\programming\bullet\bullet3-2.88\build3\vs2010\obj\x64\debug\app_physicsserversharedmemorybridgetcp\app_phys.ed575dc8.tlog\link.read.1.tlog
d:\programming\bullet\bullet3-2.88\build3\vs2010\obj\x64\debug\app_physicsserversharedmemorybridgetcp\app_phys.ed575dc8.tlog\link.write.1.tlog
