d:\programming\bullet\bullet3-2.88\build3\vs2010\obj\x64\release\gwen\gl.obj
d:\programming\bullet\bullet3-2.88\build3\vs2010\obj\x64\release\gwen\anim.obj
d:\programming\bullet\bullet3-2.88\build3\vs2010\obj\x64\release\gwen\colorpicker.obj
d:\programming\bullet\bullet3-2.88\build3\vs2010\obj\x64\release\gwen\horizontalslider.obj
d:\programming\bullet\bullet3-2.88\build3\vs2010\obj\x64\release\gwen\menustrip.obj
d:\programming\bullet\bullet3-2.88\build3\vs2010\obj\x64\release\gwen\richlabel.obj
d:\programming\bullet\bullet3-2.88\build3\vs2010\obj\x64\release\gwen\tabstrip.obj
d:\programming\bullet\bullet3-2.88\build3\vs2010\obj\x64\release\gwen\verticalslider.obj
d:\programming\bullet\bullet3-2.88\build3\vs2010\obj\x64\release\gwen\baserender.obj
d:\programming\bullet\bullet3-2.88\build3\vs2010\obj\x64\release\gwen\utility.obj
d:\programming\bullet\bullet3-2.88\build3\vs2010\obj\x64\release\gwen\dockedtabcontrol.obj
d:\programming\bullet\bullet3-2.88\build3\vs2010\obj\x64\release\gwen\labelclickable.obj
d:\programming\bullet\bullet3-2.88\build3\vs2010\obj\x64\release\gwen\properties.obj
d:\programming\bullet\bullet3-2.88\build3\vs2010\obj\x64\release\gwen\scrollbarbutton.obj
d:\programming\bullet\bullet3-2.88\build3\vs2010\obj\x64\release\gwen\textboxnumeric.obj
d:\programming\bullet\bullet3-2.88\build3\vs2010\obj\x64\release\gwen\null.obj
d:\programming\bullet\bullet3-2.88\build3\vs2010\obj\x64\release\gwen\inputhandler.obj
d:\programming\bullet\bullet3-2.88\build3\vs2010\obj\x64\release\gwen\colorcontrols.obj
d:\programming\bullet\bullet3-2.88\build3\vs2010\obj\x64\release\gwen\horizontalscrollbar.obj
d:\programming\bullet\bullet3-2.88\build3\vs2010\obj\x64\release\gwen\menuitem.obj
d:\programming\bullet\bullet3-2.88\build3\vs2010\obj\x64\release\gwen\resizablecontrol.obj
d:\programming\bullet\bullet3-2.88\build3\vs2010\obj\x64\release\gwen\scrollcontrol.obj
d:\programming\bullet\bullet3-2.88\build3\vs2010\obj\x64\release\gwen\treecontrol.obj
d:\programming\bullet\bullet3-2.88\build3\vs2010\obj\x64\release\gwen\windows.obj
d:\programming\bullet\bullet3-2.88\build3\vs2010\obj\x64\release\gwen\skin.obj
d:\programming\bullet\bullet3-2.88\build3\vs2010\obj\x64\release\gwen\checkbox.obj
d:\programming\bullet\bullet3-2.88\build3\vs2010\obj\x64\release\gwen\dragger.obj
d:\programming\bullet\bullet3-2.88\build3\vs2010\obj\x64\release\gwen\menu.obj
d:\programming\bullet\bullet3-2.88\build3\vs2010\obj\x64\release\gwen\radiobuttoncontroller.obj
d:\programming\bullet\bullet3-2.88\build3\vs2010\obj\x64\release\gwen\slider.obj
d:\programming\bullet\bullet3-2.88\build3\vs2010\obj\x64\release\gwen\textbox.obj
d:\programming\bullet\bullet3-2.88\build3\vs2010\obj\x64\release\gwen\fileopen.obj
d:\programming\bullet\bullet3-2.88\build3\vs2010\obj\x64\release\gwen\events.obj
d:\programming\bullet\bullet3-2.88\build3\vs2010\obj\x64\release\gwen\tooltip.obj
d:\programming\bullet\bullet3-2.88\build3\vs2010\obj\x64\release\gwen\combobox.obj
d:\programming\bullet\bullet3-2.88\build3\vs2010\obj\x64\release\gwen\hsvcolorpicker.obj
d:\programming\bullet\bullet3-2.88\build3\vs2010\obj\x64\release\gwen\radiobutton.obj
d:\programming\bullet\bullet3-2.88\build3\vs2010\obj\x64\release\gwen\splitterbar.obj
d:\programming\bullet\bullet3-2.88\build3\vs2010\obj\x64\release\gwen\treenode.obj
d:\programming\bullet\bullet3-2.88\build3\vs2010\obj\x64\release\gwen\query.obj
d:\programming\bullet\bullet3-2.88\build3\vs2010\obj\x64\release\gwen\hook.obj
d:\programming\bullet\bullet3-2.88\build3\vs2010\obj\x64\release\gwen\button.obj
d:\programming\bullet\bullet3-2.88\build3\vs2010\obj\x64\release\gwen\crosssplitter.obj
d:\programming\bullet\bullet3-2.88\build3\vs2010\obj\x64\release\gwen\imagepanel.obj
d:\programming\bullet\bullet3-2.88\build3\vs2010\obj\x64\release\gwen\numericupdown.obj
d:\programming\bullet\bullet3-2.88\build3\vs2010\obj\x64\release\gwen\resizer.obj
d:\programming\bullet\bullet3-2.88\build3\vs2010\obj\x64\release\gwen\tabbutton.obj
d:\programming\bullet\bullet3-2.88\build3\vs2010\obj\x64\release\gwen\verticalscrollbar.obj
d:\programming\bullet\bullet3-2.88\build3\vs2010\obj\x64\release\gwen\opengl_debugfont.obj
d:\programming\bullet\bullet3-2.88\build3\vs2010\obj\x64\release\gwen\draganddrop.obj
d:\programming\bullet\bullet3-2.88\build3\vs2010\obj\x64\release\gwen\base.obj
d:\programming\bullet\bullet3-2.88\build3\vs2010\obj\x64\release\gwen\dockbase.obj
d:\programming\bullet\bullet3-2.88\build3\vs2010\obj\x64\release\gwen\label.obj
d:\programming\bullet\bullet3-2.88\build3\vs2010\obj\x64\release\gwen\panellistpanel.obj
d:\programming\bullet\bullet3-2.88\build3\vs2010\obj\x64\release\gwen\scrollbarbar.obj
d:\programming\bullet\bullet3-2.88\build3\vs2010\obj\x64\release\gwen\text.obj
d:\programming\bullet\bullet3-2.88\build3\vs2010\obj\x64\release\gwen\filesave.obj
d:\programming\bullet\bullet3-2.88\build3\vs2010\obj\x64\release\gwen\gwen.obj
d:\programming\bullet\bullet3-2.88\build3\vs2010\obj\x64\release\gwen\canvas.obj
d:\programming\bullet\bullet3-2.88\build3\vs2010\obj\x64\release\gwen\groupbox.obj
d:\programming\bullet\bullet3-2.88\build3\vs2010\obj\x64\release\gwen\listbox.obj
d:\programming\bullet\bullet3-2.88\build3\vs2010\obj\x64\release\gwen\progressbar.obj
d:\programming\bullet\bullet3-2.88\build3\vs2010\obj\x64\release\gwen\scrollbar.obj
d:\programming\bullet\bullet3-2.88\build3\vs2010\obj\x64\release\gwen\tabcontrol.obj
d:\programming\bullet\bullet3-2.88\build3\vs2010\obj\x64\release\gwen\windowcontrol.obj
d:\programming\bullet\bullet3-2.88\bin\gwen_vs2010_x64_release.lib
d:\programming\bullet\bullet3-2.88\build3\vs2010\..\..\bin\gwen_vs2010_x64_release.lib
d:\programming\bullet\bullet3-2.88\build3\vs2010\obj\x64\release\gwen\gwen.tlog\cl.command.1.tlog
d:\programming\bullet\bullet3-2.88\build3\vs2010\obj\x64\release\gwen\gwen.tlog\cl.read.1.tlog
d:\programming\bullet\bullet3-2.88\build3\vs2010\obj\x64\release\gwen\gwen.tlog\cl.write.1.tlog
d:\programming\bullet\bullet3-2.88\build3\vs2010\obj\x64\release\gwen\gwen.tlog\lib-link.read.1.tlog
d:\programming\bullet\bullet3-2.88\build3\vs2010\obj\x64\release\gwen\gwen.tlog\lib-link.write.1.tlog
d:\programming\bullet\bullet3-2.88\build3\vs2010\obj\x64\release\gwen\gwen.tlog\lib.command.1.tlog
