d:\programming\bullet\bullet3-2.88\bin\app_physicsserver_sharedmemory_vs2010_x64_debug.lib
d:\programming\bullet\bullet3-2.88\bin\app_physicsserver_sharedmemory_vs2010_x64_debug.exp
d:\programming\bullet\bullet3-2.88\build3\vs2010\obj\x64\debug\app_physicsserver_sharedmemory\physicsclient.obj
d:\programming\bullet\bullet3-2.88\build3\vs2010\obj\x64\debug\app_physicsserver_sharedmemory\physicsserver.obj
d:\programming\bullet\bullet3-2.88\build3\vs2010\obj\x64\debug\app_physicsserver_sharedmemory\posixsharedmemory.obj
d:\programming\bullet\bullet3-2.88\build3\vs2010\obj\x64\debug\app_physicsserver_sharedmemory\physicsdirect.obj
d:\programming\bullet\bullet3-2.88\build3\vs2010\obj\x64\debug\app_physicsserver_sharedmemory\bulleturdfimporter.obj
d:\programming\bullet\bullet3-2.88\build3\vs2010\obj\x64\debug\app_physicsserver_sharedmemory\bfile.obj
d:\programming\bullet\bullet3-2.88\build3\vs2010\obj\x64\debug\app_physicsserver_sharedmemory\tinyrendererplugin.obj
d:\programming\bullet\bullet3-2.88\build3\vs2010\obj\x64\debug\app_physicsserver_sharedmemory\model.obj
d:\programming\bullet\bullet3-2.88\build3\vs2010\obj\x64\debug\app_physicsserver_sharedmemory\physicsserverexample.obj
d:\programming\bullet\bullet3-2.88\build3\vs2010\obj\x64\debug\app_physicsserver_sharedmemory\b3pluginmanager.obj
d:\programming\bullet\bullet3-2.88\build3\vs2010\obj\x64\debug\app_physicsserver_sharedmemory\chrometraceutil.obj
d:\programming\bullet\bullet3-2.88\build3\vs2010\obj\x64\debug\app_physicsserver_sharedmemory\btworldimporter.obj
d:\programming\bullet\bullet3-2.88\build3\vs2010\obj\x64\debug\app_physicsserver_sharedmemory\btbulletfile.obj
d:\programming\bullet\bullet3-2.88\build3\vs2010\obj\x64\debug\app_physicsserver_sharedmemory\main.obj
d:\programming\bullet\bullet3-2.88\build3\vs2010\obj\x64\debug\app_physicsserver_sharedmemory\physicsclientexample.obj
d:\programming\bullet\bullet3-2.88\build3\vs2010\obj\x64\debug\app_physicsserver_sharedmemory\physicsclientsharedmemory2_c_api.obj
d:\programming\bullet\bullet3-2.88\build3\vs2010\obj\x64\debug\app_physicsserver_sharedmemory\simplecamera.obj
d:\programming\bullet\bullet3-2.88\build3\vs2010\obj\x64\debug\app_physicsserver_sharedmemory\urdfstringsplit.obj
d:\programming\bullet\bullet3-2.88\build3\vs2010\obj\x64\debug\app_physicsserver_sharedmemory\b3resourcepath.obj
d:\programming\bullet\bullet3-2.88\build3\vs2010\obj\x64\debug\app_physicsserver_sharedmemory\bchunk.obj
d:\programming\bullet\bullet3-2.88\build3\vs2010\obj\x64\debug\app_physicsserver_sharedmemory\wavefront2glinstancegraphicsshape.obj
d:\programming\bullet\bullet3-2.88\build3\vs2010\obj\x64\debug\app_physicsserver_sharedmemory\geometry.obj
d:\programming\bullet\bullet3-2.88\build3\vs2010\obj\x64\debug\app_physicsserver_sharedmemory\b3threadsupportinterface.obj
d:\programming\bullet\bullet3-2.88\build3\vs2010\obj\x64\debug\app_physicsserver_sharedmemory\physicsserversharedmemory.obj
d:\programming\bullet\bullet3-2.88\build3\vs2010\obj\x64\debug\app_physicsserver_sharedmemory\physicsclientsharedmemory2.obj
d:\programming\bullet\bullet3-2.88\build3\vs2010\obj\x64\debug\app_physicsserver_sharedmemory\physicsservercommandprocessor.obj
d:\programming\bullet\bullet3-2.88\build3\vs2010\obj\x64\debug\app_physicsserver_sharedmemory\b3importmeshutility.obj
d:\programming\bullet\bullet3-2.88\build3\vs2010\obj\x64\debug\app_physicsserver_sharedmemory\tinyrenderer.obj
d:\programming\bullet\bullet3-2.88\build3\vs2010\obj\x64\debug\app_physicsserver_sharedmemory\physicsserverexamplebullet2.obj
d:\programming\bullet\bullet3-2.88\build3\vs2010\obj\x64\debug\app_physicsserver_sharedmemory\physicsclientc_api.obj
d:\programming\bullet\bullet3-2.88\build3\vs2010\obj\x64\debug\app_physicsserver_sharedmemory\physicsdirectc_api.obj
d:\programming\bullet\bullet3-2.88\build3\vs2010\obj\x64\debug\app_physicsserver_sharedmemory\physicsloopbackc_api.obj
d:\programming\bullet\bullet3-2.88\build3\vs2010\obj\x64\debug\app_physicsserver_sharedmemory\pdcontrolplugin.obj
d:\programming\bullet\bullet3-2.88\build3\vs2010\obj\x64\debug\app_physicsserver_sharedmemory\bulletmjcfimporter.obj
d:\programming\bullet\bullet3-2.88\build3\vs2010\obj\x64\debug\app_physicsserver_sharedmemory\tiny_obj_loader.obj
d:\programming\bullet\bullet3-2.88\build3\vs2010\obj\x64\debug\app_physicsserver_sharedmemory\b3win32threadsupport.obj
d:\programming\bullet\bullet3-2.88\build3\vs2010\obj\x64\debug\app_physicsserver_sharedmemory\physicsclientsharedmemory.obj
d:\programming\bullet\bullet3-2.88\build3\vs2010\obj\x64\debug\app_physicsserver_sharedmemory\physicsloopback.obj
d:\programming\bullet\bullet3-2.88\build3\vs2010\obj\x64\debug\app_physicsserver_sharedmemory\physicsclientsharedmemory_c_api.obj
d:\programming\bullet\bullet3-2.88\build3\vs2010\obj\x64\debug\app_physicsserver_sharedmemory\collisionfilterplugin.obj
d:\programming\bullet\bullet3-2.88\build3\vs2010\obj\x64\debug\app_physicsserver_sharedmemory\urdf2bullet.obj
d:\programming\bullet\bullet3-2.88\build3\vs2010\obj\x64\debug\app_physicsserver_sharedmemory\btbulletworldimporter.obj
d:\programming\bullet\bullet3-2.88\build3\vs2010\obj\x64\debug\app_physicsserver_sharedmemory\loadmeshfromcollada.obj
d:\programming\bullet\bullet3-2.88\build3\vs2010\obj\x64\debug\app_physicsserver_sharedmemory\tinyrenderervisualshapeconverter.obj
d:\programming\bullet\bullet3-2.88\build3\vs2010\obj\x64\debug\app_physicsserver_sharedmemory\b3robotsimulatorclientapi_nodirect.obj
d:\programming\bullet\bullet3-2.88\build3\vs2010\obj\x64\debug\app_physicsserver_sharedmemory\inprocessmemory.obj
d:\programming\bullet\bullet3-2.88\build3\vs2010\obj\x64\debug\app_physicsserver_sharedmemory\sharedmemorycommandprocessor.obj
d:\programming\bullet\bullet3-2.88\build3\vs2010\obj\x64\debug\app_physicsserver_sharedmemory\urdfparser.obj
d:\programming\bullet\bullet3-2.88\build3\vs2010\obj\x64\debug\app_physicsserver_sharedmemory\b3clock.obj
d:\programming\bullet\bullet3-2.88\build3\vs2010\obj\x64\debug\app_physicsserver_sharedmemory\btmultibodyworldimporter.obj
d:\programming\bullet\bullet3-2.88\build3\vs2010\obj\x64\debug\app_physicsserver_sharedmemory\tinyxml2.obj
d:\programming\bullet\bullet3-2.88\build3\vs2010\obj\x64\debug\app_physicsserver_sharedmemory\stb_image.obj
d:\programming\bullet\bullet3-2.88\build3\vs2010\obj\x64\debug\app_physicsserver_sharedmemory\our_gl.obj
d:\programming\bullet\bullet3-2.88\build3\vs2010\obj\x64\debug\app_physicsserver_sharedmemory\iktrajectoryhelper.obj
d:\programming\bullet\bullet3-2.88\build3\vs2010\obj\x64\debug\app_physicsserver_sharedmemory\win32sharedmemory.obj
d:\programming\bullet\bullet3-2.88\build3\vs2010\obj\x64\debug\app_physicsserver_sharedmemory\mymultibodycreator.obj
d:\programming\bullet\bullet3-2.88\build3\vs2010\obj\x64\debug\app_physicsserver_sharedmemory\robotloggingutil.obj
d:\programming\bullet\bullet3-2.88\build3\vs2010\obj\x64\debug\app_physicsserver_sharedmemory\bdna.obj
d:\programming\bullet\bullet3-2.88\build3\vs2010\obj\x64\debug\app_physicsserver_sharedmemory\loadmeshfromobj.obj
d:\programming\bullet\bullet3-2.88\build3\vs2010\obj\x64\debug\app_physicsserver_sharedmemory\stb_image_write.obj
d:\programming\bullet\bullet3-2.88\build3\vs2010\obj\x64\debug\app_physicsserver_sharedmemory\tgaimage.obj
d:\programming\bullet\bullet3-2.88\bin\app_physicsserver_sharedmemory_vs2010_x64_debug.pdb
d:\programming\bullet\bullet3-2.88\bin\app_physicsserver_sharedmemory_vs2010_x64_debug.ilk
d:\programming\bullet\bullet3-2.88\bin\app_physicsserver_sharedmemory_vs2010_x64_debug.exe
d:\programming\bullet\bullet3-2.88\bin\lnk{e4d3f0b9-e660-4b9d-bb6e-fd811aa4c277}.tmp
d:\programming\bullet\bullet3-2.88\build3\vs2010\..\..\bin\app_physicsserver_sharedmemory_vs2010_x64_debug.exe
d:\programming\bullet\bullet3-2.88\build3\vs2010\obj\x64\debug\app_physicsserver_sharedmemory\app_phys.641b7ad9.tlog\app_physicsserver_sharedmemory.write.1u.tlog
d:\programming\bullet\bullet3-2.88\build3\vs2010\obj\x64\debug\app_physicsserver_sharedmemory\app_phys.641b7ad9.tlog\cl.13204.write.1.tlog
d:\programming\bullet\bullet3-2.88\build3\vs2010\obj\x64\debug\app_physicsserver_sharedmemory\app_phys.641b7ad9.tlog\cl.command.1.tlog
d:\programming\bullet\bullet3-2.88\build3\vs2010\obj\x64\debug\app_physicsserver_sharedmemory\app_phys.641b7ad9.tlog\cl.read.1.tlog
d:\programming\bullet\bullet3-2.88\build3\vs2010\obj\x64\debug\app_physicsserver_sharedmemory\app_phys.641b7ad9.tlog\link.command.1.tlog
d:\programming\bullet\bullet3-2.88\build3\vs2010\obj\x64\debug\app_physicsserver_sharedmemory\app_phys.641b7ad9.tlog\link.delete.1.tlog
d:\programming\bullet\bullet3-2.88\build3\vs2010\obj\x64\debug\app_physicsserver_sharedmemory\app_phys.641b7ad9.tlog\link.read.1.tlog
d:\programming\bullet\bullet3-2.88\build3\vs2010\obj\x64\debug\app_physicsserver_sharedmemory\app_phys.641b7ad9.tlog\link.write.1.tlog
