d:\programming\bullet\bullet3-2.88\build3\vs2010\obj\x64\release\bulletinversedynamicsutils\dillcreator.obj
d:\programming\bullet\bullet3-2.88\build3\vs2010\obj\x64\release\bulletinversedynamicsutils\user2internalindex.obj
d:\programming\bullet\bullet3-2.88\build3\vs2010\obj\x64\release\bulletinversedynamicsutils\clonetreecreator.obj
d:\programming\bullet\bullet3-2.88\build3\vs2010\obj\x64\release\bulletinversedynamicsutils\multibodytreedebuggraph.obj
d:\programming\bullet\bullet3-2.88\build3\vs2010\obj\x64\release\bulletinversedynamicsutils\coilcreator.obj
d:\programming\bullet\bullet3-2.88\build3\vs2010\obj\x64\release\bulletinversedynamicsutils\simpletreecreator.obj
d:\programming\bullet\bullet3-2.88\build3\vs2010\obj\x64\release\bulletinversedynamicsutils\invdyn_bullet_comparison.obj
d:\programming\bullet\bullet3-2.88\build3\vs2010\obj\x64\release\bulletinversedynamicsutils\btmultibodytreecreator.obj
d:\programming\bullet\bullet3-2.88\build3\vs2010\obj\x64\release\bulletinversedynamicsutils\multibodynamemap.obj
d:\programming\bullet\bullet3-2.88\build3\vs2010\obj\x64\release\bulletinversedynamicsutils\multibodytreecreator.obj
d:\programming\bullet\bullet3-2.88\build3\vs2010\obj\x64\release\bulletinversedynamicsutils\idrandomutil.obj
d:\programming\bullet\bullet3-2.88\build3\vs2010\obj\x64\release\bulletinversedynamicsutils\randomtreecreator.obj
d:\programming\bullet\bullet3-2.88\bin\bulletinversedynamicsutils_vs2010_x64_release.lib
d:\programming\bullet\bullet3-2.88\build3\vs2010\..\..\bin\bulletinversedynamicsutils_vs2010_x64_release.lib
d:\programming\bullet\bullet3-2.88\build3\vs2010\obj\x64\release\bulletinversedynamicsutils\bulletin.10dc066a.tlog\cl.10312.write.1.tlog
d:\programming\bullet\bullet3-2.88\build3\vs2010\obj\x64\release\bulletinversedynamicsutils\bulletin.10dc066a.tlog\cl.command.1.tlog
d:\programming\bullet\bullet3-2.88\build3\vs2010\obj\x64\release\bulletinversedynamicsutils\bulletin.10dc066a.tlog\cl.read.1.tlog
d:\programming\bullet\bullet3-2.88\build3\vs2010\obj\x64\release\bulletinversedynamicsutils\bulletin.10dc066a.tlog\lib-link.read.1.tlog
d:\programming\bullet\bullet3-2.88\build3\vs2010\obj\x64\release\bulletinversedynamicsutils\bulletin.10dc066a.tlog\lib-link.write.1.tlog
d:\programming\bullet\bullet3-2.88\build3\vs2010\obj\x64\release\bulletinversedynamicsutils\bulletin.10dc066a.tlog\lib.command.1.tlog
