cl : Command line warning D9002: ignoring unknown option '/arch:SSE2'
cl : Command line warning D9002: ignoring unknown option '/arch:SSE2'
  btMultiBodyTreeCreator.cpp
cl : Command line warning D9002: ignoring unknown option '/arch:SSE2'
  CloneTreeCreator.cpp
cl : Command line warning D9002: ignoring unknown option '/arch:SSE2'
  CoilCreator.cpp
cl : Command line warning D9002: ignoring unknown option '/arch:SSE2'
  DillCreator.cpp
cl : Command line warning D9002: ignoring unknown option '/arch:SSE2'
  IDRandomUtil.cpp
cl : Command line warning D9002: ignoring unknown option '/arch:SSE2'
  invdyn_bullet_comparison.cpp
cl : Command line warning D9002: ignoring unknown option '/arch:SSE2'
  MultiBodyNameMap.cpp
cl : Command line warning D9002: ignoring unknown option '/arch:SSE2'
  MultiBodyTreeCreator.cpp
  MultiBodyTreeDebugGraph.cpp
  RandomTreeCreator.cpp
  SimpleTreeCreator.cpp
  User2InternalIndex.cpp
  BulletInverseDynamicsUtils.vcxproj -> D:\Programming\Bullet\bullet3-2.88\build3\vs2010\..\..\bin\BulletInverseDynamicsUtils_vs2010_x64_release.lib
